{
  "stats": {
    "suites": 1,
    "tests": 14,
    "passes": 14,
    "pending": 0,
    "failures": 0,
    "start": "2017-07-09T18:12:30.884Z",
    "end": "2017-07-09T18:12:31.919Z",
    "duration": 1035,
    "testsRegistered": 14,
    "passPercent": 100,
    "pendingPercent": 0,
    "other": 0,
    "hasOther": false,
    "skipped": 0,
    "hasSkipped": false,
    "passPercentClass": "success",
    "pendingPercentClass": "danger"
  },
  "suites": {
    "title": "",
    "suites": [
      {
        "title": "async模块collection测试，说明：\r\n\r\n  每个方法都有三个参数，async.xxxx(coll,iteratee(item,callback),handler(err,result))\r\n  coll：一个集合，集合中的每个元素作为iteratee的item\r\n  iteratee：处理集合中每一个元素的子函数，集合中的每个元素作为第一个入参，第二个入参是系统的一个回调方法，iteratee向其传入的参数与handler有密切关系\r\n  callback：处理iteratee遍历后的结果，第一个参数为异常，第二个参数为回调结果，回调结果不一定是iteratee中回调方法传入的参数，callback根据主函数的不同特性，不一定会立即执行\r\n\r\n  每个方法都友三种形式:\r\n  xxx：iteratee并行\r\n  xxxLimit：iteratee限制并行个数并行\r\n  xxxSeries：iteratee串行\r\n\r\n  Async提供了很多针对集合的函数，可以简化我们对集合进行异步操作时的步骤。如下：\r\n  forEach：对集合中每个元素进行异步操作\r\n  map：对集合中的每个元素通过异步操作得到另一个值，得到新的集合\r\n  filter：对集合中元素使用异步操作进行筛选，得到符合条件的集合\r\n  reject：与filter相似，只是判断条件时正好相反，得到剩下的元素的集合\r\n  reduce：使用一个初始值同集合中每一个元素进行异步操作，最后得到一个唯一的结果\r\n  detect：得到集合中满足条件的第一个数据\r\n  sortBy：对集合中的数据进行异步操作，再根据值从小到大排序\r\n  some/any：集合中是否有至少一个元素满足条件\r\n  every/all：集合中是否每个元素都满足条件\r\n  concat：对集合中的元素进行异步操作，将结果集合并成一个数组\r\n\r\n",
        "suites": [],
        "tests": [
          {
            "title": "concat【连接】测试：iteratee遍历完所有集合后才会调用handler,每次遍历向callback传入的参数组成一个集合作为handler的result",
            "fullTitle": "async模块collection测试，说明：\r\n\r\n  每个方法都有三个参数，async.xxxx(coll,iteratee(item,callback),handler(err,result))\r\n  coll：一个集合，集合中的每个元素作为iteratee的item\r\n  iteratee：处理集合中每一个元素的子函数，集合中的每个元素作为第一个入参，第二个入参是系统的一个回调方法，iteratee向其传入的参数与handler有密切关系\r\n  callback：处理iteratee遍历后的结果，第一个参数为异常，第二个参数为回调结果，回调结果不一定是iteratee中回调方法传入的参数，callback根据主函数的不同特性，不一定会立即执行\r\n\r\n  每个方法都友三种形式:\r\n  xxx：iteratee并行\r\n  xxxLimit：iteratee限制并行个数并行\r\n  xxxSeries：iteratee串行\r\n\r\n  Async提供了很多针对集合的函数，可以简化我们对集合进行异步操作时的步骤。如下：\r\n  forEach：对集合中每个元素进行异步操作\r\n  map：对集合中的每个元素通过异步操作得到另一个值，得到新的集合\r\n  filter：对集合中元素使用异步操作进行筛选，得到符合条件的集合\r\n  reject：与filter相似，只是判断条件时正好相反，得到剩下的元素的集合\r\n  reduce：使用一个初始值同集合中每一个元素进行异步操作，最后得到一个唯一的结果\r\n  detect：得到集合中满足条件的第一个数据\r\n  sortBy：对集合中的数据进行异步操作，再根据值从小到大排序\r\n  some/any：集合中是否有至少一个元素满足条件\r\n  every/all：集合中是否每个元素都满足条件\r\n  concat：对集合中的元素进行异步操作，将结果集合并成一个数组\r\n\r\n concat【连接】测试：iteratee遍历完所有集合后才会调用handler,每次遍历向callback传入的参数组成一个集合作为handler的result",
            "timedOut": false,
            "duration": 328,
            "state": "passed",
            "speed": "slow",
            "pass": true,
            "fail": false,
            "pending": false,
            "code": "console.log(\"concat begin...\");\nreturn coll.test_concat([1,2,3]).then(function(data,err){\n\texpect(data).to.be.an(\"array\");\n});",
            "err": {},
            "isRoot": false,
            "uuid": "c013f288-00fd-4f46-8a11-f82e4965a5d2",
            "parentUUID": "7f0f2411-12a1-4090-acc7-4e62858a52a1",
            "isHook": false,
            "skipped": false
          },
          {
            "title": "detect【监听】测试：iteratee遍历中返回true时立即调用handler，否则等待遍历完成调用，注：无论handler何时被调用，iteratee都会将coll遍历完成",
            "fullTitle": "async模块collection测试，说明：\r\n\r\n  每个方法都有三个参数，async.xxxx(coll,iteratee(item,callback),handler(err,result))\r\n  coll：一个集合，集合中的每个元素作为iteratee的item\r\n  iteratee：处理集合中每一个元素的子函数，集合中的每个元素作为第一个入参，第二个入参是系统的一个回调方法，iteratee向其传入的参数与handler有密切关系\r\n  callback：处理iteratee遍历后的结果，第一个参数为异常，第二个参数为回调结果，回调结果不一定是iteratee中回调方法传入的参数，callback根据主函数的不同特性，不一定会立即执行\r\n\r\n  每个方法都友三种形式:\r\n  xxx：iteratee并行\r\n  xxxLimit：iteratee限制并行个数并行\r\n  xxxSeries：iteratee串行\r\n\r\n  Async提供了很多针对集合的函数，可以简化我们对集合进行异步操作时的步骤。如下：\r\n  forEach：对集合中每个元素进行异步操作\r\n  map：对集合中的每个元素通过异步操作得到另一个值，得到新的集合\r\n  filter：对集合中元素使用异步操作进行筛选，得到符合条件的集合\r\n  reject：与filter相似，只是判断条件时正好相反，得到剩下的元素的集合\r\n  reduce：使用一个初始值同集合中每一个元素进行异步操作，最后得到一个唯一的结果\r\n  detect：得到集合中满足条件的第一个数据\r\n  sortBy：对集合中的数据进行异步操作，再根据值从小到大排序\r\n  some/any：集合中是否有至少一个元素满足条件\r\n  every/all：集合中是否每个元素都满足条件\r\n  concat：对集合中的元素进行异步操作，将结果集合并成一个数组\r\n\r\n detect【监听】测试：iteratee遍历中返回true时立即调用handler，否则等待遍历完成调用，注：无论handler何时被调用，iteratee都会将coll遍历完成",
            "timedOut": false,
            "duration": 119,
            "state": "passed",
            "speed": "slow",
            "pass": true,
            "fail": false,
            "pending": false,
            "code": "//async.detect(arr,async function(arr) return bool,callback(err,arr[n once bool returns true])) \nconsole.log(\"detect begin...\");\nreturn coll.test_detect([1,2,3]).then(function(data,err){\n\texpect([1,2,3]).to.include(data);\n});",
            "err": {},
            "isRoot": false,
            "uuid": "dce996f8-2c73-422d-9e0b-fdd66ac9f264",
            "parentUUID": "7f0f2411-12a1-4090-acc7-4e62858a52a1",
            "isHook": false,
            "skipped": false
          },
          {
            "title": "each【遍历】测试：iteratee遍历coll,返回异常时调用handler",
            "fullTitle": "async模块collection测试，说明：\r\n\r\n  每个方法都有三个参数，async.xxxx(coll,iteratee(item,callback),handler(err,result))\r\n  coll：一个集合，集合中的每个元素作为iteratee的item\r\n  iteratee：处理集合中每一个元素的子函数，集合中的每个元素作为第一个入参，第二个入参是系统的一个回调方法，iteratee向其传入的参数与handler有密切关系\r\n  callback：处理iteratee遍历后的结果，第一个参数为异常，第二个参数为回调结果，回调结果不一定是iteratee中回调方法传入的参数，callback根据主函数的不同特性，不一定会立即执行\r\n\r\n  每个方法都友三种形式:\r\n  xxx：iteratee并行\r\n  xxxLimit：iteratee限制并行个数并行\r\n  xxxSeries：iteratee串行\r\n\r\n  Async提供了很多针对集合的函数，可以简化我们对集合进行异步操作时的步骤。如下：\r\n  forEach：对集合中每个元素进行异步操作\r\n  map：对集合中的每个元素通过异步操作得到另一个值，得到新的集合\r\n  filter：对集合中元素使用异步操作进行筛选，得到符合条件的集合\r\n  reject：与filter相似，只是判断条件时正好相反，得到剩下的元素的集合\r\n  reduce：使用一个初始值同集合中每一个元素进行异步操作，最后得到一个唯一的结果\r\n  detect：得到集合中满足条件的第一个数据\r\n  sortBy：对集合中的数据进行异步操作，再根据值从小到大排序\r\n  some/any：集合中是否有至少一个元素满足条件\r\n  every/all：集合中是否每个元素都满足条件\r\n  concat：对集合中的元素进行异步操作，将结果集合并成一个数组\r\n\r\n each【遍历】测试：iteratee遍历coll,返回异常时调用handler",
            "timedOut": false,
            "duration": 259,
            "state": "passed",
            "speed": "slow",
            "pass": true,
            "fail": false,
            "pending": false,
            "code": "//async.each(arr,async function(item,callback),funciton(err))\nconsole.log(\"each begin...\");\nreturn coll.test_each([1,2,3]).then(function(data,err){\n\texpect(data).to.be.empty;\n});",
            "err": {},
            "isRoot": false,
            "uuid": "32c52b0b-565c-4ae3-9fbf-ebacdbf817e7",
            "parentUUID": "7f0f2411-12a1-4090-acc7-4e62858a52a1",
            "isHook": false,
            "skipped": false
          },
          {
            "title": "eachOf【索引遍历】测试：iteratee遍历coll,iteratee参数包含index[当前item在coll中的索引],返回异常时调用handler",
            "fullTitle": "async模块collection测试，说明：\r\n\r\n  每个方法都有三个参数，async.xxxx(coll,iteratee(item,callback),handler(err,result))\r\n  coll：一个集合，集合中的每个元素作为iteratee的item\r\n  iteratee：处理集合中每一个元素的子函数，集合中的每个元素作为第一个入参，第二个入参是系统的一个回调方法，iteratee向其传入的参数与handler有密切关系\r\n  callback：处理iteratee遍历后的结果，第一个参数为异常，第二个参数为回调结果，回调结果不一定是iteratee中回调方法传入的参数，callback根据主函数的不同特性，不一定会立即执行\r\n\r\n  每个方法都友三种形式:\r\n  xxx：iteratee并行\r\n  xxxLimit：iteratee限制并行个数并行\r\n  xxxSeries：iteratee串行\r\n\r\n  Async提供了很多针对集合的函数，可以简化我们对集合进行异步操作时的步骤。如下：\r\n  forEach：对集合中每个元素进行异步操作\r\n  map：对集合中的每个元素通过异步操作得到另一个值，得到新的集合\r\n  filter：对集合中元素使用异步操作进行筛选，得到符合条件的集合\r\n  reject：与filter相似，只是判断条件时正好相反，得到剩下的元素的集合\r\n  reduce：使用一个初始值同集合中每一个元素进行异步操作，最后得到一个唯一的结果\r\n  detect：得到集合中满足条件的第一个数据\r\n  sortBy：对集合中的数据进行异步操作，再根据值从小到大排序\r\n  some/any：集合中是否有至少一个元素满足条件\r\n  every/all：集合中是否每个元素都满足条件\r\n  concat：对集合中的元素进行异步操作，将结果集合并成一个数组\r\n\r\n eachOf【索引遍历】测试：iteratee遍历coll,iteratee参数包含index[当前item在coll中的索引],返回异常时调用handler",
            "timedOut": false,
            "duration": 131,
            "state": "passed",
            "speed": "slow",
            "pass": true,
            "fail": false,
            "pending": false,
            "code": "//async.eachOf(arr,async function(item,index,callback),funciton(err))\nconsole.log(\"eachOf begin...\");\nreturn coll.test_eachOf([1,2,3]).then(function(data,err){\n\texpect(data).to.be.empty;\n});",
            "err": {},
            "isRoot": false,
            "uuid": "3326a42f-f3d0-4e23-84ae-9b2a69f17729",
            "parentUUID": "7f0f2411-12a1-4090-acc7-4e62858a52a1",
            "isHook": false,
            "skipped": false
          },
          {
            "title": "every【校验】测试：与detect相反，iteratee遍历中返回false时立即调用handler，否则等待遍历完成调用，注：无论handler何时被调用，iteratee都会将coll遍历完成",
            "fullTitle": "async模块collection测试，说明：\r\n\r\n  每个方法都有三个参数，async.xxxx(coll,iteratee(item,callback),handler(err,result))\r\n  coll：一个集合，集合中的每个元素作为iteratee的item\r\n  iteratee：处理集合中每一个元素的子函数，集合中的每个元素作为第一个入参，第二个入参是系统的一个回调方法，iteratee向其传入的参数与handler有密切关系\r\n  callback：处理iteratee遍历后的结果，第一个参数为异常，第二个参数为回调结果，回调结果不一定是iteratee中回调方法传入的参数，callback根据主函数的不同特性，不一定会立即执行\r\n\r\n  每个方法都友三种形式:\r\n  xxx：iteratee并行\r\n  xxxLimit：iteratee限制并行个数并行\r\n  xxxSeries：iteratee串行\r\n\r\n  Async提供了很多针对集合的函数，可以简化我们对集合进行异步操作时的步骤。如下：\r\n  forEach：对集合中每个元素进行异步操作\r\n  map：对集合中的每个元素通过异步操作得到另一个值，得到新的集合\r\n  filter：对集合中元素使用异步操作进行筛选，得到符合条件的集合\r\n  reject：与filter相似，只是判断条件时正好相反，得到剩下的元素的集合\r\n  reduce：使用一个初始值同集合中每一个元素进行异步操作，最后得到一个唯一的结果\r\n  detect：得到集合中满足条件的第一个数据\r\n  sortBy：对集合中的数据进行异步操作，再根据值从小到大排序\r\n  some/any：集合中是否有至少一个元素满足条件\r\n  every/all：集合中是否每个元素都满足条件\r\n  concat：对集合中的元素进行异步操作，将结果集合并成一个数组\r\n\r\n every【校验】测试：与detect相反，iteratee遍历中返回false时立即调用handler，否则等待遍历完成调用，注：无论handler何时被调用，iteratee都会将coll遍历完成",
            "timedOut": false,
            "duration": 123,
            "state": "passed",
            "speed": "slow",
            "pass": true,
            "fail": false,
            "pending": false,
            "code": "//async.every(arr,async function(item,callback),funciton(err,result[called immediatly if callback return false])\nconsole.log(\"every begin...\");\nreturn coll.test_every([0,2,3]).then(function(data,err){\n\t// data value:\n\t// all pass =>true\n\t// one fail =>false immediatly\n\texpect(data).to.not.be.ok;\n});",
            "err": {},
            "isRoot": false,
            "uuid": "8f3d11ba-fb42-4384-988f-5fd21485d1cb",
            "parentUUID": "7f0f2411-12a1-4090-acc7-4e62858a52a1",
            "isHook": false,
            "skipped": false
          },
          {
            "title": "filter【过滤】测试：过滤掉coll在iteratee中返回false的item，过滤后的coll作为handler的result",
            "fullTitle": "async模块collection测试，说明：\r\n\r\n  每个方法都有三个参数，async.xxxx(coll,iteratee(item,callback),handler(err,result))\r\n  coll：一个集合，集合中的每个元素作为iteratee的item\r\n  iteratee：处理集合中每一个元素的子函数，集合中的每个元素作为第一个入参，第二个入参是系统的一个回调方法，iteratee向其传入的参数与handler有密切关系\r\n  callback：处理iteratee遍历后的结果，第一个参数为异常，第二个参数为回调结果，回调结果不一定是iteratee中回调方法传入的参数，callback根据主函数的不同特性，不一定会立即执行\r\n\r\n  每个方法都友三种形式:\r\n  xxx：iteratee并行\r\n  xxxLimit：iteratee限制并行个数并行\r\n  xxxSeries：iteratee串行\r\n\r\n  Async提供了很多针对集合的函数，可以简化我们对集合进行异步操作时的步骤。如下：\r\n  forEach：对集合中每个元素进行异步操作\r\n  map：对集合中的每个元素通过异步操作得到另一个值，得到新的集合\r\n  filter：对集合中元素使用异步操作进行筛选，得到符合条件的集合\r\n  reject：与filter相似，只是判断条件时正好相反，得到剩下的元素的集合\r\n  reduce：使用一个初始值同集合中每一个元素进行异步操作，最后得到一个唯一的结果\r\n  detect：得到集合中满足条件的第一个数据\r\n  sortBy：对集合中的数据进行异步操作，再根据值从小到大排序\r\n  some/any：集合中是否有至少一个元素满足条件\r\n  every/all：集合中是否每个元素都满足条件\r\n  concat：对集合中的元素进行异步操作，将结果集合并成一个数组\r\n\r\n filter【过滤】测试：过滤掉coll在iteratee中返回false的item，过滤后的coll作为handler的result",
            "timedOut": false,
            "duration": 2,
            "state": "passed",
            "speed": "fast",
            "pass": true,
            "fail": false,
            "pending": false,
            "code": "console.log(\"filter begin...\");",
            "err": {},
            "isRoot": false,
            "uuid": "dccd938b-b575-45c9-bee8-fafd112dfa03",
            "parentUUID": "7f0f2411-12a1-4090-acc7-4e62858a52a1",
            "isHook": false,
            "skipped": false
          },
          {
            "title": "groupBy【分组】测试：对coll进行分组，iteratee中返回的值作为key，coll中相同key的item集合作为value，分组后的集合作为handler的result",
            "fullTitle": "async模块collection测试，说明：\r\n\r\n  每个方法都有三个参数，async.xxxx(coll,iteratee(item,callback),handler(err,result))\r\n  coll：一个集合，集合中的每个元素作为iteratee的item\r\n  iteratee：处理集合中每一个元素的子函数，集合中的每个元素作为第一个入参，第二个入参是系统的一个回调方法，iteratee向其传入的参数与handler有密切关系\r\n  callback：处理iteratee遍历后的结果，第一个参数为异常，第二个参数为回调结果，回调结果不一定是iteratee中回调方法传入的参数，callback根据主函数的不同特性，不一定会立即执行\r\n\r\n  每个方法都友三种形式:\r\n  xxx：iteratee并行\r\n  xxxLimit：iteratee限制并行个数并行\r\n  xxxSeries：iteratee串行\r\n\r\n  Async提供了很多针对集合的函数，可以简化我们对集合进行异步操作时的步骤。如下：\r\n  forEach：对集合中每个元素进行异步操作\r\n  map：对集合中的每个元素通过异步操作得到另一个值，得到新的集合\r\n  filter：对集合中元素使用异步操作进行筛选，得到符合条件的集合\r\n  reject：与filter相似，只是判断条件时正好相反，得到剩下的元素的集合\r\n  reduce：使用一个初始值同集合中每一个元素进行异步操作，最后得到一个唯一的结果\r\n  detect：得到集合中满足条件的第一个数据\r\n  sortBy：对集合中的数据进行异步操作，再根据值从小到大排序\r\n  some/any：集合中是否有至少一个元素满足条件\r\n  every/all：集合中是否每个元素都满足条件\r\n  concat：对集合中的元素进行异步操作，将结果集合并成一个数组\r\n\r\n groupBy【分组】测试：对coll进行分组，iteratee中返回的值作为key，coll中相同key的item集合作为value，分组后的集合作为handler的result",
            "timedOut": false,
            "duration": 2,
            "state": "passed",
            "speed": "fast",
            "pass": true,
            "fail": false,
            "pending": false,
            "code": "console.log(\"groupBy begin...\");",
            "err": {},
            "isRoot": false,
            "uuid": "dee95fa8-d5e4-44e2-a68e-56acd0bd7abd",
            "parentUUID": "7f0f2411-12a1-4090-acc7-4e62858a52a1",
            "isHook": false,
            "skipped": false
          },
          {
            "title": "map【映射】测试：iteratee中对coll中的item进行处理，返回一个新的数组，若抛出异常handler立即执行",
            "fullTitle": "async模块collection测试，说明：\r\n\r\n  每个方法都有三个参数，async.xxxx(coll,iteratee(item,callback),handler(err,result))\r\n  coll：一个集合，集合中的每个元素作为iteratee的item\r\n  iteratee：处理集合中每一个元素的子函数，集合中的每个元素作为第一个入参，第二个入参是系统的一个回调方法，iteratee向其传入的参数与handler有密切关系\r\n  callback：处理iteratee遍历后的结果，第一个参数为异常，第二个参数为回调结果，回调结果不一定是iteratee中回调方法传入的参数，callback根据主函数的不同特性，不一定会立即执行\r\n\r\n  每个方法都友三种形式:\r\n  xxx：iteratee并行\r\n  xxxLimit：iteratee限制并行个数并行\r\n  xxxSeries：iteratee串行\r\n\r\n  Async提供了很多针对集合的函数，可以简化我们对集合进行异步操作时的步骤。如下：\r\n  forEach：对集合中每个元素进行异步操作\r\n  map：对集合中的每个元素通过异步操作得到另一个值，得到新的集合\r\n  filter：对集合中元素使用异步操作进行筛选，得到符合条件的集合\r\n  reject：与filter相似，只是判断条件时正好相反，得到剩下的元素的集合\r\n  reduce：使用一个初始值同集合中每一个元素进行异步操作，最后得到一个唯一的结果\r\n  detect：得到集合中满足条件的第一个数据\r\n  sortBy：对集合中的数据进行异步操作，再根据值从小到大排序\r\n  some/any：集合中是否有至少一个元素满足条件\r\n  every/all：集合中是否每个元素都满足条件\r\n  concat：对集合中的元素进行异步操作，将结果集合并成一个数组\r\n\r\n map【映射】测试：iteratee中对coll中的item进行处理，返回一个新的数组，若抛出异常handler立即执行",
            "timedOut": false,
            "duration": 0,
            "state": "passed",
            "speed": "fast",
            "pass": true,
            "fail": false,
            "pending": false,
            "code": "console.log(\"map begin...\");",
            "err": {},
            "isRoot": false,
            "uuid": "5ec4ba7f-2289-4a6e-a82a-b66e8f0f908e",
            "parentUUID": "7f0f2411-12a1-4090-acc7-4e62858a52a1",
            "isHook": false,
            "skipped": false
          },
          {
            "title": "mapValues【对象值映射】测试：与map类似，coll为map，iteratee中对coll中的item.value进行处理，返回一个新的对象{item.key,newVlaue}，分组后的集合作为handler的result",
            "fullTitle": "async模块collection测试，说明：\r\n\r\n  每个方法都有三个参数，async.xxxx(coll,iteratee(item,callback),handler(err,result))\r\n  coll：一个集合，集合中的每个元素作为iteratee的item\r\n  iteratee：处理集合中每一个元素的子函数，集合中的每个元素作为第一个入参，第二个入参是系统的一个回调方法，iteratee向其传入的参数与handler有密切关系\r\n  callback：处理iteratee遍历后的结果，第一个参数为异常，第二个参数为回调结果，回调结果不一定是iteratee中回调方法传入的参数，callback根据主函数的不同特性，不一定会立即执行\r\n\r\n  每个方法都友三种形式:\r\n  xxx：iteratee并行\r\n  xxxLimit：iteratee限制并行个数并行\r\n  xxxSeries：iteratee串行\r\n\r\n  Async提供了很多针对集合的函数，可以简化我们对集合进行异步操作时的步骤。如下：\r\n  forEach：对集合中每个元素进行异步操作\r\n  map：对集合中的每个元素通过异步操作得到另一个值，得到新的集合\r\n  filter：对集合中元素使用异步操作进行筛选，得到符合条件的集合\r\n  reject：与filter相似，只是判断条件时正好相反，得到剩下的元素的集合\r\n  reduce：使用一个初始值同集合中每一个元素进行异步操作，最后得到一个唯一的结果\r\n  detect：得到集合中满足条件的第一个数据\r\n  sortBy：对集合中的数据进行异步操作，再根据值从小到大排序\r\n  some/any：集合中是否有至少一个元素满足条件\r\n  every/all：集合中是否每个元素都满足条件\r\n  concat：对集合中的元素进行异步操作，将结果集合并成一个数组\r\n\r\n mapValues【对象值映射】测试：与map类似，coll为map，iteratee中对coll中的item.value进行处理，返回一个新的对象{item.key,newVlaue}，分组后的集合作为handler的result",
            "timedOut": false,
            "duration": 1,
            "state": "passed",
            "speed": "fast",
            "pass": true,
            "fail": false,
            "pending": false,
            "code": "console.log(\"mapValues begin...\");",
            "err": {},
            "isRoot": false,
            "uuid": "3bf23192-e7e9-43be-9ea7-fa0a3484683e",
            "parentUUID": "7f0f2411-12a1-4090-acc7-4e62858a52a1",
            "isHook": false,
            "skipped": false
          },
          {
            "title": "reject【排斥】测试：与filter相反，排斥coll在iteratee中返回true的item，排斥后的coll作为handler的result",
            "fullTitle": "async模块collection测试，说明：\r\n\r\n  每个方法都有三个参数，async.xxxx(coll,iteratee(item,callback),handler(err,result))\r\n  coll：一个集合，集合中的每个元素作为iteratee的item\r\n  iteratee：处理集合中每一个元素的子函数，集合中的每个元素作为第一个入参，第二个入参是系统的一个回调方法，iteratee向其传入的参数与handler有密切关系\r\n  callback：处理iteratee遍历后的结果，第一个参数为异常，第二个参数为回调结果，回调结果不一定是iteratee中回调方法传入的参数，callback根据主函数的不同特性，不一定会立即执行\r\n\r\n  每个方法都友三种形式:\r\n  xxx：iteratee并行\r\n  xxxLimit：iteratee限制并行个数并行\r\n  xxxSeries：iteratee串行\r\n\r\n  Async提供了很多针对集合的函数，可以简化我们对集合进行异步操作时的步骤。如下：\r\n  forEach：对集合中每个元素进行异步操作\r\n  map：对集合中的每个元素通过异步操作得到另一个值，得到新的集合\r\n  filter：对集合中元素使用异步操作进行筛选，得到符合条件的集合\r\n  reject：与filter相似，只是判断条件时正好相反，得到剩下的元素的集合\r\n  reduce：使用一个初始值同集合中每一个元素进行异步操作，最后得到一个唯一的结果\r\n  detect：得到集合中满足条件的第一个数据\r\n  sortBy：对集合中的数据进行异步操作，再根据值从小到大排序\r\n  some/any：集合中是否有至少一个元素满足条件\r\n  every/all：集合中是否每个元素都满足条件\r\n  concat：对集合中的元素进行异步操作，将结果集合并成一个数组\r\n\r\n reject【排斥】测试：与filter相反，排斥coll在iteratee中返回true的item，排斥后的coll作为handler的result",
            "timedOut": false,
            "duration": 0,
            "state": "passed",
            "speed": "fast",
            "pass": true,
            "fail": false,
            "pending": false,
            "code": "console.log(\"reject begin...\");",
            "err": {},
            "isRoot": false,
            "uuid": "5c050ecd-5e01-4fe2-85ae-34279cc19c0c",
            "parentUUID": "7f0f2411-12a1-4090-acc7-4e62858a52a1",
            "isHook": false,
            "skipped": false
          },
          {
            "title": "some/any【任意】测试：与detect相同，当集合中是否有至少一个元素满足条件时，最终callback得到的值为true",
            "fullTitle": "async模块collection测试，说明：\r\n\r\n  每个方法都有三个参数，async.xxxx(coll,iteratee(item,callback),handler(err,result))\r\n  coll：一个集合，集合中的每个元素作为iteratee的item\r\n  iteratee：处理集合中每一个元素的子函数，集合中的每个元素作为第一个入参，第二个入参是系统的一个回调方法，iteratee向其传入的参数与handler有密切关系\r\n  callback：处理iteratee遍历后的结果，第一个参数为异常，第二个参数为回调结果，回调结果不一定是iteratee中回调方法传入的参数，callback根据主函数的不同特性，不一定会立即执行\r\n\r\n  每个方法都友三种形式:\r\n  xxx：iteratee并行\r\n  xxxLimit：iteratee限制并行个数并行\r\n  xxxSeries：iteratee串行\r\n\r\n  Async提供了很多针对集合的函数，可以简化我们对集合进行异步操作时的步骤。如下：\r\n  forEach：对集合中每个元素进行异步操作\r\n  map：对集合中的每个元素通过异步操作得到另一个值，得到新的集合\r\n  filter：对集合中元素使用异步操作进行筛选，得到符合条件的集合\r\n  reject：与filter相似，只是判断条件时正好相反，得到剩下的元素的集合\r\n  reduce：使用一个初始值同集合中每一个元素进行异步操作，最后得到一个唯一的结果\r\n  detect：得到集合中满足条件的第一个数据\r\n  sortBy：对集合中的数据进行异步操作，再根据值从小到大排序\r\n  some/any：集合中是否有至少一个元素满足条件\r\n  every/all：集合中是否每个元素都满足条件\r\n  concat：对集合中的元素进行异步操作，将结果集合并成一个数组\r\n\r\n some/any【任意】测试：与detect相同，当集合中是否有至少一个元素满足条件时，最终callback得到的值为true",
            "timedOut": false,
            "duration": 3,
            "state": "passed",
            "speed": "fast",
            "pass": true,
            "fail": false,
            "pending": false,
            "code": "console.log(\"some begin...\");",
            "err": {},
            "isRoot": false,
            "uuid": "a6395086-0c40-492b-a361-aa52bc022f4f",
            "parentUUID": "7f0f2411-12a1-4090-acc7-4e62858a52a1",
            "isHook": false,
            "skipped": false
          },
          {
            "title": "reduce/reduceRight【换算】测试：给定一个初始值，对集合中的元素做换算，返回换算后的值，如抛出错误停止循环立即执行handler，注：reduce执行方式为串行,默认从左到右,reduceRight从右到左",
            "fullTitle": "async模块collection测试，说明：\r\n\r\n  每个方法都有三个参数，async.xxxx(coll,iteratee(item,callback),handler(err,result))\r\n  coll：一个集合，集合中的每个元素作为iteratee的item\r\n  iteratee：处理集合中每一个元素的子函数，集合中的每个元素作为第一个入参，第二个入参是系统的一个回调方法，iteratee向其传入的参数与handler有密切关系\r\n  callback：处理iteratee遍历后的结果，第一个参数为异常，第二个参数为回调结果，回调结果不一定是iteratee中回调方法传入的参数，callback根据主函数的不同特性，不一定会立即执行\r\n\r\n  每个方法都友三种形式:\r\n  xxx：iteratee并行\r\n  xxxLimit：iteratee限制并行个数并行\r\n  xxxSeries：iteratee串行\r\n\r\n  Async提供了很多针对集合的函数，可以简化我们对集合进行异步操作时的步骤。如下：\r\n  forEach：对集合中每个元素进行异步操作\r\n  map：对集合中的每个元素通过异步操作得到另一个值，得到新的集合\r\n  filter：对集合中元素使用异步操作进行筛选，得到符合条件的集合\r\n  reject：与filter相似，只是判断条件时正好相反，得到剩下的元素的集合\r\n  reduce：使用一个初始值同集合中每一个元素进行异步操作，最后得到一个唯一的结果\r\n  detect：得到集合中满足条件的第一个数据\r\n  sortBy：对集合中的数据进行异步操作，再根据值从小到大排序\r\n  some/any：集合中是否有至少一个元素满足条件\r\n  every/all：集合中是否每个元素都满足条件\r\n  concat：对集合中的元素进行异步操作，将结果集合并成一个数组\r\n\r\n reduce/reduceRight【换算】测试：给定一个初始值，对集合中的元素做换算，返回换算后的值，如抛出错误停止循环立即执行handler，注：reduce执行方式为串行,默认从左到右,reduceRight从右到左",
            "timedOut": false,
            "duration": 0,
            "state": "passed",
            "speed": "fast",
            "pass": true,
            "fail": false,
            "pending": false,
            "code": "console.log(\"reduce begin...\");",
            "err": {},
            "isRoot": false,
            "uuid": "7734f21c-3f2e-41d8-9501-59efe11a826d",
            "parentUUID": "7f0f2411-12a1-4090-acc7-4e62858a52a1",
            "isHook": false,
            "skipped": false
          },
          {
            "title": "sortBy【排序】测试：对coll根据返回值进行排序，handler的result为排序后的集合",
            "fullTitle": "async模块collection测试，说明：\r\n\r\n  每个方法都有三个参数，async.xxxx(coll,iteratee(item,callback),handler(err,result))\r\n  coll：一个集合，集合中的每个元素作为iteratee的item\r\n  iteratee：处理集合中每一个元素的子函数，集合中的每个元素作为第一个入参，第二个入参是系统的一个回调方法，iteratee向其传入的参数与handler有密切关系\r\n  callback：处理iteratee遍历后的结果，第一个参数为异常，第二个参数为回调结果，回调结果不一定是iteratee中回调方法传入的参数，callback根据主函数的不同特性，不一定会立即执行\r\n\r\n  每个方法都友三种形式:\r\n  xxx：iteratee并行\r\n  xxxLimit：iteratee限制并行个数并行\r\n  xxxSeries：iteratee串行\r\n\r\n  Async提供了很多针对集合的函数，可以简化我们对集合进行异步操作时的步骤。如下：\r\n  forEach：对集合中每个元素进行异步操作\r\n  map：对集合中的每个元素通过异步操作得到另一个值，得到新的集合\r\n  filter：对集合中元素使用异步操作进行筛选，得到符合条件的集合\r\n  reject：与filter相似，只是判断条件时正好相反，得到剩下的元素的集合\r\n  reduce：使用一个初始值同集合中每一个元素进行异步操作，最后得到一个唯一的结果\r\n  detect：得到集合中满足条件的第一个数据\r\n  sortBy：对集合中的数据进行异步操作，再根据值从小到大排序\r\n  some/any：集合中是否有至少一个元素满足条件\r\n  every/all：集合中是否每个元素都满足条件\r\n  concat：对集合中的元素进行异步操作，将结果集合并成一个数组\r\n\r\n sortBy【排序】测试：对coll根据返回值进行排序，handler的result为排序后的集合",
            "timedOut": false,
            "duration": 0,
            "state": "passed",
            "speed": "fast",
            "pass": true,
            "fail": false,
            "pending": false,
            "code": "console.log(\"sortBy begin...\");",
            "err": {},
            "isRoot": false,
            "uuid": "1ea85cf9-7fd6-42de-91bd-47639807f980",
            "parentUUID": "7f0f2411-12a1-4090-acc7-4e62858a52a1",
            "isHook": false,
            "skipped": false
          },
          {
            "title": "transform【轉化】测试：与reduce类似，给定一个初始容器，返回转换后的容器，如抛出错误停止循环立即执行handler",
            "fullTitle": "async模块collection测试，说明：\r\n\r\n  每个方法都有三个参数，async.xxxx(coll,iteratee(item,callback),handler(err,result))\r\n  coll：一个集合，集合中的每个元素作为iteratee的item\r\n  iteratee：处理集合中每一个元素的子函数，集合中的每个元素作为第一个入参，第二个入参是系统的一个回调方法，iteratee向其传入的参数与handler有密切关系\r\n  callback：处理iteratee遍历后的结果，第一个参数为异常，第二个参数为回调结果，回调结果不一定是iteratee中回调方法传入的参数，callback根据主函数的不同特性，不一定会立即执行\r\n\r\n  每个方法都友三种形式:\r\n  xxx：iteratee并行\r\n  xxxLimit：iteratee限制并行个数并行\r\n  xxxSeries：iteratee串行\r\n\r\n  Async提供了很多针对集合的函数，可以简化我们对集合进行异步操作时的步骤。如下：\r\n  forEach：对集合中每个元素进行异步操作\r\n  map：对集合中的每个元素通过异步操作得到另一个值，得到新的集合\r\n  filter：对集合中元素使用异步操作进行筛选，得到符合条件的集合\r\n  reject：与filter相似，只是判断条件时正好相反，得到剩下的元素的集合\r\n  reduce：使用一个初始值同集合中每一个元素进行异步操作，最后得到一个唯一的结果\r\n  detect：得到集合中满足条件的第一个数据\r\n  sortBy：对集合中的数据进行异步操作，再根据值从小到大排序\r\n  some/any：集合中是否有至少一个元素满足条件\r\n  every/all：集合中是否每个元素都满足条件\r\n  concat：对集合中的元素进行异步操作，将结果集合并成一个数组\r\n\r\n transform【轉化】测试：与reduce类似，给定一个初始容器，返回转换后的容器，如抛出错误停止循环立即执行handler",
            "timedOut": false,
            "duration": 1,
            "state": "passed",
            "speed": "fast",
            "pass": true,
            "fail": false,
            "pending": false,
            "code": "console.log(\"transform begin...\");",
            "err": {},
            "isRoot": false,
            "uuid": "2e47812e-eea9-4f75-a457-c9380937f569",
            "parentUUID": "7f0f2411-12a1-4090-acc7-4e62858a52a1",
            "isHook": false,
            "skipped": false
          }
        ],
        "pending": [],
        "root": false,
        "_timeout": 2000,
        "file": "\\test\\coll.test.js",
        "uuid": "7f0f2411-12a1-4090-acc7-4e62858a52a1",
        "beforeHooks": [],
        "afterHooks": [],
        "fullFile": "D:\\coding\\git_repository\\utils\\async_demo\\test\\coll.test.js",
        "passes": [
          {
            "title": "concat【连接】测试：iteratee遍历完所有集合后才会调用handler,每次遍历向callback传入的参数组成一个集合作为handler的result",
            "fullTitle": "async模块collection测试，说明：\r\n\r\n  每个方法都有三个参数，async.xxxx(coll,iteratee(item,callback),handler(err,result))\r\n  coll：一个集合，集合中的每个元素作为iteratee的item\r\n  iteratee：处理集合中每一个元素的子函数，集合中的每个元素作为第一个入参，第二个入参是系统的一个回调方法，iteratee向其传入的参数与handler有密切关系\r\n  callback：处理iteratee遍历后的结果，第一个参数为异常，第二个参数为回调结果，回调结果不一定是iteratee中回调方法传入的参数，callback根据主函数的不同特性，不一定会立即执行\r\n\r\n  每个方法都友三种形式:\r\n  xxx：iteratee并行\r\n  xxxLimit：iteratee限制并行个数并行\r\n  xxxSeries：iteratee串行\r\n\r\n  Async提供了很多针对集合的函数，可以简化我们对集合进行异步操作时的步骤。如下：\r\n  forEach：对集合中每个元素进行异步操作\r\n  map：对集合中的每个元素通过异步操作得到另一个值，得到新的集合\r\n  filter：对集合中元素使用异步操作进行筛选，得到符合条件的集合\r\n  reject：与filter相似，只是判断条件时正好相反，得到剩下的元素的集合\r\n  reduce：使用一个初始值同集合中每一个元素进行异步操作，最后得到一个唯一的结果\r\n  detect：得到集合中满足条件的第一个数据\r\n  sortBy：对集合中的数据进行异步操作，再根据值从小到大排序\r\n  some/any：集合中是否有至少一个元素满足条件\r\n  every/all：集合中是否每个元素都满足条件\r\n  concat：对集合中的元素进行异步操作，将结果集合并成一个数组\r\n\r\n concat【连接】测试：iteratee遍历完所有集合后才会调用handler,每次遍历向callback传入的参数组成一个集合作为handler的result",
            "timedOut": false,
            "duration": 328,
            "state": "passed",
            "speed": "slow",
            "pass": true,
            "fail": false,
            "pending": false,
            "code": "console.log(\"concat begin...\");\nreturn coll.test_concat([1,2,3]).then(function(data,err){\n\texpect(data).to.be.an(\"array\");\n});",
            "err": {},
            "isRoot": false,
            "uuid": "c013f288-00fd-4f46-8a11-f82e4965a5d2",
            "parentUUID": "7f0f2411-12a1-4090-acc7-4e62858a52a1",
            "isHook": false,
            "skipped": false
          },
          {
            "title": "detect【监听】测试：iteratee遍历中返回true时立即调用handler，否则等待遍历完成调用，注：无论handler何时被调用，iteratee都会将coll遍历完成",
            "fullTitle": "async模块collection测试，说明：\r\n\r\n  每个方法都有三个参数，async.xxxx(coll,iteratee(item,callback),handler(err,result))\r\n  coll：一个集合，集合中的每个元素作为iteratee的item\r\n  iteratee：处理集合中每一个元素的子函数，集合中的每个元素作为第一个入参，第二个入参是系统的一个回调方法，iteratee向其传入的参数与handler有密切关系\r\n  callback：处理iteratee遍历后的结果，第一个参数为异常，第二个参数为回调结果，回调结果不一定是iteratee中回调方法传入的参数，callback根据主函数的不同特性，不一定会立即执行\r\n\r\n  每个方法都友三种形式:\r\n  xxx：iteratee并行\r\n  xxxLimit：iteratee限制并行个数并行\r\n  xxxSeries：iteratee串行\r\n\r\n  Async提供了很多针对集合的函数，可以简化我们对集合进行异步操作时的步骤。如下：\r\n  forEach：对集合中每个元素进行异步操作\r\n  map：对集合中的每个元素通过异步操作得到另一个值，得到新的集合\r\n  filter：对集合中元素使用异步操作进行筛选，得到符合条件的集合\r\n  reject：与filter相似，只是判断条件时正好相反，得到剩下的元素的集合\r\n  reduce：使用一个初始值同集合中每一个元素进行异步操作，最后得到一个唯一的结果\r\n  detect：得到集合中满足条件的第一个数据\r\n  sortBy：对集合中的数据进行异步操作，再根据值从小到大排序\r\n  some/any：集合中是否有至少一个元素满足条件\r\n  every/all：集合中是否每个元素都满足条件\r\n  concat：对集合中的元素进行异步操作，将结果集合并成一个数组\r\n\r\n detect【监听】测试：iteratee遍历中返回true时立即调用handler，否则等待遍历完成调用，注：无论handler何时被调用，iteratee都会将coll遍历完成",
            "timedOut": false,
            "duration": 119,
            "state": "passed",
            "speed": "slow",
            "pass": true,
            "fail": false,
            "pending": false,
            "code": "//async.detect(arr,async function(arr) return bool,callback(err,arr[n once bool returns true])) \nconsole.log(\"detect begin...\");\nreturn coll.test_detect([1,2,3]).then(function(data,err){\n\texpect([1,2,3]).to.include(data);\n});",
            "err": {},
            "isRoot": false,
            "uuid": "dce996f8-2c73-422d-9e0b-fdd66ac9f264",
            "parentUUID": "7f0f2411-12a1-4090-acc7-4e62858a52a1",
            "isHook": false,
            "skipped": false
          },
          {
            "title": "each【遍历】测试：iteratee遍历coll,返回异常时调用handler",
            "fullTitle": "async模块collection测试，说明：\r\n\r\n  每个方法都有三个参数，async.xxxx(coll,iteratee(item,callback),handler(err,result))\r\n  coll：一个集合，集合中的每个元素作为iteratee的item\r\n  iteratee：处理集合中每一个元素的子函数，集合中的每个元素作为第一个入参，第二个入参是系统的一个回调方法，iteratee向其传入的参数与handler有密切关系\r\n  callback：处理iteratee遍历后的结果，第一个参数为异常，第二个参数为回调结果，回调结果不一定是iteratee中回调方法传入的参数，callback根据主函数的不同特性，不一定会立即执行\r\n\r\n  每个方法都友三种形式:\r\n  xxx：iteratee并行\r\n  xxxLimit：iteratee限制并行个数并行\r\n  xxxSeries：iteratee串行\r\n\r\n  Async提供了很多针对集合的函数，可以简化我们对集合进行异步操作时的步骤。如下：\r\n  forEach：对集合中每个元素进行异步操作\r\n  map：对集合中的每个元素通过异步操作得到另一个值，得到新的集合\r\n  filter：对集合中元素使用异步操作进行筛选，得到符合条件的集合\r\n  reject：与filter相似，只是判断条件时正好相反，得到剩下的元素的集合\r\n  reduce：使用一个初始值同集合中每一个元素进行异步操作，最后得到一个唯一的结果\r\n  detect：得到集合中满足条件的第一个数据\r\n  sortBy：对集合中的数据进行异步操作，再根据值从小到大排序\r\n  some/any：集合中是否有至少一个元素满足条件\r\n  every/all：集合中是否每个元素都满足条件\r\n  concat：对集合中的元素进行异步操作，将结果集合并成一个数组\r\n\r\n each【遍历】测试：iteratee遍历coll,返回异常时调用handler",
            "timedOut": false,
            "duration": 259,
            "state": "passed",
            "speed": "slow",
            "pass": true,
            "fail": false,
            "pending": false,
            "code": "//async.each(arr,async function(item,callback),funciton(err))\nconsole.log(\"each begin...\");\nreturn coll.test_each([1,2,3]).then(function(data,err){\n\texpect(data).to.be.empty;\n});",
            "err": {},
            "isRoot": false,
            "uuid": "32c52b0b-565c-4ae3-9fbf-ebacdbf817e7",
            "parentUUID": "7f0f2411-12a1-4090-acc7-4e62858a52a1",
            "isHook": false,
            "skipped": false
          },
          {
            "title": "eachOf【索引遍历】测试：iteratee遍历coll,iteratee参数包含index[当前item在coll中的索引],返回异常时调用handler",
            "fullTitle": "async模块collection测试，说明：\r\n\r\n  每个方法都有三个参数，async.xxxx(coll,iteratee(item,callback),handler(err,result))\r\n  coll：一个集合，集合中的每个元素作为iteratee的item\r\n  iteratee：处理集合中每一个元素的子函数，集合中的每个元素作为第一个入参，第二个入参是系统的一个回调方法，iteratee向其传入的参数与handler有密切关系\r\n  callback：处理iteratee遍历后的结果，第一个参数为异常，第二个参数为回调结果，回调结果不一定是iteratee中回调方法传入的参数，callback根据主函数的不同特性，不一定会立即执行\r\n\r\n  每个方法都友三种形式:\r\n  xxx：iteratee并行\r\n  xxxLimit：iteratee限制并行个数并行\r\n  xxxSeries：iteratee串行\r\n\r\n  Async提供了很多针对集合的函数，可以简化我们对集合进行异步操作时的步骤。如下：\r\n  forEach：对集合中每个元素进行异步操作\r\n  map：对集合中的每个元素通过异步操作得到另一个值，得到新的集合\r\n  filter：对集合中元素使用异步操作进行筛选，得到符合条件的集合\r\n  reject：与filter相似，只是判断条件时正好相反，得到剩下的元素的集合\r\n  reduce：使用一个初始值同集合中每一个元素进行异步操作，最后得到一个唯一的结果\r\n  detect：得到集合中满足条件的第一个数据\r\n  sortBy：对集合中的数据进行异步操作，再根据值从小到大排序\r\n  some/any：集合中是否有至少一个元素满足条件\r\n  every/all：集合中是否每个元素都满足条件\r\n  concat：对集合中的元素进行异步操作，将结果集合并成一个数组\r\n\r\n eachOf【索引遍历】测试：iteratee遍历coll,iteratee参数包含index[当前item在coll中的索引],返回异常时调用handler",
            "timedOut": false,
            "duration": 131,
            "state": "passed",
            "speed": "slow",
            "pass": true,
            "fail": false,
            "pending": false,
            "code": "//async.eachOf(arr,async function(item,index,callback),funciton(err))\nconsole.log(\"eachOf begin...\");\nreturn coll.test_eachOf([1,2,3]).then(function(data,err){\n\texpect(data).to.be.empty;\n});",
            "err": {},
            "isRoot": false,
            "uuid": "3326a42f-f3d0-4e23-84ae-9b2a69f17729",
            "parentUUID": "7f0f2411-12a1-4090-acc7-4e62858a52a1",
            "isHook": false,
            "skipped": false
          },
          {
            "title": "every【校验】测试：与detect相反，iteratee遍历中返回false时立即调用handler，否则等待遍历完成调用，注：无论handler何时被调用，iteratee都会将coll遍历完成",
            "fullTitle": "async模块collection测试，说明：\r\n\r\n  每个方法都有三个参数，async.xxxx(coll,iteratee(item,callback),handler(err,result))\r\n  coll：一个集合，集合中的每个元素作为iteratee的item\r\n  iteratee：处理集合中每一个元素的子函数，集合中的每个元素作为第一个入参，第二个入参是系统的一个回调方法，iteratee向其传入的参数与handler有密切关系\r\n  callback：处理iteratee遍历后的结果，第一个参数为异常，第二个参数为回调结果，回调结果不一定是iteratee中回调方法传入的参数，callback根据主函数的不同特性，不一定会立即执行\r\n\r\n  每个方法都友三种形式:\r\n  xxx：iteratee并行\r\n  xxxLimit：iteratee限制并行个数并行\r\n  xxxSeries：iteratee串行\r\n\r\n  Async提供了很多针对集合的函数，可以简化我们对集合进行异步操作时的步骤。如下：\r\n  forEach：对集合中每个元素进行异步操作\r\n  map：对集合中的每个元素通过异步操作得到另一个值，得到新的集合\r\n  filter：对集合中元素使用异步操作进行筛选，得到符合条件的集合\r\n  reject：与filter相似，只是判断条件时正好相反，得到剩下的元素的集合\r\n  reduce：使用一个初始值同集合中每一个元素进行异步操作，最后得到一个唯一的结果\r\n  detect：得到集合中满足条件的第一个数据\r\n  sortBy：对集合中的数据进行异步操作，再根据值从小到大排序\r\n  some/any：集合中是否有至少一个元素满足条件\r\n  every/all：集合中是否每个元素都满足条件\r\n  concat：对集合中的元素进行异步操作，将结果集合并成一个数组\r\n\r\n every【校验】测试：与detect相反，iteratee遍历中返回false时立即调用handler，否则等待遍历完成调用，注：无论handler何时被调用，iteratee都会将coll遍历完成",
            "timedOut": false,
            "duration": 123,
            "state": "passed",
            "speed": "slow",
            "pass": true,
            "fail": false,
            "pending": false,
            "code": "//async.every(arr,async function(item,callback),funciton(err,result[called immediatly if callback return false])\nconsole.log(\"every begin...\");\nreturn coll.test_every([0,2,3]).then(function(data,err){\n\t// data value:\n\t// all pass =>true\n\t// one fail =>false immediatly\n\texpect(data).to.not.be.ok;\n});",
            "err": {},
            "isRoot": false,
            "uuid": "8f3d11ba-fb42-4384-988f-5fd21485d1cb",
            "parentUUID": "7f0f2411-12a1-4090-acc7-4e62858a52a1",
            "isHook": false,
            "skipped": false
          },
          {
            "title": "filter【过滤】测试：过滤掉coll在iteratee中返回false的item，过滤后的coll作为handler的result",
            "fullTitle": "async模块collection测试，说明：\r\n\r\n  每个方法都有三个参数，async.xxxx(coll,iteratee(item,callback),handler(err,result))\r\n  coll：一个集合，集合中的每个元素作为iteratee的item\r\n  iteratee：处理集合中每一个元素的子函数，集合中的每个元素作为第一个入参，第二个入参是系统的一个回调方法，iteratee向其传入的参数与handler有密切关系\r\n  callback：处理iteratee遍历后的结果，第一个参数为异常，第二个参数为回调结果，回调结果不一定是iteratee中回调方法传入的参数，callback根据主函数的不同特性，不一定会立即执行\r\n\r\n  每个方法都友三种形式:\r\n  xxx：iteratee并行\r\n  xxxLimit：iteratee限制并行个数并行\r\n  xxxSeries：iteratee串行\r\n\r\n  Async提供了很多针对集合的函数，可以简化我们对集合进行异步操作时的步骤。如下：\r\n  forEach：对集合中每个元素进行异步操作\r\n  map：对集合中的每个元素通过异步操作得到另一个值，得到新的集合\r\n  filter：对集合中元素使用异步操作进行筛选，得到符合条件的集合\r\n  reject：与filter相似，只是判断条件时正好相反，得到剩下的元素的集合\r\n  reduce：使用一个初始值同集合中每一个元素进行异步操作，最后得到一个唯一的结果\r\n  detect：得到集合中满足条件的第一个数据\r\n  sortBy：对集合中的数据进行异步操作，再根据值从小到大排序\r\n  some/any：集合中是否有至少一个元素满足条件\r\n  every/all：集合中是否每个元素都满足条件\r\n  concat：对集合中的元素进行异步操作，将结果集合并成一个数组\r\n\r\n filter【过滤】测试：过滤掉coll在iteratee中返回false的item，过滤后的coll作为handler的result",
            "timedOut": false,
            "duration": 2,
            "state": "passed",
            "speed": "fast",
            "pass": true,
            "fail": false,
            "pending": false,
            "code": "console.log(\"filter begin...\");",
            "err": {},
            "isRoot": false,
            "uuid": "dccd938b-b575-45c9-bee8-fafd112dfa03",
            "parentUUID": "7f0f2411-12a1-4090-acc7-4e62858a52a1",
            "isHook": false,
            "skipped": false
          },
          {
            "title": "groupBy【分组】测试：对coll进行分组，iteratee中返回的值作为key，coll中相同key的item集合作为value，分组后的集合作为handler的result",
            "fullTitle": "async模块collection测试，说明：\r\n\r\n  每个方法都有三个参数，async.xxxx(coll,iteratee(item,callback),handler(err,result))\r\n  coll：一个集合，集合中的每个元素作为iteratee的item\r\n  iteratee：处理集合中每一个元素的子函数，集合中的每个元素作为第一个入参，第二个入参是系统的一个回调方法，iteratee向其传入的参数与handler有密切关系\r\n  callback：处理iteratee遍历后的结果，第一个参数为异常，第二个参数为回调结果，回调结果不一定是iteratee中回调方法传入的参数，callback根据主函数的不同特性，不一定会立即执行\r\n\r\n  每个方法都友三种形式:\r\n  xxx：iteratee并行\r\n  xxxLimit：iteratee限制并行个数并行\r\n  xxxSeries：iteratee串行\r\n\r\n  Async提供了很多针对集合的函数，可以简化我们对集合进行异步操作时的步骤。如下：\r\n  forEach：对集合中每个元素进行异步操作\r\n  map：对集合中的每个元素通过异步操作得到另一个值，得到新的集合\r\n  filter：对集合中元素使用异步操作进行筛选，得到符合条件的集合\r\n  reject：与filter相似，只是判断条件时正好相反，得到剩下的元素的集合\r\n  reduce：使用一个初始值同集合中每一个元素进行异步操作，最后得到一个唯一的结果\r\n  detect：得到集合中满足条件的第一个数据\r\n  sortBy：对集合中的数据进行异步操作，再根据值从小到大排序\r\n  some/any：集合中是否有至少一个元素满足条件\r\n  every/all：集合中是否每个元素都满足条件\r\n  concat：对集合中的元素进行异步操作，将结果集合并成一个数组\r\n\r\n groupBy【分组】测试：对coll进行分组，iteratee中返回的值作为key，coll中相同key的item集合作为value，分组后的集合作为handler的result",
            "timedOut": false,
            "duration": 2,
            "state": "passed",
            "speed": "fast",
            "pass": true,
            "fail": false,
            "pending": false,
            "code": "console.log(\"groupBy begin...\");",
            "err": {},
            "isRoot": false,
            "uuid": "dee95fa8-d5e4-44e2-a68e-56acd0bd7abd",
            "parentUUID": "7f0f2411-12a1-4090-acc7-4e62858a52a1",
            "isHook": false,
            "skipped": false
          },
          {
            "title": "map【映射】测试：iteratee中对coll中的item进行处理，返回一个新的数组，若抛出异常handler立即执行",
            "fullTitle": "async模块collection测试，说明：\r\n\r\n  每个方法都有三个参数，async.xxxx(coll,iteratee(item,callback),handler(err,result))\r\n  coll：一个集合，集合中的每个元素作为iteratee的item\r\n  iteratee：处理集合中每一个元素的子函数，集合中的每个元素作为第一个入参，第二个入参是系统的一个回调方法，iteratee向其传入的参数与handler有密切关系\r\n  callback：处理iteratee遍历后的结果，第一个参数为异常，第二个参数为回调结果，回调结果不一定是iteratee中回调方法传入的参数，callback根据主函数的不同特性，不一定会立即执行\r\n\r\n  每个方法都友三种形式:\r\n  xxx：iteratee并行\r\n  xxxLimit：iteratee限制并行个数并行\r\n  xxxSeries：iteratee串行\r\n\r\n  Async提供了很多针对集合的函数，可以简化我们对集合进行异步操作时的步骤。如下：\r\n  forEach：对集合中每个元素进行异步操作\r\n  map：对集合中的每个元素通过异步操作得到另一个值，得到新的集合\r\n  filter：对集合中元素使用异步操作进行筛选，得到符合条件的集合\r\n  reject：与filter相似，只是判断条件时正好相反，得到剩下的元素的集合\r\n  reduce：使用一个初始值同集合中每一个元素进行异步操作，最后得到一个唯一的结果\r\n  detect：得到集合中满足条件的第一个数据\r\n  sortBy：对集合中的数据进行异步操作，再根据值从小到大排序\r\n  some/any：集合中是否有至少一个元素满足条件\r\n  every/all：集合中是否每个元素都满足条件\r\n  concat：对集合中的元素进行异步操作，将结果集合并成一个数组\r\n\r\n map【映射】测试：iteratee中对coll中的item进行处理，返回一个新的数组，若抛出异常handler立即执行",
            "timedOut": false,
            "duration": 0,
            "state": "passed",
            "speed": "fast",
            "pass": true,
            "fail": false,
            "pending": false,
            "code": "console.log(\"map begin...\");",
            "err": {},
            "isRoot": false,
            "uuid": "5ec4ba7f-2289-4a6e-a82a-b66e8f0f908e",
            "parentUUID": "7f0f2411-12a1-4090-acc7-4e62858a52a1",
            "isHook": false,
            "skipped": false
          },
          {
            "title": "mapValues【对象值映射】测试：与map类似，coll为map，iteratee中对coll中的item.value进行处理，返回一个新的对象{item.key,newVlaue}，分组后的集合作为handler的result",
            "fullTitle": "async模块collection测试，说明：\r\n\r\n  每个方法都有三个参数，async.xxxx(coll,iteratee(item,callback),handler(err,result))\r\n  coll：一个集合，集合中的每个元素作为iteratee的item\r\n  iteratee：处理集合中每一个元素的子函数，集合中的每个元素作为第一个入参，第二个入参是系统的一个回调方法，iteratee向其传入的参数与handler有密切关系\r\n  callback：处理iteratee遍历后的结果，第一个参数为异常，第二个参数为回调结果，回调结果不一定是iteratee中回调方法传入的参数，callback根据主函数的不同特性，不一定会立即执行\r\n\r\n  每个方法都友三种形式:\r\n  xxx：iteratee并行\r\n  xxxLimit：iteratee限制并行个数并行\r\n  xxxSeries：iteratee串行\r\n\r\n  Async提供了很多针对集合的函数，可以简化我们对集合进行异步操作时的步骤。如下：\r\n  forEach：对集合中每个元素进行异步操作\r\n  map：对集合中的每个元素通过异步操作得到另一个值，得到新的集合\r\n  filter：对集合中元素使用异步操作进行筛选，得到符合条件的集合\r\n  reject：与filter相似，只是判断条件时正好相反，得到剩下的元素的集合\r\n  reduce：使用一个初始值同集合中每一个元素进行异步操作，最后得到一个唯一的结果\r\n  detect：得到集合中满足条件的第一个数据\r\n  sortBy：对集合中的数据进行异步操作，再根据值从小到大排序\r\n  some/any：集合中是否有至少一个元素满足条件\r\n  every/all：集合中是否每个元素都满足条件\r\n  concat：对集合中的元素进行异步操作，将结果集合并成一个数组\r\n\r\n mapValues【对象值映射】测试：与map类似，coll为map，iteratee中对coll中的item.value进行处理，返回一个新的对象{item.key,newVlaue}，分组后的集合作为handler的result",
            "timedOut": false,
            "duration": 1,
            "state": "passed",
            "speed": "fast",
            "pass": true,
            "fail": false,
            "pending": false,
            "code": "console.log(\"mapValues begin...\");",
            "err": {},
            "isRoot": false,
            "uuid": "3bf23192-e7e9-43be-9ea7-fa0a3484683e",
            "parentUUID": "7f0f2411-12a1-4090-acc7-4e62858a52a1",
            "isHook": false,
            "skipped": false
          },
          {
            "title": "reject【排斥】测试：与filter相反，排斥coll在iteratee中返回true的item，排斥后的coll作为handler的result",
            "fullTitle": "async模块collection测试，说明：\r\n\r\n  每个方法都有三个参数，async.xxxx(coll,iteratee(item,callback),handler(err,result))\r\n  coll：一个集合，集合中的每个元素作为iteratee的item\r\n  iteratee：处理集合中每一个元素的子函数，集合中的每个元素作为第一个入参，第二个入参是系统的一个回调方法，iteratee向其传入的参数与handler有密切关系\r\n  callback：处理iteratee遍历后的结果，第一个参数为异常，第二个参数为回调结果，回调结果不一定是iteratee中回调方法传入的参数，callback根据主函数的不同特性，不一定会立即执行\r\n\r\n  每个方法都友三种形式:\r\n  xxx：iteratee并行\r\n  xxxLimit：iteratee限制并行个数并行\r\n  xxxSeries：iteratee串行\r\n\r\n  Async提供了很多针对集合的函数，可以简化我们对集合进行异步操作时的步骤。如下：\r\n  forEach：对集合中每个元素进行异步操作\r\n  map：对集合中的每个元素通过异步操作得到另一个值，得到新的集合\r\n  filter：对集合中元素使用异步操作进行筛选，得到符合条件的集合\r\n  reject：与filter相似，只是判断条件时正好相反，得到剩下的元素的集合\r\n  reduce：使用一个初始值同集合中每一个元素进行异步操作，最后得到一个唯一的结果\r\n  detect：得到集合中满足条件的第一个数据\r\n  sortBy：对集合中的数据进行异步操作，再根据值从小到大排序\r\n  some/any：集合中是否有至少一个元素满足条件\r\n  every/all：集合中是否每个元素都满足条件\r\n  concat：对集合中的元素进行异步操作，将结果集合并成一个数组\r\n\r\n reject【排斥】测试：与filter相反，排斥coll在iteratee中返回true的item，排斥后的coll作为handler的result",
            "timedOut": false,
            "duration": 0,
            "state": "passed",
            "speed": "fast",
            "pass": true,
            "fail": false,
            "pending": false,
            "code": "console.log(\"reject begin...\");",
            "err": {},
            "isRoot": false,
            "uuid": "5c050ecd-5e01-4fe2-85ae-34279cc19c0c",
            "parentUUID": "7f0f2411-12a1-4090-acc7-4e62858a52a1",
            "isHook": false,
            "skipped": false
          },
          {
            "title": "some/any【任意】测试：与detect相同，当集合中是否有至少一个元素满足条件时，最终callback得到的值为true",
            "fullTitle": "async模块collection测试，说明：\r\n\r\n  每个方法都有三个参数，async.xxxx(coll,iteratee(item,callback),handler(err,result))\r\n  coll：一个集合，集合中的每个元素作为iteratee的item\r\n  iteratee：处理集合中每一个元素的子函数，集合中的每个元素作为第一个入参，第二个入参是系统的一个回调方法，iteratee向其传入的参数与handler有密切关系\r\n  callback：处理iteratee遍历后的结果，第一个参数为异常，第二个参数为回调结果，回调结果不一定是iteratee中回调方法传入的参数，callback根据主函数的不同特性，不一定会立即执行\r\n\r\n  每个方法都友三种形式:\r\n  xxx：iteratee并行\r\n  xxxLimit：iteratee限制并行个数并行\r\n  xxxSeries：iteratee串行\r\n\r\n  Async提供了很多针对集合的函数，可以简化我们对集合进行异步操作时的步骤。如下：\r\n  forEach：对集合中每个元素进行异步操作\r\n  map：对集合中的每个元素通过异步操作得到另一个值，得到新的集合\r\n  filter：对集合中元素使用异步操作进行筛选，得到符合条件的集合\r\n  reject：与filter相似，只是判断条件时正好相反，得到剩下的元素的集合\r\n  reduce：使用一个初始值同集合中每一个元素进行异步操作，最后得到一个唯一的结果\r\n  detect：得到集合中满足条件的第一个数据\r\n  sortBy：对集合中的数据进行异步操作，再根据值从小到大排序\r\n  some/any：集合中是否有至少一个元素满足条件\r\n  every/all：集合中是否每个元素都满足条件\r\n  concat：对集合中的元素进行异步操作，将结果集合并成一个数组\r\n\r\n some/any【任意】测试：与detect相同，当集合中是否有至少一个元素满足条件时，最终callback得到的值为true",
            "timedOut": false,
            "duration": 3,
            "state": "passed",
            "speed": "fast",
            "pass": true,
            "fail": false,
            "pending": false,
            "code": "console.log(\"some begin...\");",
            "err": {},
            "isRoot": false,
            "uuid": "a6395086-0c40-492b-a361-aa52bc022f4f",
            "parentUUID": "7f0f2411-12a1-4090-acc7-4e62858a52a1",
            "isHook": false,
            "skipped": false
          },
          {
            "title": "reduce/reduceRight【换算】测试：给定一个初始值，对集合中的元素做换算，返回换算后的值，如抛出错误停止循环立即执行handler，注：reduce执行方式为串行,默认从左到右,reduceRight从右到左",
            "fullTitle": "async模块collection测试，说明：\r\n\r\n  每个方法都有三个参数，async.xxxx(coll,iteratee(item,callback),handler(err,result))\r\n  coll：一个集合，集合中的每个元素作为iteratee的item\r\n  iteratee：处理集合中每一个元素的子函数，集合中的每个元素作为第一个入参，第二个入参是系统的一个回调方法，iteratee向其传入的参数与handler有密切关系\r\n  callback：处理iteratee遍历后的结果，第一个参数为异常，第二个参数为回调结果，回调结果不一定是iteratee中回调方法传入的参数，callback根据主函数的不同特性，不一定会立即执行\r\n\r\n  每个方法都友三种形式:\r\n  xxx：iteratee并行\r\n  xxxLimit：iteratee限制并行个数并行\r\n  xxxSeries：iteratee串行\r\n\r\n  Async提供了很多针对集合的函数，可以简化我们对集合进行异步操作时的步骤。如下：\r\n  forEach：对集合中每个元素进行异步操作\r\n  map：对集合中的每个元素通过异步操作得到另一个值，得到新的集合\r\n  filter：对集合中元素使用异步操作进行筛选，得到符合条件的集合\r\n  reject：与filter相似，只是判断条件时正好相反，得到剩下的元素的集合\r\n  reduce：使用一个初始值同集合中每一个元素进行异步操作，最后得到一个唯一的结果\r\n  detect：得到集合中满足条件的第一个数据\r\n  sortBy：对集合中的数据进行异步操作，再根据值从小到大排序\r\n  some/any：集合中是否有至少一个元素满足条件\r\n  every/all：集合中是否每个元素都满足条件\r\n  concat：对集合中的元素进行异步操作，将结果集合并成一个数组\r\n\r\n reduce/reduceRight【换算】测试：给定一个初始值，对集合中的元素做换算，返回换算后的值，如抛出错误停止循环立即执行handler，注：reduce执行方式为串行,默认从左到右,reduceRight从右到左",
            "timedOut": false,
            "duration": 0,
            "state": "passed",
            "speed": "fast",
            "pass": true,
            "fail": false,
            "pending": false,
            "code": "console.log(\"reduce begin...\");",
            "err": {},
            "isRoot": false,
            "uuid": "7734f21c-3f2e-41d8-9501-59efe11a826d",
            "parentUUID": "7f0f2411-12a1-4090-acc7-4e62858a52a1",
            "isHook": false,
            "skipped": false
          },
          {
            "title": "sortBy【排序】测试：对coll根据返回值进行排序，handler的result为排序后的集合",
            "fullTitle": "async模块collection测试，说明：\r\n\r\n  每个方法都有三个参数，async.xxxx(coll,iteratee(item,callback),handler(err,result))\r\n  coll：一个集合，集合中的每个元素作为iteratee的item\r\n  iteratee：处理集合中每一个元素的子函数，集合中的每个元素作为第一个入参，第二个入参是系统的一个回调方法，iteratee向其传入的参数与handler有密切关系\r\n  callback：处理iteratee遍历后的结果，第一个参数为异常，第二个参数为回调结果，回调结果不一定是iteratee中回调方法传入的参数，callback根据主函数的不同特性，不一定会立即执行\r\n\r\n  每个方法都友三种形式:\r\n  xxx：iteratee并行\r\n  xxxLimit：iteratee限制并行个数并行\r\n  xxxSeries：iteratee串行\r\n\r\n  Async提供了很多针对集合的函数，可以简化我们对集合进行异步操作时的步骤。如下：\r\n  forEach：对集合中每个元素进行异步操作\r\n  map：对集合中的每个元素通过异步操作得到另一个值，得到新的集合\r\n  filter：对集合中元素使用异步操作进行筛选，得到符合条件的集合\r\n  reject：与filter相似，只是判断条件时正好相反，得到剩下的元素的集合\r\n  reduce：使用一个初始值同集合中每一个元素进行异步操作，最后得到一个唯一的结果\r\n  detect：得到集合中满足条件的第一个数据\r\n  sortBy：对集合中的数据进行异步操作，再根据值从小到大排序\r\n  some/any：集合中是否有至少一个元素满足条件\r\n  every/all：集合中是否每个元素都满足条件\r\n  concat：对集合中的元素进行异步操作，将结果集合并成一个数组\r\n\r\n sortBy【排序】测试：对coll根据返回值进行排序，handler的result为排序后的集合",
            "timedOut": false,
            "duration": 0,
            "state": "passed",
            "speed": "fast",
            "pass": true,
            "fail": false,
            "pending": false,
            "code": "console.log(\"sortBy begin...\");",
            "err": {},
            "isRoot": false,
            "uuid": "1ea85cf9-7fd6-42de-91bd-47639807f980",
            "parentUUID": "7f0f2411-12a1-4090-acc7-4e62858a52a1",
            "isHook": false,
            "skipped": false
          },
          {
            "title": "transform【轉化】测试：与reduce类似，给定一个初始容器，返回转换后的容器，如抛出错误停止循环立即执行handler",
            "fullTitle": "async模块collection测试，说明：\r\n\r\n  每个方法都有三个参数，async.xxxx(coll,iteratee(item,callback),handler(err,result))\r\n  coll：一个集合，集合中的每个元素作为iteratee的item\r\n  iteratee：处理集合中每一个元素的子函数，集合中的每个元素作为第一个入参，第二个入参是系统的一个回调方法，iteratee向其传入的参数与handler有密切关系\r\n  callback：处理iteratee遍历后的结果，第一个参数为异常，第二个参数为回调结果，回调结果不一定是iteratee中回调方法传入的参数，callback根据主函数的不同特性，不一定会立即执行\r\n\r\n  每个方法都友三种形式:\r\n  xxx：iteratee并行\r\n  xxxLimit：iteratee限制并行个数并行\r\n  xxxSeries：iteratee串行\r\n\r\n  Async提供了很多针对集合的函数，可以简化我们对集合进行异步操作时的步骤。如下：\r\n  forEach：对集合中每个元素进行异步操作\r\n  map：对集合中的每个元素通过异步操作得到另一个值，得到新的集合\r\n  filter：对集合中元素使用异步操作进行筛选，得到符合条件的集合\r\n  reject：与filter相似，只是判断条件时正好相反，得到剩下的元素的集合\r\n  reduce：使用一个初始值同集合中每一个元素进行异步操作，最后得到一个唯一的结果\r\n  detect：得到集合中满足条件的第一个数据\r\n  sortBy：对集合中的数据进行异步操作，再根据值从小到大排序\r\n  some/any：集合中是否有至少一个元素满足条件\r\n  every/all：集合中是否每个元素都满足条件\r\n  concat：对集合中的元素进行异步操作，将结果集合并成一个数组\r\n\r\n transform【轉化】测试：与reduce类似，给定一个初始容器，返回转换后的容器，如抛出错误停止循环立即执行handler",
            "timedOut": false,
            "duration": 1,
            "state": "passed",
            "speed": "fast",
            "pass": true,
            "fail": false,
            "pending": false,
            "code": "console.log(\"transform begin...\");",
            "err": {},
            "isRoot": false,
            "uuid": "2e47812e-eea9-4f75-a457-c9380937f569",
            "parentUUID": "7f0f2411-12a1-4090-acc7-4e62858a52a1",
            "isHook": false,
            "skipped": false
          }
        ],
        "failures": [],
        "skipped": [],
        "hasBeforeHooks": false,
        "hasAfterHooks": false,
        "hasTests": true,
        "hasSuites": false,
        "totalTests": 14,
        "totalPasses": 14,
        "totalFailures": 0,
        "totalPending": 0,
        "totalSkipped": 0,
        "hasPasses": true,
        "hasFailures": false,
        "hasPending": false,
        "hasSkipped": false,
        "duration": 969,
        "rootEmpty": false
      }
    ],
    "tests": [],
    "pending": [],
    "root": true,
    "_timeout": 2000,
    "uuid": "b7fff4d9-2e26-4ca9-a8a4-d4b282de9071",
    "beforeHooks": [],
    "afterHooks": [],
    "fullFile": "",
    "file": "",
    "passes": [],
    "failures": [],
    "skipped": [],
    "hasBeforeHooks": false,
    "hasAfterHooks": false,
    "hasTests": false,
    "hasSuites": true,
    "totalTests": 0,
    "totalPasses": 0,
    "totalFailures": 0,
    "totalPending": 0,
    "totalSkipped": 0,
    "hasPasses": false,
    "hasFailures": false,
    "hasPending": false,
    "hasSkipped": false,
    "duration": 0,
    "rootEmpty": true
  },
  "allTests": [
    {
      "title": "concat【连接】测试：iteratee遍历完所有集合后才会调用handler,每次遍历向callback传入的参数组成一个集合作为handler的result",
      "fullTitle": "async模块collection测试，说明：\r\n\r\n  每个方法都有三个参数，async.xxxx(coll,iteratee(item,callback),handler(err,result))\r\n  coll：一个集合，集合中的每个元素作为iteratee的item\r\n  iteratee：处理集合中每一个元素的子函数，集合中的每个元素作为第一个入参，第二个入参是系统的一个回调方法，iteratee向其传入的参数与handler有密切关系\r\n  callback：处理iteratee遍历后的结果，第一个参数为异常，第二个参数为回调结果，回调结果不一定是iteratee中回调方法传入的参数，callback根据主函数的不同特性，不一定会立即执行\r\n\r\n  每个方法都友三种形式:\r\n  xxx：iteratee并行\r\n  xxxLimit：iteratee限制并行个数并行\r\n  xxxSeries：iteratee串行\r\n\r\n  Async提供了很多针对集合的函数，可以简化我们对集合进行异步操作时的步骤。如下：\r\n  forEach：对集合中每个元素进行异步操作\r\n  map：对集合中的每个元素通过异步操作得到另一个值，得到新的集合\r\n  filter：对集合中元素使用异步操作进行筛选，得到符合条件的集合\r\n  reject：与filter相似，只是判断条件时正好相反，得到剩下的元素的集合\r\n  reduce：使用一个初始值同集合中每一个元素进行异步操作，最后得到一个唯一的结果\r\n  detect：得到集合中满足条件的第一个数据\r\n  sortBy：对集合中的数据进行异步操作，再根据值从小到大排序\r\n  some/any：集合中是否有至少一个元素满足条件\r\n  every/all：集合中是否每个元素都满足条件\r\n  concat：对集合中的元素进行异步操作，将结果集合并成一个数组\r\n\r\n concat【连接】测试：iteratee遍历完所有集合后才会调用handler,每次遍历向callback传入的参数组成一个集合作为handler的result",
      "timedOut": false,
      "duration": 328,
      "state": "passed",
      "speed": "slow",
      "pass": true,
      "fail": false,
      "pending": false,
      "code": "console.log(\"concat begin...\");\nreturn coll.test_concat([1,2,3]).then(function(data,err){\n\texpect(data).to.be.an(\"array\");\n});",
      "err": {},
      "isRoot": false,
      "uuid": "c013f288-00fd-4f46-8a11-f82e4965a5d2",
      "parentUUID": "7f0f2411-12a1-4090-acc7-4e62858a52a1",
      "isHook": false,
      "skipped": false
    },
    {
      "title": "detect【监听】测试：iteratee遍历中返回true时立即调用handler，否则等待遍历完成调用，注：无论handler何时被调用，iteratee都会将coll遍历完成",
      "fullTitle": "async模块collection测试，说明：\r\n\r\n  每个方法都有三个参数，async.xxxx(coll,iteratee(item,callback),handler(err,result))\r\n  coll：一个集合，集合中的每个元素作为iteratee的item\r\n  iteratee：处理集合中每一个元素的子函数，集合中的每个元素作为第一个入参，第二个入参是系统的一个回调方法，iteratee向其传入的参数与handler有密切关系\r\n  callback：处理iteratee遍历后的结果，第一个参数为异常，第二个参数为回调结果，回调结果不一定是iteratee中回调方法传入的参数，callback根据主函数的不同特性，不一定会立即执行\r\n\r\n  每个方法都友三种形式:\r\n  xxx：iteratee并行\r\n  xxxLimit：iteratee限制并行个数并行\r\n  xxxSeries：iteratee串行\r\n\r\n  Async提供了很多针对集合的函数，可以简化我们对集合进行异步操作时的步骤。如下：\r\n  forEach：对集合中每个元素进行异步操作\r\n  map：对集合中的每个元素通过异步操作得到另一个值，得到新的集合\r\n  filter：对集合中元素使用异步操作进行筛选，得到符合条件的集合\r\n  reject：与filter相似，只是判断条件时正好相反，得到剩下的元素的集合\r\n  reduce：使用一个初始值同集合中每一个元素进行异步操作，最后得到一个唯一的结果\r\n  detect：得到集合中满足条件的第一个数据\r\n  sortBy：对集合中的数据进行异步操作，再根据值从小到大排序\r\n  some/any：集合中是否有至少一个元素满足条件\r\n  every/all：集合中是否每个元素都满足条件\r\n  concat：对集合中的元素进行异步操作，将结果集合并成一个数组\r\n\r\n detect【监听】测试：iteratee遍历中返回true时立即调用handler，否则等待遍历完成调用，注：无论handler何时被调用，iteratee都会将coll遍历完成",
      "timedOut": false,
      "duration": 119,
      "state": "passed",
      "speed": "slow",
      "pass": true,
      "fail": false,
      "pending": false,
      "code": "//async.detect(arr,async function(arr) return bool,callback(err,arr[n once bool returns true])) \nconsole.log(\"detect begin...\");\nreturn coll.test_detect([1,2,3]).then(function(data,err){\n\texpect([1,2,3]).to.include(data);\n});",
      "err": {},
      "isRoot": false,
      "uuid": "dce996f8-2c73-422d-9e0b-fdd66ac9f264",
      "parentUUID": "7f0f2411-12a1-4090-acc7-4e62858a52a1",
      "isHook": false,
      "skipped": false
    },
    {
      "title": "each【遍历】测试：iteratee遍历coll,返回异常时调用handler",
      "fullTitle": "async模块collection测试，说明：\r\n\r\n  每个方法都有三个参数，async.xxxx(coll,iteratee(item,callback),handler(err,result))\r\n  coll：一个集合，集合中的每个元素作为iteratee的item\r\n  iteratee：处理集合中每一个元素的子函数，集合中的每个元素作为第一个入参，第二个入参是系统的一个回调方法，iteratee向其传入的参数与handler有密切关系\r\n  callback：处理iteratee遍历后的结果，第一个参数为异常，第二个参数为回调结果，回调结果不一定是iteratee中回调方法传入的参数，callback根据主函数的不同特性，不一定会立即执行\r\n\r\n  每个方法都友三种形式:\r\n  xxx：iteratee并行\r\n  xxxLimit：iteratee限制并行个数并行\r\n  xxxSeries：iteratee串行\r\n\r\n  Async提供了很多针对集合的函数，可以简化我们对集合进行异步操作时的步骤。如下：\r\n  forEach：对集合中每个元素进行异步操作\r\n  map：对集合中的每个元素通过异步操作得到另一个值，得到新的集合\r\n  filter：对集合中元素使用异步操作进行筛选，得到符合条件的集合\r\n  reject：与filter相似，只是判断条件时正好相反，得到剩下的元素的集合\r\n  reduce：使用一个初始值同集合中每一个元素进行异步操作，最后得到一个唯一的结果\r\n  detect：得到集合中满足条件的第一个数据\r\n  sortBy：对集合中的数据进行异步操作，再根据值从小到大排序\r\n  some/any：集合中是否有至少一个元素满足条件\r\n  every/all：集合中是否每个元素都满足条件\r\n  concat：对集合中的元素进行异步操作，将结果集合并成一个数组\r\n\r\n each【遍历】测试：iteratee遍历coll,返回异常时调用handler",
      "timedOut": false,
      "duration": 259,
      "state": "passed",
      "speed": "slow",
      "pass": true,
      "fail": false,
      "pending": false,
      "code": "//async.each(arr,async function(item,callback),funciton(err))\nconsole.log(\"each begin...\");\nreturn coll.test_each([1,2,3]).then(function(data,err){\n\texpect(data).to.be.empty;\n});",
      "err": {},
      "isRoot": false,
      "uuid": "32c52b0b-565c-4ae3-9fbf-ebacdbf817e7",
      "parentUUID": "7f0f2411-12a1-4090-acc7-4e62858a52a1",
      "isHook": false,
      "skipped": false
    },
    {
      "title": "eachOf【索引遍历】测试：iteratee遍历coll,iteratee参数包含index[当前item在coll中的索引],返回异常时调用handler",
      "fullTitle": "async模块collection测试，说明：\r\n\r\n  每个方法都有三个参数，async.xxxx(coll,iteratee(item,callback),handler(err,result))\r\n  coll：一个集合，集合中的每个元素作为iteratee的item\r\n  iteratee：处理集合中每一个元素的子函数，集合中的每个元素作为第一个入参，第二个入参是系统的一个回调方法，iteratee向其传入的参数与handler有密切关系\r\n  callback：处理iteratee遍历后的结果，第一个参数为异常，第二个参数为回调结果，回调结果不一定是iteratee中回调方法传入的参数，callback根据主函数的不同特性，不一定会立即执行\r\n\r\n  每个方法都友三种形式:\r\n  xxx：iteratee并行\r\n  xxxLimit：iteratee限制并行个数并行\r\n  xxxSeries：iteratee串行\r\n\r\n  Async提供了很多针对集合的函数，可以简化我们对集合进行异步操作时的步骤。如下：\r\n  forEach：对集合中每个元素进行异步操作\r\n  map：对集合中的每个元素通过异步操作得到另一个值，得到新的集合\r\n  filter：对集合中元素使用异步操作进行筛选，得到符合条件的集合\r\n  reject：与filter相似，只是判断条件时正好相反，得到剩下的元素的集合\r\n  reduce：使用一个初始值同集合中每一个元素进行异步操作，最后得到一个唯一的结果\r\n  detect：得到集合中满足条件的第一个数据\r\n  sortBy：对集合中的数据进行异步操作，再根据值从小到大排序\r\n  some/any：集合中是否有至少一个元素满足条件\r\n  every/all：集合中是否每个元素都满足条件\r\n  concat：对集合中的元素进行异步操作，将结果集合并成一个数组\r\n\r\n eachOf【索引遍历】测试：iteratee遍历coll,iteratee参数包含index[当前item在coll中的索引],返回异常时调用handler",
      "timedOut": false,
      "duration": 131,
      "state": "passed",
      "speed": "slow",
      "pass": true,
      "fail": false,
      "pending": false,
      "code": "//async.eachOf(arr,async function(item,index,callback),funciton(err))\nconsole.log(\"eachOf begin...\");\nreturn coll.test_eachOf([1,2,3]).then(function(data,err){\n\texpect(data).to.be.empty;\n});",
      "err": {},
      "isRoot": false,
      "uuid": "3326a42f-f3d0-4e23-84ae-9b2a69f17729",
      "parentUUID": "7f0f2411-12a1-4090-acc7-4e62858a52a1",
      "isHook": false,
      "skipped": false
    },
    {
      "title": "every【校验】测试：与detect相反，iteratee遍历中返回false时立即调用handler，否则等待遍历完成调用，注：无论handler何时被调用，iteratee都会将coll遍历完成",
      "fullTitle": "async模块collection测试，说明：\r\n\r\n  每个方法都有三个参数，async.xxxx(coll,iteratee(item,callback),handler(err,result))\r\n  coll：一个集合，集合中的每个元素作为iteratee的item\r\n  iteratee：处理集合中每一个元素的子函数，集合中的每个元素作为第一个入参，第二个入参是系统的一个回调方法，iteratee向其传入的参数与handler有密切关系\r\n  callback：处理iteratee遍历后的结果，第一个参数为异常，第二个参数为回调结果，回调结果不一定是iteratee中回调方法传入的参数，callback根据主函数的不同特性，不一定会立即执行\r\n\r\n  每个方法都友三种形式:\r\n  xxx：iteratee并行\r\n  xxxLimit：iteratee限制并行个数并行\r\n  xxxSeries：iteratee串行\r\n\r\n  Async提供了很多针对集合的函数，可以简化我们对集合进行异步操作时的步骤。如下：\r\n  forEach：对集合中每个元素进行异步操作\r\n  map：对集合中的每个元素通过异步操作得到另一个值，得到新的集合\r\n  filter：对集合中元素使用异步操作进行筛选，得到符合条件的集合\r\n  reject：与filter相似，只是判断条件时正好相反，得到剩下的元素的集合\r\n  reduce：使用一个初始值同集合中每一个元素进行异步操作，最后得到一个唯一的结果\r\n  detect：得到集合中满足条件的第一个数据\r\n  sortBy：对集合中的数据进行异步操作，再根据值从小到大排序\r\n  some/any：集合中是否有至少一个元素满足条件\r\n  every/all：集合中是否每个元素都满足条件\r\n  concat：对集合中的元素进行异步操作，将结果集合并成一个数组\r\n\r\n every【校验】测试：与detect相反，iteratee遍历中返回false时立即调用handler，否则等待遍历完成调用，注：无论handler何时被调用，iteratee都会将coll遍历完成",
      "timedOut": false,
      "duration": 123,
      "state": "passed",
      "speed": "slow",
      "pass": true,
      "fail": false,
      "pending": false,
      "code": "//async.every(arr,async function(item,callback),funciton(err,result[called immediatly if callback return false])\nconsole.log(\"every begin...\");\nreturn coll.test_every([0,2,3]).then(function(data,err){\n\t// data value:\n\t// all pass =>true\n\t// one fail =>false immediatly\n\texpect(data).to.not.be.ok;\n});",
      "err": {},
      "isRoot": false,
      "uuid": "8f3d11ba-fb42-4384-988f-5fd21485d1cb",
      "parentUUID": "7f0f2411-12a1-4090-acc7-4e62858a52a1",
      "isHook": false,
      "skipped": false
    },
    {
      "title": "filter【过滤】测试：过滤掉coll在iteratee中返回false的item，过滤后的coll作为handler的result",
      "fullTitle": "async模块collection测试，说明：\r\n\r\n  每个方法都有三个参数，async.xxxx(coll,iteratee(item,callback),handler(err,result))\r\n  coll：一个集合，集合中的每个元素作为iteratee的item\r\n  iteratee：处理集合中每一个元素的子函数，集合中的每个元素作为第一个入参，第二个入参是系统的一个回调方法，iteratee向其传入的参数与handler有密切关系\r\n  callback：处理iteratee遍历后的结果，第一个参数为异常，第二个参数为回调结果，回调结果不一定是iteratee中回调方法传入的参数，callback根据主函数的不同特性，不一定会立即执行\r\n\r\n  每个方法都友三种形式:\r\n  xxx：iteratee并行\r\n  xxxLimit：iteratee限制并行个数并行\r\n  xxxSeries：iteratee串行\r\n\r\n  Async提供了很多针对集合的函数，可以简化我们对集合进行异步操作时的步骤。如下：\r\n  forEach：对集合中每个元素进行异步操作\r\n  map：对集合中的每个元素通过异步操作得到另一个值，得到新的集合\r\n  filter：对集合中元素使用异步操作进行筛选，得到符合条件的集合\r\n  reject：与filter相似，只是判断条件时正好相反，得到剩下的元素的集合\r\n  reduce：使用一个初始值同集合中每一个元素进行异步操作，最后得到一个唯一的结果\r\n  detect：得到集合中满足条件的第一个数据\r\n  sortBy：对集合中的数据进行异步操作，再根据值从小到大排序\r\n  some/any：集合中是否有至少一个元素满足条件\r\n  every/all：集合中是否每个元素都满足条件\r\n  concat：对集合中的元素进行异步操作，将结果集合并成一个数组\r\n\r\n filter【过滤】测试：过滤掉coll在iteratee中返回false的item，过滤后的coll作为handler的result",
      "timedOut": false,
      "duration": 2,
      "state": "passed",
      "speed": "fast",
      "pass": true,
      "fail": false,
      "pending": false,
      "code": "console.log(\"filter begin...\");",
      "err": {},
      "isRoot": false,
      "uuid": "dccd938b-b575-45c9-bee8-fafd112dfa03",
      "parentUUID": "7f0f2411-12a1-4090-acc7-4e62858a52a1",
      "isHook": false,
      "skipped": false
    },
    {
      "title": "groupBy【分组】测试：对coll进行分组，iteratee中返回的值作为key，coll中相同key的item集合作为value，分组后的集合作为handler的result",
      "fullTitle": "async模块collection测试，说明：\r\n\r\n  每个方法都有三个参数，async.xxxx(coll,iteratee(item,callback),handler(err,result))\r\n  coll：一个集合，集合中的每个元素作为iteratee的item\r\n  iteratee：处理集合中每一个元素的子函数，集合中的每个元素作为第一个入参，第二个入参是系统的一个回调方法，iteratee向其传入的参数与handler有密切关系\r\n  callback：处理iteratee遍历后的结果，第一个参数为异常，第二个参数为回调结果，回调结果不一定是iteratee中回调方法传入的参数，callback根据主函数的不同特性，不一定会立即执行\r\n\r\n  每个方法都友三种形式:\r\n  xxx：iteratee并行\r\n  xxxLimit：iteratee限制并行个数并行\r\n  xxxSeries：iteratee串行\r\n\r\n  Async提供了很多针对集合的函数，可以简化我们对集合进行异步操作时的步骤。如下：\r\n  forEach：对集合中每个元素进行异步操作\r\n  map：对集合中的每个元素通过异步操作得到另一个值，得到新的集合\r\n  filter：对集合中元素使用异步操作进行筛选，得到符合条件的集合\r\n  reject：与filter相似，只是判断条件时正好相反，得到剩下的元素的集合\r\n  reduce：使用一个初始值同集合中每一个元素进行异步操作，最后得到一个唯一的结果\r\n  detect：得到集合中满足条件的第一个数据\r\n  sortBy：对集合中的数据进行异步操作，再根据值从小到大排序\r\n  some/any：集合中是否有至少一个元素满足条件\r\n  every/all：集合中是否每个元素都满足条件\r\n  concat：对集合中的元素进行异步操作，将结果集合并成一个数组\r\n\r\n groupBy【分组】测试：对coll进行分组，iteratee中返回的值作为key，coll中相同key的item集合作为value，分组后的集合作为handler的result",
      "timedOut": false,
      "duration": 2,
      "state": "passed",
      "speed": "fast",
      "pass": true,
      "fail": false,
      "pending": false,
      "code": "console.log(\"groupBy begin...\");",
      "err": {},
      "isRoot": false,
      "uuid": "dee95fa8-d5e4-44e2-a68e-56acd0bd7abd",
      "parentUUID": "7f0f2411-12a1-4090-acc7-4e62858a52a1",
      "isHook": false,
      "skipped": false
    },
    {
      "title": "map【映射】测试：iteratee中对coll中的item进行处理，返回一个新的数组，若抛出异常handler立即执行",
      "fullTitle": "async模块collection测试，说明：\r\n\r\n  每个方法都有三个参数，async.xxxx(coll,iteratee(item,callback),handler(err,result))\r\n  coll：一个集合，集合中的每个元素作为iteratee的item\r\n  iteratee：处理集合中每一个元素的子函数，集合中的每个元素作为第一个入参，第二个入参是系统的一个回调方法，iteratee向其传入的参数与handler有密切关系\r\n  callback：处理iteratee遍历后的结果，第一个参数为异常，第二个参数为回调结果，回调结果不一定是iteratee中回调方法传入的参数，callback根据主函数的不同特性，不一定会立即执行\r\n\r\n  每个方法都友三种形式:\r\n  xxx：iteratee并行\r\n  xxxLimit：iteratee限制并行个数并行\r\n  xxxSeries：iteratee串行\r\n\r\n  Async提供了很多针对集合的函数，可以简化我们对集合进行异步操作时的步骤。如下：\r\n  forEach：对集合中每个元素进行异步操作\r\n  map：对集合中的每个元素通过异步操作得到另一个值，得到新的集合\r\n  filter：对集合中元素使用异步操作进行筛选，得到符合条件的集合\r\n  reject：与filter相似，只是判断条件时正好相反，得到剩下的元素的集合\r\n  reduce：使用一个初始值同集合中每一个元素进行异步操作，最后得到一个唯一的结果\r\n  detect：得到集合中满足条件的第一个数据\r\n  sortBy：对集合中的数据进行异步操作，再根据值从小到大排序\r\n  some/any：集合中是否有至少一个元素满足条件\r\n  every/all：集合中是否每个元素都满足条件\r\n  concat：对集合中的元素进行异步操作，将结果集合并成一个数组\r\n\r\n map【映射】测试：iteratee中对coll中的item进行处理，返回一个新的数组，若抛出异常handler立即执行",
      "timedOut": false,
      "duration": 0,
      "state": "passed",
      "speed": "fast",
      "pass": true,
      "fail": false,
      "pending": false,
      "code": "console.log(\"map begin...\");",
      "err": {},
      "isRoot": false,
      "uuid": "5ec4ba7f-2289-4a6e-a82a-b66e8f0f908e",
      "parentUUID": "7f0f2411-12a1-4090-acc7-4e62858a52a1",
      "isHook": false,
      "skipped": false
    },
    {
      "title": "mapValues【对象值映射】测试：与map类似，coll为map，iteratee中对coll中的item.value进行处理，返回一个新的对象{item.key,newVlaue}，分组后的集合作为handler的result",
      "fullTitle": "async模块collection测试，说明：\r\n\r\n  每个方法都有三个参数，async.xxxx(coll,iteratee(item,callback),handler(err,result))\r\n  coll：一个集合，集合中的每个元素作为iteratee的item\r\n  iteratee：处理集合中每一个元素的子函数，集合中的每个元素作为第一个入参，第二个入参是系统的一个回调方法，iteratee向其传入的参数与handler有密切关系\r\n  callback：处理iteratee遍历后的结果，第一个参数为异常，第二个参数为回调结果，回调结果不一定是iteratee中回调方法传入的参数，callback根据主函数的不同特性，不一定会立即执行\r\n\r\n  每个方法都友三种形式:\r\n  xxx：iteratee并行\r\n  xxxLimit：iteratee限制并行个数并行\r\n  xxxSeries：iteratee串行\r\n\r\n  Async提供了很多针对集合的函数，可以简化我们对集合进行异步操作时的步骤。如下：\r\n  forEach：对集合中每个元素进行异步操作\r\n  map：对集合中的每个元素通过异步操作得到另一个值，得到新的集合\r\n  filter：对集合中元素使用异步操作进行筛选，得到符合条件的集合\r\n  reject：与filter相似，只是判断条件时正好相反，得到剩下的元素的集合\r\n  reduce：使用一个初始值同集合中每一个元素进行异步操作，最后得到一个唯一的结果\r\n  detect：得到集合中满足条件的第一个数据\r\n  sortBy：对集合中的数据进行异步操作，再根据值从小到大排序\r\n  some/any：集合中是否有至少一个元素满足条件\r\n  every/all：集合中是否每个元素都满足条件\r\n  concat：对集合中的元素进行异步操作，将结果集合并成一个数组\r\n\r\n mapValues【对象值映射】测试：与map类似，coll为map，iteratee中对coll中的item.value进行处理，返回一个新的对象{item.key,newVlaue}，分组后的集合作为handler的result",
      "timedOut": false,
      "duration": 1,
      "state": "passed",
      "speed": "fast",
      "pass": true,
      "fail": false,
      "pending": false,
      "code": "console.log(\"mapValues begin...\");",
      "err": {},
      "isRoot": false,
      "uuid": "3bf23192-e7e9-43be-9ea7-fa0a3484683e",
      "parentUUID": "7f0f2411-12a1-4090-acc7-4e62858a52a1",
      "isHook": false,
      "skipped": false
    },
    {
      "title": "reject【排斥】测试：与filter相反，排斥coll在iteratee中返回true的item，排斥后的coll作为handler的result",
      "fullTitle": "async模块collection测试，说明：\r\n\r\n  每个方法都有三个参数，async.xxxx(coll,iteratee(item,callback),handler(err,result))\r\n  coll：一个集合，集合中的每个元素作为iteratee的item\r\n  iteratee：处理集合中每一个元素的子函数，集合中的每个元素作为第一个入参，第二个入参是系统的一个回调方法，iteratee向其传入的参数与handler有密切关系\r\n  callback：处理iteratee遍历后的结果，第一个参数为异常，第二个参数为回调结果，回调结果不一定是iteratee中回调方法传入的参数，callback根据主函数的不同特性，不一定会立即执行\r\n\r\n  每个方法都友三种形式:\r\n  xxx：iteratee并行\r\n  xxxLimit：iteratee限制并行个数并行\r\n  xxxSeries：iteratee串行\r\n\r\n  Async提供了很多针对集合的函数，可以简化我们对集合进行异步操作时的步骤。如下：\r\n  forEach：对集合中每个元素进行异步操作\r\n  map：对集合中的每个元素通过异步操作得到另一个值，得到新的集合\r\n  filter：对集合中元素使用异步操作进行筛选，得到符合条件的集合\r\n  reject：与filter相似，只是判断条件时正好相反，得到剩下的元素的集合\r\n  reduce：使用一个初始值同集合中每一个元素进行异步操作，最后得到一个唯一的结果\r\n  detect：得到集合中满足条件的第一个数据\r\n  sortBy：对集合中的数据进行异步操作，再根据值从小到大排序\r\n  some/any：集合中是否有至少一个元素满足条件\r\n  every/all：集合中是否每个元素都满足条件\r\n  concat：对集合中的元素进行异步操作，将结果集合并成一个数组\r\n\r\n reject【排斥】测试：与filter相反，排斥coll在iteratee中返回true的item，排斥后的coll作为handler的result",
      "timedOut": false,
      "duration": 0,
      "state": "passed",
      "speed": "fast",
      "pass": true,
      "fail": false,
      "pending": false,
      "code": "console.log(\"reject begin...\");",
      "err": {},
      "isRoot": false,
      "uuid": "5c050ecd-5e01-4fe2-85ae-34279cc19c0c",
      "parentUUID": "7f0f2411-12a1-4090-acc7-4e62858a52a1",
      "isHook": false,
      "skipped": false
    },
    {
      "title": "some/any【任意】测试：与detect相同，当集合中是否有至少一个元素满足条件时，最终callback得到的值为true",
      "fullTitle": "async模块collection测试，说明：\r\n\r\n  每个方法都有三个参数，async.xxxx(coll,iteratee(item,callback),handler(err,result))\r\n  coll：一个集合，集合中的每个元素作为iteratee的item\r\n  iteratee：处理集合中每一个元素的子函数，集合中的每个元素作为第一个入参，第二个入参是系统的一个回调方法，iteratee向其传入的参数与handler有密切关系\r\n  callback：处理iteratee遍历后的结果，第一个参数为异常，第二个参数为回调结果，回调结果不一定是iteratee中回调方法传入的参数，callback根据主函数的不同特性，不一定会立即执行\r\n\r\n  每个方法都友三种形式:\r\n  xxx：iteratee并行\r\n  xxxLimit：iteratee限制并行个数并行\r\n  xxxSeries：iteratee串行\r\n\r\n  Async提供了很多针对集合的函数，可以简化我们对集合进行异步操作时的步骤。如下：\r\n  forEach：对集合中每个元素进行异步操作\r\n  map：对集合中的每个元素通过异步操作得到另一个值，得到新的集合\r\n  filter：对集合中元素使用异步操作进行筛选，得到符合条件的集合\r\n  reject：与filter相似，只是判断条件时正好相反，得到剩下的元素的集合\r\n  reduce：使用一个初始值同集合中每一个元素进行异步操作，最后得到一个唯一的结果\r\n  detect：得到集合中满足条件的第一个数据\r\n  sortBy：对集合中的数据进行异步操作，再根据值从小到大排序\r\n  some/any：集合中是否有至少一个元素满足条件\r\n  every/all：集合中是否每个元素都满足条件\r\n  concat：对集合中的元素进行异步操作，将结果集合并成一个数组\r\n\r\n some/any【任意】测试：与detect相同，当集合中是否有至少一个元素满足条件时，最终callback得到的值为true",
      "timedOut": false,
      "duration": 3,
      "state": "passed",
      "speed": "fast",
      "pass": true,
      "fail": false,
      "pending": false,
      "code": "console.log(\"some begin...\");",
      "err": {},
      "isRoot": false,
      "uuid": "a6395086-0c40-492b-a361-aa52bc022f4f",
      "parentUUID": "7f0f2411-12a1-4090-acc7-4e62858a52a1",
      "isHook": false,
      "skipped": false
    },
    {
      "title": "reduce/reduceRight【换算】测试：给定一个初始值，对集合中的元素做换算，返回换算后的值，如抛出错误停止循环立即执行handler，注：reduce执行方式为串行,默认从左到右,reduceRight从右到左",
      "fullTitle": "async模块collection测试，说明：\r\n\r\n  每个方法都有三个参数，async.xxxx(coll,iteratee(item,callback),handler(err,result))\r\n  coll：一个集合，集合中的每个元素作为iteratee的item\r\n  iteratee：处理集合中每一个元素的子函数，集合中的每个元素作为第一个入参，第二个入参是系统的一个回调方法，iteratee向其传入的参数与handler有密切关系\r\n  callback：处理iteratee遍历后的结果，第一个参数为异常，第二个参数为回调结果，回调结果不一定是iteratee中回调方法传入的参数，callback根据主函数的不同特性，不一定会立即执行\r\n\r\n  每个方法都友三种形式:\r\n  xxx：iteratee并行\r\n  xxxLimit：iteratee限制并行个数并行\r\n  xxxSeries：iteratee串行\r\n\r\n  Async提供了很多针对集合的函数，可以简化我们对集合进行异步操作时的步骤。如下：\r\n  forEach：对集合中每个元素进行异步操作\r\n  map：对集合中的每个元素通过异步操作得到另一个值，得到新的集合\r\n  filter：对集合中元素使用异步操作进行筛选，得到符合条件的集合\r\n  reject：与filter相似，只是判断条件时正好相反，得到剩下的元素的集合\r\n  reduce：使用一个初始值同集合中每一个元素进行异步操作，最后得到一个唯一的结果\r\n  detect：得到集合中满足条件的第一个数据\r\n  sortBy：对集合中的数据进行异步操作，再根据值从小到大排序\r\n  some/any：集合中是否有至少一个元素满足条件\r\n  every/all：集合中是否每个元素都满足条件\r\n  concat：对集合中的元素进行异步操作，将结果集合并成一个数组\r\n\r\n reduce/reduceRight【换算】测试：给定一个初始值，对集合中的元素做换算，返回换算后的值，如抛出错误停止循环立即执行handler，注：reduce执行方式为串行,默认从左到右,reduceRight从右到左",
      "timedOut": false,
      "duration": 0,
      "state": "passed",
      "speed": "fast",
      "pass": true,
      "fail": false,
      "pending": false,
      "code": "console.log(\"reduce begin...\");",
      "err": {},
      "isRoot": false,
      "uuid": "7734f21c-3f2e-41d8-9501-59efe11a826d",
      "parentUUID": "7f0f2411-12a1-4090-acc7-4e62858a52a1",
      "isHook": false,
      "skipped": false
    },
    {
      "title": "sortBy【排序】测试：对coll根据返回值进行排序，handler的result为排序后的集合",
      "fullTitle": "async模块collection测试，说明：\r\n\r\n  每个方法都有三个参数，async.xxxx(coll,iteratee(item,callback),handler(err,result))\r\n  coll：一个集合，集合中的每个元素作为iteratee的item\r\n  iteratee：处理集合中每一个元素的子函数，集合中的每个元素作为第一个入参，第二个入参是系统的一个回调方法，iteratee向其传入的参数与handler有密切关系\r\n  callback：处理iteratee遍历后的结果，第一个参数为异常，第二个参数为回调结果，回调结果不一定是iteratee中回调方法传入的参数，callback根据主函数的不同特性，不一定会立即执行\r\n\r\n  每个方法都友三种形式:\r\n  xxx：iteratee并行\r\n  xxxLimit：iteratee限制并行个数并行\r\n  xxxSeries：iteratee串行\r\n\r\n  Async提供了很多针对集合的函数，可以简化我们对集合进行异步操作时的步骤。如下：\r\n  forEach：对集合中每个元素进行异步操作\r\n  map：对集合中的每个元素通过异步操作得到另一个值，得到新的集合\r\n  filter：对集合中元素使用异步操作进行筛选，得到符合条件的集合\r\n  reject：与filter相似，只是判断条件时正好相反，得到剩下的元素的集合\r\n  reduce：使用一个初始值同集合中每一个元素进行异步操作，最后得到一个唯一的结果\r\n  detect：得到集合中满足条件的第一个数据\r\n  sortBy：对集合中的数据进行异步操作，再根据值从小到大排序\r\n  some/any：集合中是否有至少一个元素满足条件\r\n  every/all：集合中是否每个元素都满足条件\r\n  concat：对集合中的元素进行异步操作，将结果集合并成一个数组\r\n\r\n sortBy【排序】测试：对coll根据返回值进行排序，handler的result为排序后的集合",
      "timedOut": false,
      "duration": 0,
      "state": "passed",
      "speed": "fast",
      "pass": true,
      "fail": false,
      "pending": false,
      "code": "console.log(\"sortBy begin...\");",
      "err": {},
      "isRoot": false,
      "uuid": "1ea85cf9-7fd6-42de-91bd-47639807f980",
      "parentUUID": "7f0f2411-12a1-4090-acc7-4e62858a52a1",
      "isHook": false,
      "skipped": false
    },
    {
      "title": "transform【轉化】测试：与reduce类似，给定一个初始容器，返回转换后的容器，如抛出错误停止循环立即执行handler",
      "fullTitle": "async模块collection测试，说明：\r\n\r\n  每个方法都有三个参数，async.xxxx(coll,iteratee(item,callback),handler(err,result))\r\n  coll：一个集合，集合中的每个元素作为iteratee的item\r\n  iteratee：处理集合中每一个元素的子函数，集合中的每个元素作为第一个入参，第二个入参是系统的一个回调方法，iteratee向其传入的参数与handler有密切关系\r\n  callback：处理iteratee遍历后的结果，第一个参数为异常，第二个参数为回调结果，回调结果不一定是iteratee中回调方法传入的参数，callback根据主函数的不同特性，不一定会立即执行\r\n\r\n  每个方法都友三种形式:\r\n  xxx：iteratee并行\r\n  xxxLimit：iteratee限制并行个数并行\r\n  xxxSeries：iteratee串行\r\n\r\n  Async提供了很多针对集合的函数，可以简化我们对集合进行异步操作时的步骤。如下：\r\n  forEach：对集合中每个元素进行异步操作\r\n  map：对集合中的每个元素通过异步操作得到另一个值，得到新的集合\r\n  filter：对集合中元素使用异步操作进行筛选，得到符合条件的集合\r\n  reject：与filter相似，只是判断条件时正好相反，得到剩下的元素的集合\r\n  reduce：使用一个初始值同集合中每一个元素进行异步操作，最后得到一个唯一的结果\r\n  detect：得到集合中满足条件的第一个数据\r\n  sortBy：对集合中的数据进行异步操作，再根据值从小到大排序\r\n  some/any：集合中是否有至少一个元素满足条件\r\n  every/all：集合中是否每个元素都满足条件\r\n  concat：对集合中的元素进行异步操作，将结果集合并成一个数组\r\n\r\n transform【轉化】测试：与reduce类似，给定一个初始容器，返回转换后的容器，如抛出错误停止循环立即执行handler",
      "timedOut": false,
      "duration": 1,
      "state": "passed",
      "speed": "fast",
      "pass": true,
      "fail": false,
      "pending": false,
      "code": "console.log(\"transform begin...\");",
      "err": {},
      "isRoot": false,
      "uuid": "2e47812e-eea9-4f75-a457-c9380937f569",
      "parentUUID": "7f0f2411-12a1-4090-acc7-4e62858a52a1",
      "isHook": false,
      "skipped": false
    }
  ],
  "allPending": [],
  "allPasses": [
    {
      "title": "concat【连接】测试：iteratee遍历完所有集合后才会调用handler,每次遍历向callback传入的参数组成一个集合作为handler的result",
      "fullTitle": "async模块collection测试，说明：\r\n\r\n  每个方法都有三个参数，async.xxxx(coll,iteratee(item,callback),handler(err,result))\r\n  coll：一个集合，集合中的每个元素作为iteratee的item\r\n  iteratee：处理集合中每一个元素的子函数，集合中的每个元素作为第一个入参，第二个入参是系统的一个回调方法，iteratee向其传入的参数与handler有密切关系\r\n  callback：处理iteratee遍历后的结果，第一个参数为异常，第二个参数为回调结果，回调结果不一定是iteratee中回调方法传入的参数，callback根据主函数的不同特性，不一定会立即执行\r\n\r\n  每个方法都友三种形式:\r\n  xxx：iteratee并行\r\n  xxxLimit：iteratee限制并行个数并行\r\n  xxxSeries：iteratee串行\r\n\r\n  Async提供了很多针对集合的函数，可以简化我们对集合进行异步操作时的步骤。如下：\r\n  forEach：对集合中每个元素进行异步操作\r\n  map：对集合中的每个元素通过异步操作得到另一个值，得到新的集合\r\n  filter：对集合中元素使用异步操作进行筛选，得到符合条件的集合\r\n  reject：与filter相似，只是判断条件时正好相反，得到剩下的元素的集合\r\n  reduce：使用一个初始值同集合中每一个元素进行异步操作，最后得到一个唯一的结果\r\n  detect：得到集合中满足条件的第一个数据\r\n  sortBy：对集合中的数据进行异步操作，再根据值从小到大排序\r\n  some/any：集合中是否有至少一个元素满足条件\r\n  every/all：集合中是否每个元素都满足条件\r\n  concat：对集合中的元素进行异步操作，将结果集合并成一个数组\r\n\r\n concat【连接】测试：iteratee遍历完所有集合后才会调用handler,每次遍历向callback传入的参数组成一个集合作为handler的result",
      "timedOut": false,
      "duration": 328,
      "state": "passed",
      "speed": "slow",
      "pass": true,
      "fail": false,
      "pending": false,
      "code": "console.log(\"concat begin...\");\nreturn coll.test_concat([1,2,3]).then(function(data,err){\n\texpect(data).to.be.an(\"array\");\n});",
      "err": {},
      "isRoot": false,
      "uuid": "c013f288-00fd-4f46-8a11-f82e4965a5d2",
      "parentUUID": "7f0f2411-12a1-4090-acc7-4e62858a52a1",
      "isHook": false,
      "skipped": false
    },
    {
      "title": "detect【监听】测试：iteratee遍历中返回true时立即调用handler，否则等待遍历完成调用，注：无论handler何时被调用，iteratee都会将coll遍历完成",
      "fullTitle": "async模块collection测试，说明：\r\n\r\n  每个方法都有三个参数，async.xxxx(coll,iteratee(item,callback),handler(err,result))\r\n  coll：一个集合，集合中的每个元素作为iteratee的item\r\n  iteratee：处理集合中每一个元素的子函数，集合中的每个元素作为第一个入参，第二个入参是系统的一个回调方法，iteratee向其传入的参数与handler有密切关系\r\n  callback：处理iteratee遍历后的结果，第一个参数为异常，第二个参数为回调结果，回调结果不一定是iteratee中回调方法传入的参数，callback根据主函数的不同特性，不一定会立即执行\r\n\r\n  每个方法都友三种形式:\r\n  xxx：iteratee并行\r\n  xxxLimit：iteratee限制并行个数并行\r\n  xxxSeries：iteratee串行\r\n\r\n  Async提供了很多针对集合的函数，可以简化我们对集合进行异步操作时的步骤。如下：\r\n  forEach：对集合中每个元素进行异步操作\r\n  map：对集合中的每个元素通过异步操作得到另一个值，得到新的集合\r\n  filter：对集合中元素使用异步操作进行筛选，得到符合条件的集合\r\n  reject：与filter相似，只是判断条件时正好相反，得到剩下的元素的集合\r\n  reduce：使用一个初始值同集合中每一个元素进行异步操作，最后得到一个唯一的结果\r\n  detect：得到集合中满足条件的第一个数据\r\n  sortBy：对集合中的数据进行异步操作，再根据值从小到大排序\r\n  some/any：集合中是否有至少一个元素满足条件\r\n  every/all：集合中是否每个元素都满足条件\r\n  concat：对集合中的元素进行异步操作，将结果集合并成一个数组\r\n\r\n detect【监听】测试：iteratee遍历中返回true时立即调用handler，否则等待遍历完成调用，注：无论handler何时被调用，iteratee都会将coll遍历完成",
      "timedOut": false,
      "duration": 119,
      "state": "passed",
      "speed": "slow",
      "pass": true,
      "fail": false,
      "pending": false,
      "code": "//async.detect(arr,async function(arr) return bool,callback(err,arr[n once bool returns true])) \nconsole.log(\"detect begin...\");\nreturn coll.test_detect([1,2,3]).then(function(data,err){\n\texpect([1,2,3]).to.include(data);\n});",
      "err": {},
      "isRoot": false,
      "uuid": "dce996f8-2c73-422d-9e0b-fdd66ac9f264",
      "parentUUID": "7f0f2411-12a1-4090-acc7-4e62858a52a1",
      "isHook": false,
      "skipped": false
    },
    {
      "title": "each【遍历】测试：iteratee遍历coll,返回异常时调用handler",
      "fullTitle": "async模块collection测试，说明：\r\n\r\n  每个方法都有三个参数，async.xxxx(coll,iteratee(item,callback),handler(err,result))\r\n  coll：一个集合，集合中的每个元素作为iteratee的item\r\n  iteratee：处理集合中每一个元素的子函数，集合中的每个元素作为第一个入参，第二个入参是系统的一个回调方法，iteratee向其传入的参数与handler有密切关系\r\n  callback：处理iteratee遍历后的结果，第一个参数为异常，第二个参数为回调结果，回调结果不一定是iteratee中回调方法传入的参数，callback根据主函数的不同特性，不一定会立即执行\r\n\r\n  每个方法都友三种形式:\r\n  xxx：iteratee并行\r\n  xxxLimit：iteratee限制并行个数并行\r\n  xxxSeries：iteratee串行\r\n\r\n  Async提供了很多针对集合的函数，可以简化我们对集合进行异步操作时的步骤。如下：\r\n  forEach：对集合中每个元素进行异步操作\r\n  map：对集合中的每个元素通过异步操作得到另一个值，得到新的集合\r\n  filter：对集合中元素使用异步操作进行筛选，得到符合条件的集合\r\n  reject：与filter相似，只是判断条件时正好相反，得到剩下的元素的集合\r\n  reduce：使用一个初始值同集合中每一个元素进行异步操作，最后得到一个唯一的结果\r\n  detect：得到集合中满足条件的第一个数据\r\n  sortBy：对集合中的数据进行异步操作，再根据值从小到大排序\r\n  some/any：集合中是否有至少一个元素满足条件\r\n  every/all：集合中是否每个元素都满足条件\r\n  concat：对集合中的元素进行异步操作，将结果集合并成一个数组\r\n\r\n each【遍历】测试：iteratee遍历coll,返回异常时调用handler",
      "timedOut": false,
      "duration": 259,
      "state": "passed",
      "speed": "slow",
      "pass": true,
      "fail": false,
      "pending": false,
      "code": "//async.each(arr,async function(item,callback),funciton(err))\nconsole.log(\"each begin...\");\nreturn coll.test_each([1,2,3]).then(function(data,err){\n\texpect(data).to.be.empty;\n});",
      "err": {},
      "isRoot": false,
      "uuid": "32c52b0b-565c-4ae3-9fbf-ebacdbf817e7",
      "parentUUID": "7f0f2411-12a1-4090-acc7-4e62858a52a1",
      "isHook": false,
      "skipped": false
    },
    {
      "title": "eachOf【索引遍历】测试：iteratee遍历coll,iteratee参数包含index[当前item在coll中的索引],返回异常时调用handler",
      "fullTitle": "async模块collection测试，说明：\r\n\r\n  每个方法都有三个参数，async.xxxx(coll,iteratee(item,callback),handler(err,result))\r\n  coll：一个集合，集合中的每个元素作为iteratee的item\r\n  iteratee：处理集合中每一个元素的子函数，集合中的每个元素作为第一个入参，第二个入参是系统的一个回调方法，iteratee向其传入的参数与handler有密切关系\r\n  callback：处理iteratee遍历后的结果，第一个参数为异常，第二个参数为回调结果，回调结果不一定是iteratee中回调方法传入的参数，callback根据主函数的不同特性，不一定会立即执行\r\n\r\n  每个方法都友三种形式:\r\n  xxx：iteratee并行\r\n  xxxLimit：iteratee限制并行个数并行\r\n  xxxSeries：iteratee串行\r\n\r\n  Async提供了很多针对集合的函数，可以简化我们对集合进行异步操作时的步骤。如下：\r\n  forEach：对集合中每个元素进行异步操作\r\n  map：对集合中的每个元素通过异步操作得到另一个值，得到新的集合\r\n  filter：对集合中元素使用异步操作进行筛选，得到符合条件的集合\r\n  reject：与filter相似，只是判断条件时正好相反，得到剩下的元素的集合\r\n  reduce：使用一个初始值同集合中每一个元素进行异步操作，最后得到一个唯一的结果\r\n  detect：得到集合中满足条件的第一个数据\r\n  sortBy：对集合中的数据进行异步操作，再根据值从小到大排序\r\n  some/any：集合中是否有至少一个元素满足条件\r\n  every/all：集合中是否每个元素都满足条件\r\n  concat：对集合中的元素进行异步操作，将结果集合并成一个数组\r\n\r\n eachOf【索引遍历】测试：iteratee遍历coll,iteratee参数包含index[当前item在coll中的索引],返回异常时调用handler",
      "timedOut": false,
      "duration": 131,
      "state": "passed",
      "speed": "slow",
      "pass": true,
      "fail": false,
      "pending": false,
      "code": "//async.eachOf(arr,async function(item,index,callback),funciton(err))\nconsole.log(\"eachOf begin...\");\nreturn coll.test_eachOf([1,2,3]).then(function(data,err){\n\texpect(data).to.be.empty;\n});",
      "err": {},
      "isRoot": false,
      "uuid": "3326a42f-f3d0-4e23-84ae-9b2a69f17729",
      "parentUUID": "7f0f2411-12a1-4090-acc7-4e62858a52a1",
      "isHook": false,
      "skipped": false
    },
    {
      "title": "every【校验】测试：与detect相反，iteratee遍历中返回false时立即调用handler，否则等待遍历完成调用，注：无论handler何时被调用，iteratee都会将coll遍历完成",
      "fullTitle": "async模块collection测试，说明：\r\n\r\n  每个方法都有三个参数，async.xxxx(coll,iteratee(item,callback),handler(err,result))\r\n  coll：一个集合，集合中的每个元素作为iteratee的item\r\n  iteratee：处理集合中每一个元素的子函数，集合中的每个元素作为第一个入参，第二个入参是系统的一个回调方法，iteratee向其传入的参数与handler有密切关系\r\n  callback：处理iteratee遍历后的结果，第一个参数为异常，第二个参数为回调结果，回调结果不一定是iteratee中回调方法传入的参数，callback根据主函数的不同特性，不一定会立即执行\r\n\r\n  每个方法都友三种形式:\r\n  xxx：iteratee并行\r\n  xxxLimit：iteratee限制并行个数并行\r\n  xxxSeries：iteratee串行\r\n\r\n  Async提供了很多针对集合的函数，可以简化我们对集合进行异步操作时的步骤。如下：\r\n  forEach：对集合中每个元素进行异步操作\r\n  map：对集合中的每个元素通过异步操作得到另一个值，得到新的集合\r\n  filter：对集合中元素使用异步操作进行筛选，得到符合条件的集合\r\n  reject：与filter相似，只是判断条件时正好相反，得到剩下的元素的集合\r\n  reduce：使用一个初始值同集合中每一个元素进行异步操作，最后得到一个唯一的结果\r\n  detect：得到集合中满足条件的第一个数据\r\n  sortBy：对集合中的数据进行异步操作，再根据值从小到大排序\r\n  some/any：集合中是否有至少一个元素满足条件\r\n  every/all：集合中是否每个元素都满足条件\r\n  concat：对集合中的元素进行异步操作，将结果集合并成一个数组\r\n\r\n every【校验】测试：与detect相反，iteratee遍历中返回false时立即调用handler，否则等待遍历完成调用，注：无论handler何时被调用，iteratee都会将coll遍历完成",
      "timedOut": false,
      "duration": 123,
      "state": "passed",
      "speed": "slow",
      "pass": true,
      "fail": false,
      "pending": false,
      "code": "//async.every(arr,async function(item,callback),funciton(err,result[called immediatly if callback return false])\nconsole.log(\"every begin...\");\nreturn coll.test_every([0,2,3]).then(function(data,err){\n\t// data value:\n\t// all pass =>true\n\t// one fail =>false immediatly\n\texpect(data).to.not.be.ok;\n});",
      "err": {},
      "isRoot": false,
      "uuid": "8f3d11ba-fb42-4384-988f-5fd21485d1cb",
      "parentUUID": "7f0f2411-12a1-4090-acc7-4e62858a52a1",
      "isHook": false,
      "skipped": false
    },
    {
      "title": "filter【过滤】测试：过滤掉coll在iteratee中返回false的item，过滤后的coll作为handler的result",
      "fullTitle": "async模块collection测试，说明：\r\n\r\n  每个方法都有三个参数，async.xxxx(coll,iteratee(item,callback),handler(err,result))\r\n  coll：一个集合，集合中的每个元素作为iteratee的item\r\n  iteratee：处理集合中每一个元素的子函数，集合中的每个元素作为第一个入参，第二个入参是系统的一个回调方法，iteratee向其传入的参数与handler有密切关系\r\n  callback：处理iteratee遍历后的结果，第一个参数为异常，第二个参数为回调结果，回调结果不一定是iteratee中回调方法传入的参数，callback根据主函数的不同特性，不一定会立即执行\r\n\r\n  每个方法都友三种形式:\r\n  xxx：iteratee并行\r\n  xxxLimit：iteratee限制并行个数并行\r\n  xxxSeries：iteratee串行\r\n\r\n  Async提供了很多针对集合的函数，可以简化我们对集合进行异步操作时的步骤。如下：\r\n  forEach：对集合中每个元素进行异步操作\r\n  map：对集合中的每个元素通过异步操作得到另一个值，得到新的集合\r\n  filter：对集合中元素使用异步操作进行筛选，得到符合条件的集合\r\n  reject：与filter相似，只是判断条件时正好相反，得到剩下的元素的集合\r\n  reduce：使用一个初始值同集合中每一个元素进行异步操作，最后得到一个唯一的结果\r\n  detect：得到集合中满足条件的第一个数据\r\n  sortBy：对集合中的数据进行异步操作，再根据值从小到大排序\r\n  some/any：集合中是否有至少一个元素满足条件\r\n  every/all：集合中是否每个元素都满足条件\r\n  concat：对集合中的元素进行异步操作，将结果集合并成一个数组\r\n\r\n filter【过滤】测试：过滤掉coll在iteratee中返回false的item，过滤后的coll作为handler的result",
      "timedOut": false,
      "duration": 2,
      "state": "passed",
      "speed": "fast",
      "pass": true,
      "fail": false,
      "pending": false,
      "code": "console.log(\"filter begin...\");",
      "err": {},
      "isRoot": false,
      "uuid": "dccd938b-b575-45c9-bee8-fafd112dfa03",
      "parentUUID": "7f0f2411-12a1-4090-acc7-4e62858a52a1",
      "isHook": false,
      "skipped": false
    },
    {
      "title": "groupBy【分组】测试：对coll进行分组，iteratee中返回的值作为key，coll中相同key的item集合作为value，分组后的集合作为handler的result",
      "fullTitle": "async模块collection测试，说明：\r\n\r\n  每个方法都有三个参数，async.xxxx(coll,iteratee(item,callback),handler(err,result))\r\n  coll：一个集合，集合中的每个元素作为iteratee的item\r\n  iteratee：处理集合中每一个元素的子函数，集合中的每个元素作为第一个入参，第二个入参是系统的一个回调方法，iteratee向其传入的参数与handler有密切关系\r\n  callback：处理iteratee遍历后的结果，第一个参数为异常，第二个参数为回调结果，回调结果不一定是iteratee中回调方法传入的参数，callback根据主函数的不同特性，不一定会立即执行\r\n\r\n  每个方法都友三种形式:\r\n  xxx：iteratee并行\r\n  xxxLimit：iteratee限制并行个数并行\r\n  xxxSeries：iteratee串行\r\n\r\n  Async提供了很多针对集合的函数，可以简化我们对集合进行异步操作时的步骤。如下：\r\n  forEach：对集合中每个元素进行异步操作\r\n  map：对集合中的每个元素通过异步操作得到另一个值，得到新的集合\r\n  filter：对集合中元素使用异步操作进行筛选，得到符合条件的集合\r\n  reject：与filter相似，只是判断条件时正好相反，得到剩下的元素的集合\r\n  reduce：使用一个初始值同集合中每一个元素进行异步操作，最后得到一个唯一的结果\r\n  detect：得到集合中满足条件的第一个数据\r\n  sortBy：对集合中的数据进行异步操作，再根据值从小到大排序\r\n  some/any：集合中是否有至少一个元素满足条件\r\n  every/all：集合中是否每个元素都满足条件\r\n  concat：对集合中的元素进行异步操作，将结果集合并成一个数组\r\n\r\n groupBy【分组】测试：对coll进行分组，iteratee中返回的值作为key，coll中相同key的item集合作为value，分组后的集合作为handler的result",
      "timedOut": false,
      "duration": 2,
      "state": "passed",
      "speed": "fast",
      "pass": true,
      "fail": false,
      "pending": false,
      "code": "console.log(\"groupBy begin...\");",
      "err": {},
      "isRoot": false,
      "uuid": "dee95fa8-d5e4-44e2-a68e-56acd0bd7abd",
      "parentUUID": "7f0f2411-12a1-4090-acc7-4e62858a52a1",
      "isHook": false,
      "skipped": false
    },
    {
      "title": "map【映射】测试：iteratee中对coll中的item进行处理，返回一个新的数组，若抛出异常handler立即执行",
      "fullTitle": "async模块collection测试，说明：\r\n\r\n  每个方法都有三个参数，async.xxxx(coll,iteratee(item,callback),handler(err,result))\r\n  coll：一个集合，集合中的每个元素作为iteratee的item\r\n  iteratee：处理集合中每一个元素的子函数，集合中的每个元素作为第一个入参，第二个入参是系统的一个回调方法，iteratee向其传入的参数与handler有密切关系\r\n  callback：处理iteratee遍历后的结果，第一个参数为异常，第二个参数为回调结果，回调结果不一定是iteratee中回调方法传入的参数，callback根据主函数的不同特性，不一定会立即执行\r\n\r\n  每个方法都友三种形式:\r\n  xxx：iteratee并行\r\n  xxxLimit：iteratee限制并行个数并行\r\n  xxxSeries：iteratee串行\r\n\r\n  Async提供了很多针对集合的函数，可以简化我们对集合进行异步操作时的步骤。如下：\r\n  forEach：对集合中每个元素进行异步操作\r\n  map：对集合中的每个元素通过异步操作得到另一个值，得到新的集合\r\n  filter：对集合中元素使用异步操作进行筛选，得到符合条件的集合\r\n  reject：与filter相似，只是判断条件时正好相反，得到剩下的元素的集合\r\n  reduce：使用一个初始值同集合中每一个元素进行异步操作，最后得到一个唯一的结果\r\n  detect：得到集合中满足条件的第一个数据\r\n  sortBy：对集合中的数据进行异步操作，再根据值从小到大排序\r\n  some/any：集合中是否有至少一个元素满足条件\r\n  every/all：集合中是否每个元素都满足条件\r\n  concat：对集合中的元素进行异步操作，将结果集合并成一个数组\r\n\r\n map【映射】测试：iteratee中对coll中的item进行处理，返回一个新的数组，若抛出异常handler立即执行",
      "timedOut": false,
      "duration": 0,
      "state": "passed",
      "speed": "fast",
      "pass": true,
      "fail": false,
      "pending": false,
      "code": "console.log(\"map begin...\");",
      "err": {},
      "isRoot": false,
      "uuid": "5ec4ba7f-2289-4a6e-a82a-b66e8f0f908e",
      "parentUUID": "7f0f2411-12a1-4090-acc7-4e62858a52a1",
      "isHook": false,
      "skipped": false
    },
    {
      "title": "mapValues【对象值映射】测试：与map类似，coll为map，iteratee中对coll中的item.value进行处理，返回一个新的对象{item.key,newVlaue}，分组后的集合作为handler的result",
      "fullTitle": "async模块collection测试，说明：\r\n\r\n  每个方法都有三个参数，async.xxxx(coll,iteratee(item,callback),handler(err,result))\r\n  coll：一个集合，集合中的每个元素作为iteratee的item\r\n  iteratee：处理集合中每一个元素的子函数，集合中的每个元素作为第一个入参，第二个入参是系统的一个回调方法，iteratee向其传入的参数与handler有密切关系\r\n  callback：处理iteratee遍历后的结果，第一个参数为异常，第二个参数为回调结果，回调结果不一定是iteratee中回调方法传入的参数，callback根据主函数的不同特性，不一定会立即执行\r\n\r\n  每个方法都友三种形式:\r\n  xxx：iteratee并行\r\n  xxxLimit：iteratee限制并行个数并行\r\n  xxxSeries：iteratee串行\r\n\r\n  Async提供了很多针对集合的函数，可以简化我们对集合进行异步操作时的步骤。如下：\r\n  forEach：对集合中每个元素进行异步操作\r\n  map：对集合中的每个元素通过异步操作得到另一个值，得到新的集合\r\n  filter：对集合中元素使用异步操作进行筛选，得到符合条件的集合\r\n  reject：与filter相似，只是判断条件时正好相反，得到剩下的元素的集合\r\n  reduce：使用一个初始值同集合中每一个元素进行异步操作，最后得到一个唯一的结果\r\n  detect：得到集合中满足条件的第一个数据\r\n  sortBy：对集合中的数据进行异步操作，再根据值从小到大排序\r\n  some/any：集合中是否有至少一个元素满足条件\r\n  every/all：集合中是否每个元素都满足条件\r\n  concat：对集合中的元素进行异步操作，将结果集合并成一个数组\r\n\r\n mapValues【对象值映射】测试：与map类似，coll为map，iteratee中对coll中的item.value进行处理，返回一个新的对象{item.key,newVlaue}，分组后的集合作为handler的result",
      "timedOut": false,
      "duration": 1,
      "state": "passed",
      "speed": "fast",
      "pass": true,
      "fail": false,
      "pending": false,
      "code": "console.log(\"mapValues begin...\");",
      "err": {},
      "isRoot": false,
      "uuid": "3bf23192-e7e9-43be-9ea7-fa0a3484683e",
      "parentUUID": "7f0f2411-12a1-4090-acc7-4e62858a52a1",
      "isHook": false,
      "skipped": false
    },
    {
      "title": "reject【排斥】测试：与filter相反，排斥coll在iteratee中返回true的item，排斥后的coll作为handler的result",
      "fullTitle": "async模块collection测试，说明：\r\n\r\n  每个方法都有三个参数，async.xxxx(coll,iteratee(item,callback),handler(err,result))\r\n  coll：一个集合，集合中的每个元素作为iteratee的item\r\n  iteratee：处理集合中每一个元素的子函数，集合中的每个元素作为第一个入参，第二个入参是系统的一个回调方法，iteratee向其传入的参数与handler有密切关系\r\n  callback：处理iteratee遍历后的结果，第一个参数为异常，第二个参数为回调结果，回调结果不一定是iteratee中回调方法传入的参数，callback根据主函数的不同特性，不一定会立即执行\r\n\r\n  每个方法都友三种形式:\r\n  xxx：iteratee并行\r\n  xxxLimit：iteratee限制并行个数并行\r\n  xxxSeries：iteratee串行\r\n\r\n  Async提供了很多针对集合的函数，可以简化我们对集合进行异步操作时的步骤。如下：\r\n  forEach：对集合中每个元素进行异步操作\r\n  map：对集合中的每个元素通过异步操作得到另一个值，得到新的集合\r\n  filter：对集合中元素使用异步操作进行筛选，得到符合条件的集合\r\n  reject：与filter相似，只是判断条件时正好相反，得到剩下的元素的集合\r\n  reduce：使用一个初始值同集合中每一个元素进行异步操作，最后得到一个唯一的结果\r\n  detect：得到集合中满足条件的第一个数据\r\n  sortBy：对集合中的数据进行异步操作，再根据值从小到大排序\r\n  some/any：集合中是否有至少一个元素满足条件\r\n  every/all：集合中是否每个元素都满足条件\r\n  concat：对集合中的元素进行异步操作，将结果集合并成一个数组\r\n\r\n reject【排斥】测试：与filter相反，排斥coll在iteratee中返回true的item，排斥后的coll作为handler的result",
      "timedOut": false,
      "duration": 0,
      "state": "passed",
      "speed": "fast",
      "pass": true,
      "fail": false,
      "pending": false,
      "code": "console.log(\"reject begin...\");",
      "err": {},
      "isRoot": false,
      "uuid": "5c050ecd-5e01-4fe2-85ae-34279cc19c0c",
      "parentUUID": "7f0f2411-12a1-4090-acc7-4e62858a52a1",
      "isHook": false,
      "skipped": false
    },
    {
      "title": "some/any【任意】测试：与detect相同，当集合中是否有至少一个元素满足条件时，最终callback得到的值为true",
      "fullTitle": "async模块collection测试，说明：\r\n\r\n  每个方法都有三个参数，async.xxxx(coll,iteratee(item,callback),handler(err,result))\r\n  coll：一个集合，集合中的每个元素作为iteratee的item\r\n  iteratee：处理集合中每一个元素的子函数，集合中的每个元素作为第一个入参，第二个入参是系统的一个回调方法，iteratee向其传入的参数与handler有密切关系\r\n  callback：处理iteratee遍历后的结果，第一个参数为异常，第二个参数为回调结果，回调结果不一定是iteratee中回调方法传入的参数，callback根据主函数的不同特性，不一定会立即执行\r\n\r\n  每个方法都友三种形式:\r\n  xxx：iteratee并行\r\n  xxxLimit：iteratee限制并行个数并行\r\n  xxxSeries：iteratee串行\r\n\r\n  Async提供了很多针对集合的函数，可以简化我们对集合进行异步操作时的步骤。如下：\r\n  forEach：对集合中每个元素进行异步操作\r\n  map：对集合中的每个元素通过异步操作得到另一个值，得到新的集合\r\n  filter：对集合中元素使用异步操作进行筛选，得到符合条件的集合\r\n  reject：与filter相似，只是判断条件时正好相反，得到剩下的元素的集合\r\n  reduce：使用一个初始值同集合中每一个元素进行异步操作，最后得到一个唯一的结果\r\n  detect：得到集合中满足条件的第一个数据\r\n  sortBy：对集合中的数据进行异步操作，再根据值从小到大排序\r\n  some/any：集合中是否有至少一个元素满足条件\r\n  every/all：集合中是否每个元素都满足条件\r\n  concat：对集合中的元素进行异步操作，将结果集合并成一个数组\r\n\r\n some/any【任意】测试：与detect相同，当集合中是否有至少一个元素满足条件时，最终callback得到的值为true",
      "timedOut": false,
      "duration": 3,
      "state": "passed",
      "speed": "fast",
      "pass": true,
      "fail": false,
      "pending": false,
      "code": "console.log(\"some begin...\");",
      "err": {},
      "isRoot": false,
      "uuid": "a6395086-0c40-492b-a361-aa52bc022f4f",
      "parentUUID": "7f0f2411-12a1-4090-acc7-4e62858a52a1",
      "isHook": false,
      "skipped": false
    },
    {
      "title": "reduce/reduceRight【换算】测试：给定一个初始值，对集合中的元素做换算，返回换算后的值，如抛出错误停止循环立即执行handler，注：reduce执行方式为串行,默认从左到右,reduceRight从右到左",
      "fullTitle": "async模块collection测试，说明：\r\n\r\n  每个方法都有三个参数，async.xxxx(coll,iteratee(item,callback),handler(err,result))\r\n  coll：一个集合，集合中的每个元素作为iteratee的item\r\n  iteratee：处理集合中每一个元素的子函数，集合中的每个元素作为第一个入参，第二个入参是系统的一个回调方法，iteratee向其传入的参数与handler有密切关系\r\n  callback：处理iteratee遍历后的结果，第一个参数为异常，第二个参数为回调结果，回调结果不一定是iteratee中回调方法传入的参数，callback根据主函数的不同特性，不一定会立即执行\r\n\r\n  每个方法都友三种形式:\r\n  xxx：iteratee并行\r\n  xxxLimit：iteratee限制并行个数并行\r\n  xxxSeries：iteratee串行\r\n\r\n  Async提供了很多针对集合的函数，可以简化我们对集合进行异步操作时的步骤。如下：\r\n  forEach：对集合中每个元素进行异步操作\r\n  map：对集合中的每个元素通过异步操作得到另一个值，得到新的集合\r\n  filter：对集合中元素使用异步操作进行筛选，得到符合条件的集合\r\n  reject：与filter相似，只是判断条件时正好相反，得到剩下的元素的集合\r\n  reduce：使用一个初始值同集合中每一个元素进行异步操作，最后得到一个唯一的结果\r\n  detect：得到集合中满足条件的第一个数据\r\n  sortBy：对集合中的数据进行异步操作，再根据值从小到大排序\r\n  some/any：集合中是否有至少一个元素满足条件\r\n  every/all：集合中是否每个元素都满足条件\r\n  concat：对集合中的元素进行异步操作，将结果集合并成一个数组\r\n\r\n reduce/reduceRight【换算】测试：给定一个初始值，对集合中的元素做换算，返回换算后的值，如抛出错误停止循环立即执行handler，注：reduce执行方式为串行,默认从左到右,reduceRight从右到左",
      "timedOut": false,
      "duration": 0,
      "state": "passed",
      "speed": "fast",
      "pass": true,
      "fail": false,
      "pending": false,
      "code": "console.log(\"reduce begin...\");",
      "err": {},
      "isRoot": false,
      "uuid": "7734f21c-3f2e-41d8-9501-59efe11a826d",
      "parentUUID": "7f0f2411-12a1-4090-acc7-4e62858a52a1",
      "isHook": false,
      "skipped": false
    },
    {
      "title": "sortBy【排序】测试：对coll根据返回值进行排序，handler的result为排序后的集合",
      "fullTitle": "async模块collection测试，说明：\r\n\r\n  每个方法都有三个参数，async.xxxx(coll,iteratee(item,callback),handler(err,result))\r\n  coll：一个集合，集合中的每个元素作为iteratee的item\r\n  iteratee：处理集合中每一个元素的子函数，集合中的每个元素作为第一个入参，第二个入参是系统的一个回调方法，iteratee向其传入的参数与handler有密切关系\r\n  callback：处理iteratee遍历后的结果，第一个参数为异常，第二个参数为回调结果，回调结果不一定是iteratee中回调方法传入的参数，callback根据主函数的不同特性，不一定会立即执行\r\n\r\n  每个方法都友三种形式:\r\n  xxx：iteratee并行\r\n  xxxLimit：iteratee限制并行个数并行\r\n  xxxSeries：iteratee串行\r\n\r\n  Async提供了很多针对集合的函数，可以简化我们对集合进行异步操作时的步骤。如下：\r\n  forEach：对集合中每个元素进行异步操作\r\n  map：对集合中的每个元素通过异步操作得到另一个值，得到新的集合\r\n  filter：对集合中元素使用异步操作进行筛选，得到符合条件的集合\r\n  reject：与filter相似，只是判断条件时正好相反，得到剩下的元素的集合\r\n  reduce：使用一个初始值同集合中每一个元素进行异步操作，最后得到一个唯一的结果\r\n  detect：得到集合中满足条件的第一个数据\r\n  sortBy：对集合中的数据进行异步操作，再根据值从小到大排序\r\n  some/any：集合中是否有至少一个元素满足条件\r\n  every/all：集合中是否每个元素都满足条件\r\n  concat：对集合中的元素进行异步操作，将结果集合并成一个数组\r\n\r\n sortBy【排序】测试：对coll根据返回值进行排序，handler的result为排序后的集合",
      "timedOut": false,
      "duration": 0,
      "state": "passed",
      "speed": "fast",
      "pass": true,
      "fail": false,
      "pending": false,
      "code": "console.log(\"sortBy begin...\");",
      "err": {},
      "isRoot": false,
      "uuid": "1ea85cf9-7fd6-42de-91bd-47639807f980",
      "parentUUID": "7f0f2411-12a1-4090-acc7-4e62858a52a1",
      "isHook": false,
      "skipped": false
    },
    {
      "title": "transform【轉化】测试：与reduce类似，给定一个初始容器，返回转换后的容器，如抛出错误停止循环立即执行handler",
      "fullTitle": "async模块collection测试，说明：\r\n\r\n  每个方法都有三个参数，async.xxxx(coll,iteratee(item,callback),handler(err,result))\r\n  coll：一个集合，集合中的每个元素作为iteratee的item\r\n  iteratee：处理集合中每一个元素的子函数，集合中的每个元素作为第一个入参，第二个入参是系统的一个回调方法，iteratee向其传入的参数与handler有密切关系\r\n  callback：处理iteratee遍历后的结果，第一个参数为异常，第二个参数为回调结果，回调结果不一定是iteratee中回调方法传入的参数，callback根据主函数的不同特性，不一定会立即执行\r\n\r\n  每个方法都友三种形式:\r\n  xxx：iteratee并行\r\n  xxxLimit：iteratee限制并行个数并行\r\n  xxxSeries：iteratee串行\r\n\r\n  Async提供了很多针对集合的函数，可以简化我们对集合进行异步操作时的步骤。如下：\r\n  forEach：对集合中每个元素进行异步操作\r\n  map：对集合中的每个元素通过异步操作得到另一个值，得到新的集合\r\n  filter：对集合中元素使用异步操作进行筛选，得到符合条件的集合\r\n  reject：与filter相似，只是判断条件时正好相反，得到剩下的元素的集合\r\n  reduce：使用一个初始值同集合中每一个元素进行异步操作，最后得到一个唯一的结果\r\n  detect：得到集合中满足条件的第一个数据\r\n  sortBy：对集合中的数据进行异步操作，再根据值从小到大排序\r\n  some/any：集合中是否有至少一个元素满足条件\r\n  every/all：集合中是否每个元素都满足条件\r\n  concat：对集合中的元素进行异步操作，将结果集合并成一个数组\r\n\r\n transform【轉化】测试：与reduce类似，给定一个初始容器，返回转换后的容器，如抛出错误停止循环立即执行handler",
      "timedOut": false,
      "duration": 1,
      "state": "passed",
      "speed": "fast",
      "pass": true,
      "fail": false,
      "pending": false,
      "code": "console.log(\"transform begin...\");",
      "err": {},
      "isRoot": false,
      "uuid": "2e47812e-eea9-4f75-a457-c9380937f569",
      "parentUUID": "7f0f2411-12a1-4090-acc7-4e62858a52a1",
      "isHook": false,
      "skipped": false
    }
  ],
  "allFailures": [],
  "copyrightYear": 2017
}