{
  "stats": {
    "suites": 1,
    "tests": 10,
    "passes": 10,
    "pending": 0,
    "failures": 0,
    "start": "2017-07-07T16:27:16.315Z",
    "end": "2017-07-07T16:27:18.563Z",
    "duration": 2249,
    "testsRegistered": 10,
    "passPercent": 100,
    "pendingPercent": 0,
    "other": 0,
    "hasOther": false,
    "skipped": 0,
    "hasSkipped": false,
    "passPercentClass": "success",
    "pendingPercentClass": "danger"
  },
  "suites": {
    "title": "",
    "suites": [
      {
        "title": "async模块collection测试",
        "suites": [],
        "tests": [
          {
            "title": "concat测试：parallel=>async.concat(arr,async function(arr) return obj,callback(err,obj_arr)) ",
            "fullTitle": "async模块collection测试 concat测试：parallel=>async.concat(arr,async function(arr) return obj,callback(err,obj_arr)) ",
            "timedOut": false,
            "duration": 355,
            "state": "passed",
            "speed": "slow",
            "pass": true,
            "fail": false,
            "pending": false,
            "code": "return coll.test_concat([1,2,3]).then(function(data,err){\n\texpect(data).to.be.an(\"array\");\n});",
            "err": {},
            "isRoot": false,
            "uuid": "89b7877d-d1a1-4873-8541-27362be79143",
            "parentUUID": "b5c784b1-ae56-410d-a92a-a6d1303f1b48",
            "isHook": false,
            "skipped": false
          },
          {
            "title": "concatLimit测试：parallel=>async.concatLimit(arr,limit[parallel num once],async function(arr) return obj,callback(err,obj_arr)) ",
            "fullTitle": "async模块collection测试 concatLimit测试：parallel=>async.concatLimit(arr,limit[parallel num once],async function(arr) return obj,callback(err,obj_arr)) ",
            "timedOut": false,
            "duration": 241,
            "state": "passed",
            "speed": "slow",
            "pass": true,
            "fail": false,
            "pending": false,
            "code": "return coll.test_concatLimit([1,2,3],2).then(function(data,err){\n\texpect(data).to.be.an(\"array\");\n});",
            "err": {},
            "isRoot": false,
            "uuid": "66819489-1054-416b-a6ef-2a5eb115e6ad",
            "parentUUID": "b5c784b1-ae56-410d-a92a-a6d1303f1b48",
            "isHook": false,
            "skipped": false
          },
          {
            "title": "concatSeries测试：series=>async.concatSeries(arr,async function(arr) return obj,callback(err,obj_arr)) ",
            "fullTitle": "async模块collection测试 concatSeries测试：series=>async.concatSeries(arr,async function(arr) return obj,callback(err,obj_arr)) ",
            "timedOut": false,
            "duration": 369,
            "state": "passed",
            "speed": "slow",
            "pass": true,
            "fail": false,
            "pending": false,
            "code": "return coll.test_concatSeries([1,2,3]).then(function(data,err){\n\texpect(data).to.be.an(\"array\");\n});",
            "err": {},
            "isRoot": false,
            "uuid": "537098dc-1069-4209-a9c4-a23a3bf79312",
            "parentUUID": "b5c784b1-ae56-410d-a92a-a6d1303f1b48",
            "isHook": false,
            "skipped": false
          },
          {
            "title": "detect测试：parallel=>async.detect(arr,async function(arr) return bool,callback(err,arr[n once bool returns true])) ",
            "fullTitle": "async模块collection测试 detect测试：parallel=>async.detect(arr,async function(arr) return bool,callback(err,arr[n once bool returns true])) ",
            "timedOut": false,
            "duration": 116,
            "state": "passed",
            "speed": "slow",
            "pass": true,
            "fail": false,
            "pending": false,
            "code": "return coll.test_detect([1,2,3]).then(function(data,err){\n\texpect([1,2,3]).to.include(data);\n});",
            "err": {},
            "isRoot": false,
            "uuid": "d77b38eb-1e7f-4063-b3f3-5d8a492ace94",
            "parentUUID": "b5c784b1-ae56-410d-a92a-a6d1303f1b48",
            "isHook": false,
            "skipped": false
          },
          {
            "title": "detectLimit测试：parallel=>async.detectLimit(arr,limit[parallel num once],async function(err) return bool,callback(err,arr[n once bool returns true]))",
            "fullTitle": "async模块collection测试 detectLimit测试：parallel=>async.detectLimit(arr,limit[parallel num once],async function(err) return bool,callback(err,arr[n once bool returns true]))",
            "timedOut": false,
            "duration": 114,
            "state": "passed",
            "speed": "slow",
            "pass": true,
            "fail": false,
            "pending": false,
            "code": "return coll.test_detectLimit([1,2,3],2).then(function(data,err){\n\texpect([1,2]).to.include(data);\n});",
            "err": {},
            "isRoot": false,
            "uuid": "455b184e-13bb-40fe-95bf-f03eaf04c4de",
            "parentUUID": "b5c784b1-ae56-410d-a92a-a6d1303f1b48",
            "isHook": false,
            "skipped": false
          },
          {
            "title": "detectSeries测试：series=>async.detectSeries(arr,async function(arr) return bool,callback(err,arr[n once bool returns true]))",
            "fullTitle": "async模块collection测试 detectSeries测试：series=>async.detectSeries(arr,async function(arr) return bool,callback(err,arr[n once bool returns true]))",
            "timedOut": false,
            "duration": 252,
            "state": "passed",
            "speed": "slow",
            "pass": true,
            "fail": false,
            "pending": false,
            "code": "return coll.test_detectSeries([0,2,3]).then(function(data,err){\n\texpect(2).to.equal(data);\n});",
            "err": {},
            "isRoot": false,
            "uuid": "b9dff581-1132-4d1c-9f9e-43925d6c5345",
            "parentUUID": "b5c784b1-ae56-410d-a92a-a6d1303f1b48",
            "isHook": false,
            "skipped": false
          },
          {
            "title": "each测试：parallel=>async.each(arr,async function(item,callback),funciton(err))",
            "fullTitle": "async模块collection测试 each测试：parallel=>async.each(arr,async function(item,callback),funciton(err))",
            "timedOut": false,
            "duration": 127,
            "state": "passed",
            "speed": "slow",
            "pass": true,
            "fail": false,
            "pending": false,
            "code": "return coll.test_each([1,2,3]).then(function(data,err){\n\texpect(data).to.be.empty;\n});",
            "err": {},
            "isRoot": false,
            "uuid": "c0375a53-6e89-4a14-84f3-fe62df50d018",
            "parentUUID": "b5c784b1-ae56-410d-a92a-a6d1303f1b48",
            "isHook": false,
            "skipped": false
          },
          {
            "title": "eachLimit测试：parallel=>async.eachLimit(arr,limit,async function(item,callback),funciton(err))",
            "fullTitle": "async模块collection测试 eachLimit测试：parallel=>async.eachLimit(arr,limit,async function(item,callback),funciton(err))",
            "timedOut": false,
            "duration": 240,
            "state": "passed",
            "speed": "slow",
            "pass": true,
            "fail": false,
            "pending": false,
            "code": "return coll.test_eachLimit([1,2,3],2).then(function(data,err){\n\texpect(data).to.be.empty;\n});",
            "err": {},
            "isRoot": false,
            "uuid": "9d10b1ca-5ef4-424b-85c5-b5134aec21c2",
            "parentUUID": "b5c784b1-ae56-410d-a92a-a6d1303f1b48",
            "isHook": false,
            "skipped": false
          },
          {
            "title": "eachOf测试：parallel=>async.eachOf(arr,async function(item,index,callback),funciton(err))",
            "fullTitle": "async模块collection测试 eachOf测试：parallel=>async.eachOf(arr,async function(item,index,callback),funciton(err))",
            "timedOut": false,
            "duration": 125,
            "state": "passed",
            "speed": "slow",
            "pass": true,
            "fail": false,
            "pending": false,
            "code": "return coll.test_eachOf([1,2,3]).then(function(data,err){\n\texpect(data).to.be.empty;\n});",
            "err": {},
            "isRoot": false,
            "uuid": "e08b7190-c015-4a32-8ccd-fbf24e59a33b",
            "parentUUID": "b5c784b1-ae56-410d-a92a-a6d1303f1b48",
            "isHook": false,
            "skipped": false
          },
          {
            "title": "eachOfLimit测试：parallel=>async.eachOfLimit(arr,limit,async function(item,index,callback),funciton(err))",
            "fullTitle": "async模块collection测试 eachOfLimit测试：parallel=>async.eachOfLimit(arr,limit,async function(item,index,callback),funciton(err))",
            "timedOut": false,
            "duration": 245,
            "state": "passed",
            "speed": "slow",
            "pass": true,
            "fail": false,
            "pending": false,
            "code": "return coll.test_eachOfLimit([1,2,3],2).then(function(data,err){\n\texpect(data).to.be.empty;\n});",
            "err": {},
            "isRoot": false,
            "uuid": "f20876f5-b407-49fe-bc6f-6c94daac866f",
            "parentUUID": "b5c784b1-ae56-410d-a92a-a6d1303f1b48",
            "isHook": false,
            "skipped": false
          }
        ],
        "pending": [],
        "root": false,
        "_timeout": 2000,
        "file": "\\test\\coll.test.js",
        "uuid": "b5c784b1-ae56-410d-a92a-a6d1303f1b48",
        "beforeHooks": [],
        "afterHooks": [],
        "fullFile": "D:\\coding\\git_repository\\utils\\async_demo\\test\\coll.test.js",
        "passes": [
          {
            "title": "concat测试：parallel=>async.concat(arr,async function(arr) return obj,callback(err,obj_arr)) ",
            "fullTitle": "async模块collection测试 concat测试：parallel=>async.concat(arr,async function(arr) return obj,callback(err,obj_arr)) ",
            "timedOut": false,
            "duration": 355,
            "state": "passed",
            "speed": "slow",
            "pass": true,
            "fail": false,
            "pending": false,
            "code": "return coll.test_concat([1,2,3]).then(function(data,err){\n\texpect(data).to.be.an(\"array\");\n});",
            "err": {},
            "isRoot": false,
            "uuid": "89b7877d-d1a1-4873-8541-27362be79143",
            "parentUUID": "b5c784b1-ae56-410d-a92a-a6d1303f1b48",
            "isHook": false,
            "skipped": false
          },
          {
            "title": "concatLimit测试：parallel=>async.concatLimit(arr,limit[parallel num once],async function(arr) return obj,callback(err,obj_arr)) ",
            "fullTitle": "async模块collection测试 concatLimit测试：parallel=>async.concatLimit(arr,limit[parallel num once],async function(arr) return obj,callback(err,obj_arr)) ",
            "timedOut": false,
            "duration": 241,
            "state": "passed",
            "speed": "slow",
            "pass": true,
            "fail": false,
            "pending": false,
            "code": "return coll.test_concatLimit([1,2,3],2).then(function(data,err){\n\texpect(data).to.be.an(\"array\");\n});",
            "err": {},
            "isRoot": false,
            "uuid": "66819489-1054-416b-a6ef-2a5eb115e6ad",
            "parentUUID": "b5c784b1-ae56-410d-a92a-a6d1303f1b48",
            "isHook": false,
            "skipped": false
          },
          {
            "title": "concatSeries测试：series=>async.concatSeries(arr,async function(arr) return obj,callback(err,obj_arr)) ",
            "fullTitle": "async模块collection测试 concatSeries测试：series=>async.concatSeries(arr,async function(arr) return obj,callback(err,obj_arr)) ",
            "timedOut": false,
            "duration": 369,
            "state": "passed",
            "speed": "slow",
            "pass": true,
            "fail": false,
            "pending": false,
            "code": "return coll.test_concatSeries([1,2,3]).then(function(data,err){\n\texpect(data).to.be.an(\"array\");\n});",
            "err": {},
            "isRoot": false,
            "uuid": "537098dc-1069-4209-a9c4-a23a3bf79312",
            "parentUUID": "b5c784b1-ae56-410d-a92a-a6d1303f1b48",
            "isHook": false,
            "skipped": false
          },
          {
            "title": "detect测试：parallel=>async.detect(arr,async function(arr) return bool,callback(err,arr[n once bool returns true])) ",
            "fullTitle": "async模块collection测试 detect测试：parallel=>async.detect(arr,async function(arr) return bool,callback(err,arr[n once bool returns true])) ",
            "timedOut": false,
            "duration": 116,
            "state": "passed",
            "speed": "slow",
            "pass": true,
            "fail": false,
            "pending": false,
            "code": "return coll.test_detect([1,2,3]).then(function(data,err){\n\texpect([1,2,3]).to.include(data);\n});",
            "err": {},
            "isRoot": false,
            "uuid": "d77b38eb-1e7f-4063-b3f3-5d8a492ace94",
            "parentUUID": "b5c784b1-ae56-410d-a92a-a6d1303f1b48",
            "isHook": false,
            "skipped": false
          },
          {
            "title": "detectLimit测试：parallel=>async.detectLimit(arr,limit[parallel num once],async function(err) return bool,callback(err,arr[n once bool returns true]))",
            "fullTitle": "async模块collection测试 detectLimit测试：parallel=>async.detectLimit(arr,limit[parallel num once],async function(err) return bool,callback(err,arr[n once bool returns true]))",
            "timedOut": false,
            "duration": 114,
            "state": "passed",
            "speed": "slow",
            "pass": true,
            "fail": false,
            "pending": false,
            "code": "return coll.test_detectLimit([1,2,3],2).then(function(data,err){\n\texpect([1,2]).to.include(data);\n});",
            "err": {},
            "isRoot": false,
            "uuid": "455b184e-13bb-40fe-95bf-f03eaf04c4de",
            "parentUUID": "b5c784b1-ae56-410d-a92a-a6d1303f1b48",
            "isHook": false,
            "skipped": false
          },
          {
            "title": "detectSeries测试：series=>async.detectSeries(arr,async function(arr) return bool,callback(err,arr[n once bool returns true]))",
            "fullTitle": "async模块collection测试 detectSeries测试：series=>async.detectSeries(arr,async function(arr) return bool,callback(err,arr[n once bool returns true]))",
            "timedOut": false,
            "duration": 252,
            "state": "passed",
            "speed": "slow",
            "pass": true,
            "fail": false,
            "pending": false,
            "code": "return coll.test_detectSeries([0,2,3]).then(function(data,err){\n\texpect(2).to.equal(data);\n});",
            "err": {},
            "isRoot": false,
            "uuid": "b9dff581-1132-4d1c-9f9e-43925d6c5345",
            "parentUUID": "b5c784b1-ae56-410d-a92a-a6d1303f1b48",
            "isHook": false,
            "skipped": false
          },
          {
            "title": "each测试：parallel=>async.each(arr,async function(item,callback),funciton(err))",
            "fullTitle": "async模块collection测试 each测试：parallel=>async.each(arr,async function(item,callback),funciton(err))",
            "timedOut": false,
            "duration": 127,
            "state": "passed",
            "speed": "slow",
            "pass": true,
            "fail": false,
            "pending": false,
            "code": "return coll.test_each([1,2,3]).then(function(data,err){\n\texpect(data).to.be.empty;\n});",
            "err": {},
            "isRoot": false,
            "uuid": "c0375a53-6e89-4a14-84f3-fe62df50d018",
            "parentUUID": "b5c784b1-ae56-410d-a92a-a6d1303f1b48",
            "isHook": false,
            "skipped": false
          },
          {
            "title": "eachLimit测试：parallel=>async.eachLimit(arr,limit,async function(item,callback),funciton(err))",
            "fullTitle": "async模块collection测试 eachLimit测试：parallel=>async.eachLimit(arr,limit,async function(item,callback),funciton(err))",
            "timedOut": false,
            "duration": 240,
            "state": "passed",
            "speed": "slow",
            "pass": true,
            "fail": false,
            "pending": false,
            "code": "return coll.test_eachLimit([1,2,3],2).then(function(data,err){\n\texpect(data).to.be.empty;\n});",
            "err": {},
            "isRoot": false,
            "uuid": "9d10b1ca-5ef4-424b-85c5-b5134aec21c2",
            "parentUUID": "b5c784b1-ae56-410d-a92a-a6d1303f1b48",
            "isHook": false,
            "skipped": false
          },
          {
            "title": "eachOf测试：parallel=>async.eachOf(arr,async function(item,index,callback),funciton(err))",
            "fullTitle": "async模块collection测试 eachOf测试：parallel=>async.eachOf(arr,async function(item,index,callback),funciton(err))",
            "timedOut": false,
            "duration": 125,
            "state": "passed",
            "speed": "slow",
            "pass": true,
            "fail": false,
            "pending": false,
            "code": "return coll.test_eachOf([1,2,3]).then(function(data,err){\n\texpect(data).to.be.empty;\n});",
            "err": {},
            "isRoot": false,
            "uuid": "e08b7190-c015-4a32-8ccd-fbf24e59a33b",
            "parentUUID": "b5c784b1-ae56-410d-a92a-a6d1303f1b48",
            "isHook": false,
            "skipped": false
          },
          {
            "title": "eachOfLimit测试：parallel=>async.eachOfLimit(arr,limit,async function(item,index,callback),funciton(err))",
            "fullTitle": "async模块collection测试 eachOfLimit测试：parallel=>async.eachOfLimit(arr,limit,async function(item,index,callback),funciton(err))",
            "timedOut": false,
            "duration": 245,
            "state": "passed",
            "speed": "slow",
            "pass": true,
            "fail": false,
            "pending": false,
            "code": "return coll.test_eachOfLimit([1,2,3],2).then(function(data,err){\n\texpect(data).to.be.empty;\n});",
            "err": {},
            "isRoot": false,
            "uuid": "f20876f5-b407-49fe-bc6f-6c94daac866f",
            "parentUUID": "b5c784b1-ae56-410d-a92a-a6d1303f1b48",
            "isHook": false,
            "skipped": false
          }
        ],
        "failures": [],
        "skipped": [],
        "hasBeforeHooks": false,
        "hasAfterHooks": false,
        "hasTests": true,
        "hasSuites": false,
        "totalTests": 10,
        "totalPasses": 10,
        "totalFailures": 0,
        "totalPending": 0,
        "totalSkipped": 0,
        "hasPasses": true,
        "hasFailures": false,
        "hasPending": false,
        "hasSkipped": false,
        "duration": 2184,
        "rootEmpty": false
      }
    ],
    "tests": [],
    "pending": [],
    "root": true,
    "_timeout": 2000,
    "uuid": "fa9ef674-4a25-4dec-b8c9-3f65340dc675",
    "beforeHooks": [],
    "afterHooks": [],
    "fullFile": "",
    "file": "",
    "passes": [],
    "failures": [],
    "skipped": [],
    "hasBeforeHooks": false,
    "hasAfterHooks": false,
    "hasTests": false,
    "hasSuites": true,
    "totalTests": 0,
    "totalPasses": 0,
    "totalFailures": 0,
    "totalPending": 0,
    "totalSkipped": 0,
    "hasPasses": false,
    "hasFailures": false,
    "hasPending": false,
    "hasSkipped": false,
    "duration": 0,
    "rootEmpty": true
  },
  "allTests": [
    {
      "title": "concat测试：parallel=>async.concat(arr,async function(arr) return obj,callback(err,obj_arr)) ",
      "fullTitle": "async模块collection测试 concat测试：parallel=>async.concat(arr,async function(arr) return obj,callback(err,obj_arr)) ",
      "timedOut": false,
      "duration": 355,
      "state": "passed",
      "speed": "slow",
      "pass": true,
      "fail": false,
      "pending": false,
      "code": "return coll.test_concat([1,2,3]).then(function(data,err){\n\texpect(data).to.be.an(\"array\");\n});",
      "err": {},
      "isRoot": false,
      "uuid": "89b7877d-d1a1-4873-8541-27362be79143",
      "parentUUID": "b5c784b1-ae56-410d-a92a-a6d1303f1b48",
      "isHook": false,
      "skipped": false
    },
    {
      "title": "concatLimit测试：parallel=>async.concatLimit(arr,limit[parallel num once],async function(arr) return obj,callback(err,obj_arr)) ",
      "fullTitle": "async模块collection测试 concatLimit测试：parallel=>async.concatLimit(arr,limit[parallel num once],async function(arr) return obj,callback(err,obj_arr)) ",
      "timedOut": false,
      "duration": 241,
      "state": "passed",
      "speed": "slow",
      "pass": true,
      "fail": false,
      "pending": false,
      "code": "return coll.test_concatLimit([1,2,3],2).then(function(data,err){\n\texpect(data).to.be.an(\"array\");\n});",
      "err": {},
      "isRoot": false,
      "uuid": "66819489-1054-416b-a6ef-2a5eb115e6ad",
      "parentUUID": "b5c784b1-ae56-410d-a92a-a6d1303f1b48",
      "isHook": false,
      "skipped": false
    },
    {
      "title": "concatSeries测试：series=>async.concatSeries(arr,async function(arr) return obj,callback(err,obj_arr)) ",
      "fullTitle": "async模块collection测试 concatSeries测试：series=>async.concatSeries(arr,async function(arr) return obj,callback(err,obj_arr)) ",
      "timedOut": false,
      "duration": 369,
      "state": "passed",
      "speed": "slow",
      "pass": true,
      "fail": false,
      "pending": false,
      "code": "return coll.test_concatSeries([1,2,3]).then(function(data,err){\n\texpect(data).to.be.an(\"array\");\n});",
      "err": {},
      "isRoot": false,
      "uuid": "537098dc-1069-4209-a9c4-a23a3bf79312",
      "parentUUID": "b5c784b1-ae56-410d-a92a-a6d1303f1b48",
      "isHook": false,
      "skipped": false
    },
    {
      "title": "detect测试：parallel=>async.detect(arr,async function(arr) return bool,callback(err,arr[n once bool returns true])) ",
      "fullTitle": "async模块collection测试 detect测试：parallel=>async.detect(arr,async function(arr) return bool,callback(err,arr[n once bool returns true])) ",
      "timedOut": false,
      "duration": 116,
      "state": "passed",
      "speed": "slow",
      "pass": true,
      "fail": false,
      "pending": false,
      "code": "return coll.test_detect([1,2,3]).then(function(data,err){\n\texpect([1,2,3]).to.include(data);\n});",
      "err": {},
      "isRoot": false,
      "uuid": "d77b38eb-1e7f-4063-b3f3-5d8a492ace94",
      "parentUUID": "b5c784b1-ae56-410d-a92a-a6d1303f1b48",
      "isHook": false,
      "skipped": false
    },
    {
      "title": "detectLimit测试：parallel=>async.detectLimit(arr,limit[parallel num once],async function(err) return bool,callback(err,arr[n once bool returns true]))",
      "fullTitle": "async模块collection测试 detectLimit测试：parallel=>async.detectLimit(arr,limit[parallel num once],async function(err) return bool,callback(err,arr[n once bool returns true]))",
      "timedOut": false,
      "duration": 114,
      "state": "passed",
      "speed": "slow",
      "pass": true,
      "fail": false,
      "pending": false,
      "code": "return coll.test_detectLimit([1,2,3],2).then(function(data,err){\n\texpect([1,2]).to.include(data);\n});",
      "err": {},
      "isRoot": false,
      "uuid": "455b184e-13bb-40fe-95bf-f03eaf04c4de",
      "parentUUID": "b5c784b1-ae56-410d-a92a-a6d1303f1b48",
      "isHook": false,
      "skipped": false
    },
    {
      "title": "detectSeries测试：series=>async.detectSeries(arr,async function(arr) return bool,callback(err,arr[n once bool returns true]))",
      "fullTitle": "async模块collection测试 detectSeries测试：series=>async.detectSeries(arr,async function(arr) return bool,callback(err,arr[n once bool returns true]))",
      "timedOut": false,
      "duration": 252,
      "state": "passed",
      "speed": "slow",
      "pass": true,
      "fail": false,
      "pending": false,
      "code": "return coll.test_detectSeries([0,2,3]).then(function(data,err){\n\texpect(2).to.equal(data);\n});",
      "err": {},
      "isRoot": false,
      "uuid": "b9dff581-1132-4d1c-9f9e-43925d6c5345",
      "parentUUID": "b5c784b1-ae56-410d-a92a-a6d1303f1b48",
      "isHook": false,
      "skipped": false
    },
    {
      "title": "each测试：parallel=>async.each(arr,async function(item,callback),funciton(err))",
      "fullTitle": "async模块collection测试 each测试：parallel=>async.each(arr,async function(item,callback),funciton(err))",
      "timedOut": false,
      "duration": 127,
      "state": "passed",
      "speed": "slow",
      "pass": true,
      "fail": false,
      "pending": false,
      "code": "return coll.test_each([1,2,3]).then(function(data,err){\n\texpect(data).to.be.empty;\n});",
      "err": {},
      "isRoot": false,
      "uuid": "c0375a53-6e89-4a14-84f3-fe62df50d018",
      "parentUUID": "b5c784b1-ae56-410d-a92a-a6d1303f1b48",
      "isHook": false,
      "skipped": false
    },
    {
      "title": "eachLimit测试：parallel=>async.eachLimit(arr,limit,async function(item,callback),funciton(err))",
      "fullTitle": "async模块collection测试 eachLimit测试：parallel=>async.eachLimit(arr,limit,async function(item,callback),funciton(err))",
      "timedOut": false,
      "duration": 240,
      "state": "passed",
      "speed": "slow",
      "pass": true,
      "fail": false,
      "pending": false,
      "code": "return coll.test_eachLimit([1,2,3],2).then(function(data,err){\n\texpect(data).to.be.empty;\n});",
      "err": {},
      "isRoot": false,
      "uuid": "9d10b1ca-5ef4-424b-85c5-b5134aec21c2",
      "parentUUID": "b5c784b1-ae56-410d-a92a-a6d1303f1b48",
      "isHook": false,
      "skipped": false
    },
    {
      "title": "eachOf测试：parallel=>async.eachOf(arr,async function(item,index,callback),funciton(err))",
      "fullTitle": "async模块collection测试 eachOf测试：parallel=>async.eachOf(arr,async function(item,index,callback),funciton(err))",
      "timedOut": false,
      "duration": 125,
      "state": "passed",
      "speed": "slow",
      "pass": true,
      "fail": false,
      "pending": false,
      "code": "return coll.test_eachOf([1,2,3]).then(function(data,err){\n\texpect(data).to.be.empty;\n});",
      "err": {},
      "isRoot": false,
      "uuid": "e08b7190-c015-4a32-8ccd-fbf24e59a33b",
      "parentUUID": "b5c784b1-ae56-410d-a92a-a6d1303f1b48",
      "isHook": false,
      "skipped": false
    },
    {
      "title": "eachOfLimit测试：parallel=>async.eachOfLimit(arr,limit,async function(item,index,callback),funciton(err))",
      "fullTitle": "async模块collection测试 eachOfLimit测试：parallel=>async.eachOfLimit(arr,limit,async function(item,index,callback),funciton(err))",
      "timedOut": false,
      "duration": 245,
      "state": "passed",
      "speed": "slow",
      "pass": true,
      "fail": false,
      "pending": false,
      "code": "return coll.test_eachOfLimit([1,2,3],2).then(function(data,err){\n\texpect(data).to.be.empty;\n});",
      "err": {},
      "isRoot": false,
      "uuid": "f20876f5-b407-49fe-bc6f-6c94daac866f",
      "parentUUID": "b5c784b1-ae56-410d-a92a-a6d1303f1b48",
      "isHook": false,
      "skipped": false
    }
  ],
  "allPending": [],
  "allPasses": [
    {
      "title": "concat测试：parallel=>async.concat(arr,async function(arr) return obj,callback(err,obj_arr)) ",
      "fullTitle": "async模块collection测试 concat测试：parallel=>async.concat(arr,async function(arr) return obj,callback(err,obj_arr)) ",
      "timedOut": false,
      "duration": 355,
      "state": "passed",
      "speed": "slow",
      "pass": true,
      "fail": false,
      "pending": false,
      "code": "return coll.test_concat([1,2,3]).then(function(data,err){\n\texpect(data).to.be.an(\"array\");\n});",
      "err": {},
      "isRoot": false,
      "uuid": "89b7877d-d1a1-4873-8541-27362be79143",
      "parentUUID": "b5c784b1-ae56-410d-a92a-a6d1303f1b48",
      "isHook": false,
      "skipped": false
    },
    {
      "title": "concatLimit测试：parallel=>async.concatLimit(arr,limit[parallel num once],async function(arr) return obj,callback(err,obj_arr)) ",
      "fullTitle": "async模块collection测试 concatLimit测试：parallel=>async.concatLimit(arr,limit[parallel num once],async function(arr) return obj,callback(err,obj_arr)) ",
      "timedOut": false,
      "duration": 241,
      "state": "passed",
      "speed": "slow",
      "pass": true,
      "fail": false,
      "pending": false,
      "code": "return coll.test_concatLimit([1,2,3],2).then(function(data,err){\n\texpect(data).to.be.an(\"array\");\n});",
      "err": {},
      "isRoot": false,
      "uuid": "66819489-1054-416b-a6ef-2a5eb115e6ad",
      "parentUUID": "b5c784b1-ae56-410d-a92a-a6d1303f1b48",
      "isHook": false,
      "skipped": false
    },
    {
      "title": "concatSeries测试：series=>async.concatSeries(arr,async function(arr) return obj,callback(err,obj_arr)) ",
      "fullTitle": "async模块collection测试 concatSeries测试：series=>async.concatSeries(arr,async function(arr) return obj,callback(err,obj_arr)) ",
      "timedOut": false,
      "duration": 369,
      "state": "passed",
      "speed": "slow",
      "pass": true,
      "fail": false,
      "pending": false,
      "code": "return coll.test_concatSeries([1,2,3]).then(function(data,err){\n\texpect(data).to.be.an(\"array\");\n});",
      "err": {},
      "isRoot": false,
      "uuid": "537098dc-1069-4209-a9c4-a23a3bf79312",
      "parentUUID": "b5c784b1-ae56-410d-a92a-a6d1303f1b48",
      "isHook": false,
      "skipped": false
    },
    {
      "title": "detect测试：parallel=>async.detect(arr,async function(arr) return bool,callback(err,arr[n once bool returns true])) ",
      "fullTitle": "async模块collection测试 detect测试：parallel=>async.detect(arr,async function(arr) return bool,callback(err,arr[n once bool returns true])) ",
      "timedOut": false,
      "duration": 116,
      "state": "passed",
      "speed": "slow",
      "pass": true,
      "fail": false,
      "pending": false,
      "code": "return coll.test_detect([1,2,3]).then(function(data,err){\n\texpect([1,2,3]).to.include(data);\n});",
      "err": {},
      "isRoot": false,
      "uuid": "d77b38eb-1e7f-4063-b3f3-5d8a492ace94",
      "parentUUID": "b5c784b1-ae56-410d-a92a-a6d1303f1b48",
      "isHook": false,
      "skipped": false
    },
    {
      "title": "detectLimit测试：parallel=>async.detectLimit(arr,limit[parallel num once],async function(err) return bool,callback(err,arr[n once bool returns true]))",
      "fullTitle": "async模块collection测试 detectLimit测试：parallel=>async.detectLimit(arr,limit[parallel num once],async function(err) return bool,callback(err,arr[n once bool returns true]))",
      "timedOut": false,
      "duration": 114,
      "state": "passed",
      "speed": "slow",
      "pass": true,
      "fail": false,
      "pending": false,
      "code": "return coll.test_detectLimit([1,2,3],2).then(function(data,err){\n\texpect([1,2]).to.include(data);\n});",
      "err": {},
      "isRoot": false,
      "uuid": "455b184e-13bb-40fe-95bf-f03eaf04c4de",
      "parentUUID": "b5c784b1-ae56-410d-a92a-a6d1303f1b48",
      "isHook": false,
      "skipped": false
    },
    {
      "title": "detectSeries测试：series=>async.detectSeries(arr,async function(arr) return bool,callback(err,arr[n once bool returns true]))",
      "fullTitle": "async模块collection测试 detectSeries测试：series=>async.detectSeries(arr,async function(arr) return bool,callback(err,arr[n once bool returns true]))",
      "timedOut": false,
      "duration": 252,
      "state": "passed",
      "speed": "slow",
      "pass": true,
      "fail": false,
      "pending": false,
      "code": "return coll.test_detectSeries([0,2,3]).then(function(data,err){\n\texpect(2).to.equal(data);\n});",
      "err": {},
      "isRoot": false,
      "uuid": "b9dff581-1132-4d1c-9f9e-43925d6c5345",
      "parentUUID": "b5c784b1-ae56-410d-a92a-a6d1303f1b48",
      "isHook": false,
      "skipped": false
    },
    {
      "title": "each测试：parallel=>async.each(arr,async function(item,callback),funciton(err))",
      "fullTitle": "async模块collection测试 each测试：parallel=>async.each(arr,async function(item,callback),funciton(err))",
      "timedOut": false,
      "duration": 127,
      "state": "passed",
      "speed": "slow",
      "pass": true,
      "fail": false,
      "pending": false,
      "code": "return coll.test_each([1,2,3]).then(function(data,err){\n\texpect(data).to.be.empty;\n});",
      "err": {},
      "isRoot": false,
      "uuid": "c0375a53-6e89-4a14-84f3-fe62df50d018",
      "parentUUID": "b5c784b1-ae56-410d-a92a-a6d1303f1b48",
      "isHook": false,
      "skipped": false
    },
    {
      "title": "eachLimit测试：parallel=>async.eachLimit(arr,limit,async function(item,callback),funciton(err))",
      "fullTitle": "async模块collection测试 eachLimit测试：parallel=>async.eachLimit(arr,limit,async function(item,callback),funciton(err))",
      "timedOut": false,
      "duration": 240,
      "state": "passed",
      "speed": "slow",
      "pass": true,
      "fail": false,
      "pending": false,
      "code": "return coll.test_eachLimit([1,2,3],2).then(function(data,err){\n\texpect(data).to.be.empty;\n});",
      "err": {},
      "isRoot": false,
      "uuid": "9d10b1ca-5ef4-424b-85c5-b5134aec21c2",
      "parentUUID": "b5c784b1-ae56-410d-a92a-a6d1303f1b48",
      "isHook": false,
      "skipped": false
    },
    {
      "title": "eachOf测试：parallel=>async.eachOf(arr,async function(item,index,callback),funciton(err))",
      "fullTitle": "async模块collection测试 eachOf测试：parallel=>async.eachOf(arr,async function(item,index,callback),funciton(err))",
      "timedOut": false,
      "duration": 125,
      "state": "passed",
      "speed": "slow",
      "pass": true,
      "fail": false,
      "pending": false,
      "code": "return coll.test_eachOf([1,2,3]).then(function(data,err){\n\texpect(data).to.be.empty;\n});",
      "err": {},
      "isRoot": false,
      "uuid": "e08b7190-c015-4a32-8ccd-fbf24e59a33b",
      "parentUUID": "b5c784b1-ae56-410d-a92a-a6d1303f1b48",
      "isHook": false,
      "skipped": false
    },
    {
      "title": "eachOfLimit测试：parallel=>async.eachOfLimit(arr,limit,async function(item,index,callback),funciton(err))",
      "fullTitle": "async模块collection测试 eachOfLimit测试：parallel=>async.eachOfLimit(arr,limit,async function(item,index,callback),funciton(err))",
      "timedOut": false,
      "duration": 245,
      "state": "passed",
      "speed": "slow",
      "pass": true,
      "fail": false,
      "pending": false,
      "code": "return coll.test_eachOfLimit([1,2,3],2).then(function(data,err){\n\texpect(data).to.be.empty;\n});",
      "err": {},
      "isRoot": false,
      "uuid": "f20876f5-b407-49fe-bc6f-6c94daac866f",
      "parentUUID": "b5c784b1-ae56-410d-a92a-a6d1303f1b48",
      "isHook": false,
      "skipped": false
    }
  ],
  "allFailures": [],
  "copyrightYear": 2017
}