{
  "stats": {
    "suites": 1,
    "tests": 7,
    "passes": 7,
    "pending": 0,
    "failures": 0,
    "start": "2017-07-08T17:44:03.401Z",
    "end": "2017-07-08T17:44:05.029Z",
    "duration": 1628,
    "testsRegistered": 7,
    "passPercent": 100,
    "pendingPercent": 0,
    "other": 0,
    "hasOther": false,
    "skipped": 0,
    "hasSkipped": false,
    "passPercentClass": "success",
    "pendingPercentClass": "danger"
  },
  "suites": {
    "title": "",
    "suites": [
      {
        "title": "async模块collection测试",
        "suites": [],
        "tests": [
          {
            "title": "concat测试：parallel=>async.concat(arr,async function(arr) return obj,callback(err,obj_arr)) ",
            "fullTitle": "async模块collection测试 concat测试：parallel=>async.concat(arr,async function(arr) return obj,callback(err,obj_arr)) ",
            "timedOut": false,
            "duration": 358,
            "state": "passed",
            "speed": "slow",
            "pass": true,
            "fail": false,
            "pending": false,
            "code": "return coll.test_concat([1,2,3]).then(function(data,err){\n\texpect(data).to.be.an(\"array\");\n});",
            "err": {},
            "isRoot": false,
            "uuid": "bc8012eb-521e-49c2-beb6-2554154b1713",
            "parentUUID": "5fb29180-53a2-4963-9d37-bbe85bea16a2",
            "isHook": false,
            "skipped": false
          },
          {
            "title": "concatLimit测试：parallel=>async.concatLimit(arr,limit[parallel num once],async function(arr) return obj,callback(err,obj_arr)) ",
            "fullTitle": "async模块collection测试 concatLimit测试：parallel=>async.concatLimit(arr,limit[parallel num once],async function(arr) return obj,callback(err,obj_arr)) ",
            "timedOut": false,
            "duration": 241,
            "state": "passed",
            "speed": "slow",
            "pass": true,
            "fail": false,
            "pending": false,
            "code": "return coll.test_concatLimit([1,2,3],2).then(function(data,err){\n\texpect(data).to.be.an(\"array\");\n});",
            "err": {},
            "isRoot": false,
            "uuid": "735c627f-2825-4f06-9974-2cb0ab16ef97",
            "parentUUID": "5fb29180-53a2-4963-9d37-bbe85bea16a2",
            "isHook": false,
            "skipped": false
          },
          {
            "title": "concatSeries测试：series=>async.concatSeries(arr,async function(arr) return obj,callback(err,obj_arr)) ",
            "fullTitle": "async模块collection测试 concatSeries测试：series=>async.concatSeries(arr,async function(arr) return obj,callback(err,obj_arr)) ",
            "timedOut": false,
            "duration": 380,
            "state": "passed",
            "speed": "slow",
            "pass": true,
            "fail": false,
            "pending": false,
            "code": "return coll.test_concatSeries([1,2,3]).then(function(data,err){\n\texpect(data).to.be.an(\"array\");\n});",
            "err": {},
            "isRoot": false,
            "uuid": "3aeac5d5-1959-46ff-9747-845ca509bbc8",
            "parentUUID": "5fb29180-53a2-4963-9d37-bbe85bea16a2",
            "isHook": false,
            "skipped": false
          },
          {
            "title": "detect测试：async.detect(arr,async function(arr) return bool,callback(err,arr[n once bool returns true])) ",
            "fullTitle": "async模块collection测试 detect测试：async.detect(arr,async function(arr) return bool,callback(err,arr[n once bool returns true])) ",
            "timedOut": false,
            "duration": 116,
            "state": "passed",
            "speed": "slow",
            "pass": true,
            "fail": false,
            "pending": false,
            "code": "return coll.test_detect([1,2,3]).then(function(data,err){\n\texpect([1,2,3]).to.include(data);\n});",
            "err": {},
            "isRoot": false,
            "uuid": "3121f582-3c1a-45f5-a729-ee60e096e983",
            "parentUUID": "5fb29180-53a2-4963-9d37-bbe85bea16a2",
            "isHook": false,
            "skipped": false
          },
          {
            "title": "each测试：async.each(arr,async function(item,callback),funciton(err))",
            "fullTitle": "async模块collection测试 each测试：async.each(arr,async function(item,callback),funciton(err))",
            "timedOut": false,
            "duration": 263,
            "state": "passed",
            "speed": "slow",
            "pass": true,
            "fail": false,
            "pending": false,
            "code": "return coll.test_each([1,2,3]).then(function(data,err){\n\texpect(data).to.be.empty;\n});",
            "err": {},
            "isRoot": false,
            "uuid": "fa200ad4-337c-4ae3-9b2d-537fdb8a12c7",
            "parentUUID": "5fb29180-53a2-4963-9d37-bbe85bea16a2",
            "isHook": false,
            "skipped": false
          },
          {
            "title": "eachOf测试：async.eachOf(arr,async function(item,index,callback),funciton(err))",
            "fullTitle": "async模块collection测试 eachOf测试：async.eachOf(arr,async function(item,index,callback),funciton(err))",
            "timedOut": false,
            "duration": 128,
            "state": "passed",
            "speed": "slow",
            "pass": true,
            "fail": false,
            "pending": false,
            "code": "return coll.test_eachOf([1,2,3]).then(function(data,err){\n\texpect(data).to.be.empty;\n});",
            "err": {},
            "isRoot": false,
            "uuid": "93b83f8a-4f4d-434f-a2bb-6db74aa516e7",
            "parentUUID": "5fb29180-53a2-4963-9d37-bbe85bea16a2",
            "isHook": false,
            "skipped": false
          },
          {
            "title": "every测试：async.every(arr,async function(item,callback),funciton(err,result[called immediatly if callback return false])",
            "fullTitle": "async模块collection测试 every测试：async.every(arr,async function(item,callback),funciton(err,result[called immediatly if callback return false])",
            "timedOut": false,
            "duration": 115,
            "state": "passed",
            "speed": "slow",
            "pass": true,
            "fail": false,
            "pending": false,
            "code": "return coll.test_every([0,2,3]).then(function(data,err){\n\t// data value:\n\t// all pass =>true\n\t// one fail =>false immediatly\n\texpect(data).to.not.be.ok;\n});",
            "err": {},
            "isRoot": false,
            "uuid": "6432591f-de37-4a7a-88b1-795fbb434f5b",
            "parentUUID": "5fb29180-53a2-4963-9d37-bbe85bea16a2",
            "isHook": false,
            "skipped": false
          }
        ],
        "pending": [],
        "root": false,
        "_timeout": 2000,
        "file": "\\test\\coll.test.js",
        "uuid": "5fb29180-53a2-4963-9d37-bbe85bea16a2",
        "beforeHooks": [],
        "afterHooks": [],
        "fullFile": "D:\\coding\\git_repository\\utils\\async_demo\\test\\coll.test.js",
        "passes": [
          {
            "title": "concat测试：parallel=>async.concat(arr,async function(arr) return obj,callback(err,obj_arr)) ",
            "fullTitle": "async模块collection测试 concat测试：parallel=>async.concat(arr,async function(arr) return obj,callback(err,obj_arr)) ",
            "timedOut": false,
            "duration": 358,
            "state": "passed",
            "speed": "slow",
            "pass": true,
            "fail": false,
            "pending": false,
            "code": "return coll.test_concat([1,2,3]).then(function(data,err){\n\texpect(data).to.be.an(\"array\");\n});",
            "err": {},
            "isRoot": false,
            "uuid": "bc8012eb-521e-49c2-beb6-2554154b1713",
            "parentUUID": "5fb29180-53a2-4963-9d37-bbe85bea16a2",
            "isHook": false,
            "skipped": false
          },
          {
            "title": "concatLimit测试：parallel=>async.concatLimit(arr,limit[parallel num once],async function(arr) return obj,callback(err,obj_arr)) ",
            "fullTitle": "async模块collection测试 concatLimit测试：parallel=>async.concatLimit(arr,limit[parallel num once],async function(arr) return obj,callback(err,obj_arr)) ",
            "timedOut": false,
            "duration": 241,
            "state": "passed",
            "speed": "slow",
            "pass": true,
            "fail": false,
            "pending": false,
            "code": "return coll.test_concatLimit([1,2,3],2).then(function(data,err){\n\texpect(data).to.be.an(\"array\");\n});",
            "err": {},
            "isRoot": false,
            "uuid": "735c627f-2825-4f06-9974-2cb0ab16ef97",
            "parentUUID": "5fb29180-53a2-4963-9d37-bbe85bea16a2",
            "isHook": false,
            "skipped": false
          },
          {
            "title": "concatSeries测试：series=>async.concatSeries(arr,async function(arr) return obj,callback(err,obj_arr)) ",
            "fullTitle": "async模块collection测试 concatSeries测试：series=>async.concatSeries(arr,async function(arr) return obj,callback(err,obj_arr)) ",
            "timedOut": false,
            "duration": 380,
            "state": "passed",
            "speed": "slow",
            "pass": true,
            "fail": false,
            "pending": false,
            "code": "return coll.test_concatSeries([1,2,3]).then(function(data,err){\n\texpect(data).to.be.an(\"array\");\n});",
            "err": {},
            "isRoot": false,
            "uuid": "3aeac5d5-1959-46ff-9747-845ca509bbc8",
            "parentUUID": "5fb29180-53a2-4963-9d37-bbe85bea16a2",
            "isHook": false,
            "skipped": false
          },
          {
            "title": "detect测试：async.detect(arr,async function(arr) return bool,callback(err,arr[n once bool returns true])) ",
            "fullTitle": "async模块collection测试 detect测试：async.detect(arr,async function(arr) return bool,callback(err,arr[n once bool returns true])) ",
            "timedOut": false,
            "duration": 116,
            "state": "passed",
            "speed": "slow",
            "pass": true,
            "fail": false,
            "pending": false,
            "code": "return coll.test_detect([1,2,3]).then(function(data,err){\n\texpect([1,2,3]).to.include(data);\n});",
            "err": {},
            "isRoot": false,
            "uuid": "3121f582-3c1a-45f5-a729-ee60e096e983",
            "parentUUID": "5fb29180-53a2-4963-9d37-bbe85bea16a2",
            "isHook": false,
            "skipped": false
          },
          {
            "title": "each测试：async.each(arr,async function(item,callback),funciton(err))",
            "fullTitle": "async模块collection测试 each测试：async.each(arr,async function(item,callback),funciton(err))",
            "timedOut": false,
            "duration": 263,
            "state": "passed",
            "speed": "slow",
            "pass": true,
            "fail": false,
            "pending": false,
            "code": "return coll.test_each([1,2,3]).then(function(data,err){\n\texpect(data).to.be.empty;\n});",
            "err": {},
            "isRoot": false,
            "uuid": "fa200ad4-337c-4ae3-9b2d-537fdb8a12c7",
            "parentUUID": "5fb29180-53a2-4963-9d37-bbe85bea16a2",
            "isHook": false,
            "skipped": false
          },
          {
            "title": "eachOf测试：async.eachOf(arr,async function(item,index,callback),funciton(err))",
            "fullTitle": "async模块collection测试 eachOf测试：async.eachOf(arr,async function(item,index,callback),funciton(err))",
            "timedOut": false,
            "duration": 128,
            "state": "passed",
            "speed": "slow",
            "pass": true,
            "fail": false,
            "pending": false,
            "code": "return coll.test_eachOf([1,2,3]).then(function(data,err){\n\texpect(data).to.be.empty;\n});",
            "err": {},
            "isRoot": false,
            "uuid": "93b83f8a-4f4d-434f-a2bb-6db74aa516e7",
            "parentUUID": "5fb29180-53a2-4963-9d37-bbe85bea16a2",
            "isHook": false,
            "skipped": false
          },
          {
            "title": "every测试：async.every(arr,async function(item,callback),funciton(err,result[called immediatly if callback return false])",
            "fullTitle": "async模块collection测试 every测试：async.every(arr,async function(item,callback),funciton(err,result[called immediatly if callback return false])",
            "timedOut": false,
            "duration": 115,
            "state": "passed",
            "speed": "slow",
            "pass": true,
            "fail": false,
            "pending": false,
            "code": "return coll.test_every([0,2,3]).then(function(data,err){\n\t// data value:\n\t// all pass =>true\n\t// one fail =>false immediatly\n\texpect(data).to.not.be.ok;\n});",
            "err": {},
            "isRoot": false,
            "uuid": "6432591f-de37-4a7a-88b1-795fbb434f5b",
            "parentUUID": "5fb29180-53a2-4963-9d37-bbe85bea16a2",
            "isHook": false,
            "skipped": false
          }
        ],
        "failures": [],
        "skipped": [],
        "hasBeforeHooks": false,
        "hasAfterHooks": false,
        "hasTests": true,
        "hasSuites": false,
        "totalTests": 7,
        "totalPasses": 7,
        "totalFailures": 0,
        "totalPending": 0,
        "totalSkipped": 0,
        "hasPasses": true,
        "hasFailures": false,
        "hasPending": false,
        "hasSkipped": false,
        "duration": 1601,
        "rootEmpty": false
      }
    ],
    "tests": [],
    "pending": [],
    "root": true,
    "_timeout": 2000,
    "uuid": "51056138-e835-4533-b406-13a298633ca2",
    "beforeHooks": [],
    "afterHooks": [],
    "fullFile": "",
    "file": "",
    "passes": [],
    "failures": [],
    "skipped": [],
    "hasBeforeHooks": false,
    "hasAfterHooks": false,
    "hasTests": false,
    "hasSuites": true,
    "totalTests": 0,
    "totalPasses": 0,
    "totalFailures": 0,
    "totalPending": 0,
    "totalSkipped": 0,
    "hasPasses": false,
    "hasFailures": false,
    "hasPending": false,
    "hasSkipped": false,
    "duration": 0,
    "rootEmpty": true
  },
  "allTests": [
    {
      "title": "concat测试：parallel=>async.concat(arr,async function(arr) return obj,callback(err,obj_arr)) ",
      "fullTitle": "async模块collection测试 concat测试：parallel=>async.concat(arr,async function(arr) return obj,callback(err,obj_arr)) ",
      "timedOut": false,
      "duration": 358,
      "state": "passed",
      "speed": "slow",
      "pass": true,
      "fail": false,
      "pending": false,
      "code": "return coll.test_concat([1,2,3]).then(function(data,err){\n\texpect(data).to.be.an(\"array\");\n});",
      "err": {},
      "isRoot": false,
      "uuid": "bc8012eb-521e-49c2-beb6-2554154b1713",
      "parentUUID": "5fb29180-53a2-4963-9d37-bbe85bea16a2",
      "isHook": false,
      "skipped": false
    },
    {
      "title": "concatLimit测试：parallel=>async.concatLimit(arr,limit[parallel num once],async function(arr) return obj,callback(err,obj_arr)) ",
      "fullTitle": "async模块collection测试 concatLimit测试：parallel=>async.concatLimit(arr,limit[parallel num once],async function(arr) return obj,callback(err,obj_arr)) ",
      "timedOut": false,
      "duration": 241,
      "state": "passed",
      "speed": "slow",
      "pass": true,
      "fail": false,
      "pending": false,
      "code": "return coll.test_concatLimit([1,2,3],2).then(function(data,err){\n\texpect(data).to.be.an(\"array\");\n});",
      "err": {},
      "isRoot": false,
      "uuid": "735c627f-2825-4f06-9974-2cb0ab16ef97",
      "parentUUID": "5fb29180-53a2-4963-9d37-bbe85bea16a2",
      "isHook": false,
      "skipped": false
    },
    {
      "title": "concatSeries测试：series=>async.concatSeries(arr,async function(arr) return obj,callback(err,obj_arr)) ",
      "fullTitle": "async模块collection测试 concatSeries测试：series=>async.concatSeries(arr,async function(arr) return obj,callback(err,obj_arr)) ",
      "timedOut": false,
      "duration": 380,
      "state": "passed",
      "speed": "slow",
      "pass": true,
      "fail": false,
      "pending": false,
      "code": "return coll.test_concatSeries([1,2,3]).then(function(data,err){\n\texpect(data).to.be.an(\"array\");\n});",
      "err": {},
      "isRoot": false,
      "uuid": "3aeac5d5-1959-46ff-9747-845ca509bbc8",
      "parentUUID": "5fb29180-53a2-4963-9d37-bbe85bea16a2",
      "isHook": false,
      "skipped": false
    },
    {
      "title": "detect测试：async.detect(arr,async function(arr) return bool,callback(err,arr[n once bool returns true])) ",
      "fullTitle": "async模块collection测试 detect测试：async.detect(arr,async function(arr) return bool,callback(err,arr[n once bool returns true])) ",
      "timedOut": false,
      "duration": 116,
      "state": "passed",
      "speed": "slow",
      "pass": true,
      "fail": false,
      "pending": false,
      "code": "return coll.test_detect([1,2,3]).then(function(data,err){\n\texpect([1,2,3]).to.include(data);\n});",
      "err": {},
      "isRoot": false,
      "uuid": "3121f582-3c1a-45f5-a729-ee60e096e983",
      "parentUUID": "5fb29180-53a2-4963-9d37-bbe85bea16a2",
      "isHook": false,
      "skipped": false
    },
    {
      "title": "each测试：async.each(arr,async function(item,callback),funciton(err))",
      "fullTitle": "async模块collection测试 each测试：async.each(arr,async function(item,callback),funciton(err))",
      "timedOut": false,
      "duration": 263,
      "state": "passed",
      "speed": "slow",
      "pass": true,
      "fail": false,
      "pending": false,
      "code": "return coll.test_each([1,2,3]).then(function(data,err){\n\texpect(data).to.be.empty;\n});",
      "err": {},
      "isRoot": false,
      "uuid": "fa200ad4-337c-4ae3-9b2d-537fdb8a12c7",
      "parentUUID": "5fb29180-53a2-4963-9d37-bbe85bea16a2",
      "isHook": false,
      "skipped": false
    },
    {
      "title": "eachOf测试：async.eachOf(arr,async function(item,index,callback),funciton(err))",
      "fullTitle": "async模块collection测试 eachOf测试：async.eachOf(arr,async function(item,index,callback),funciton(err))",
      "timedOut": false,
      "duration": 128,
      "state": "passed",
      "speed": "slow",
      "pass": true,
      "fail": false,
      "pending": false,
      "code": "return coll.test_eachOf([1,2,3]).then(function(data,err){\n\texpect(data).to.be.empty;\n});",
      "err": {},
      "isRoot": false,
      "uuid": "93b83f8a-4f4d-434f-a2bb-6db74aa516e7",
      "parentUUID": "5fb29180-53a2-4963-9d37-bbe85bea16a2",
      "isHook": false,
      "skipped": false
    },
    {
      "title": "every测试：async.every(arr,async function(item,callback),funciton(err,result[called immediatly if callback return false])",
      "fullTitle": "async模块collection测试 every测试：async.every(arr,async function(item,callback),funciton(err,result[called immediatly if callback return false])",
      "timedOut": false,
      "duration": 115,
      "state": "passed",
      "speed": "slow",
      "pass": true,
      "fail": false,
      "pending": false,
      "code": "return coll.test_every([0,2,3]).then(function(data,err){\n\t// data value:\n\t// all pass =>true\n\t// one fail =>false immediatly\n\texpect(data).to.not.be.ok;\n});",
      "err": {},
      "isRoot": false,
      "uuid": "6432591f-de37-4a7a-88b1-795fbb434f5b",
      "parentUUID": "5fb29180-53a2-4963-9d37-bbe85bea16a2",
      "isHook": false,
      "skipped": false
    }
  ],
  "allPending": [],
  "allPasses": [
    {
      "title": "concat测试：parallel=>async.concat(arr,async function(arr) return obj,callback(err,obj_arr)) ",
      "fullTitle": "async模块collection测试 concat测试：parallel=>async.concat(arr,async function(arr) return obj,callback(err,obj_arr)) ",
      "timedOut": false,
      "duration": 358,
      "state": "passed",
      "speed": "slow",
      "pass": true,
      "fail": false,
      "pending": false,
      "code": "return coll.test_concat([1,2,3]).then(function(data,err){\n\texpect(data).to.be.an(\"array\");\n});",
      "err": {},
      "isRoot": false,
      "uuid": "bc8012eb-521e-49c2-beb6-2554154b1713",
      "parentUUID": "5fb29180-53a2-4963-9d37-bbe85bea16a2",
      "isHook": false,
      "skipped": false
    },
    {
      "title": "concatLimit测试：parallel=>async.concatLimit(arr,limit[parallel num once],async function(arr) return obj,callback(err,obj_arr)) ",
      "fullTitle": "async模块collection测试 concatLimit测试：parallel=>async.concatLimit(arr,limit[parallel num once],async function(arr) return obj,callback(err,obj_arr)) ",
      "timedOut": false,
      "duration": 241,
      "state": "passed",
      "speed": "slow",
      "pass": true,
      "fail": false,
      "pending": false,
      "code": "return coll.test_concatLimit([1,2,3],2).then(function(data,err){\n\texpect(data).to.be.an(\"array\");\n});",
      "err": {},
      "isRoot": false,
      "uuid": "735c627f-2825-4f06-9974-2cb0ab16ef97",
      "parentUUID": "5fb29180-53a2-4963-9d37-bbe85bea16a2",
      "isHook": false,
      "skipped": false
    },
    {
      "title": "concatSeries测试：series=>async.concatSeries(arr,async function(arr) return obj,callback(err,obj_arr)) ",
      "fullTitle": "async模块collection测试 concatSeries测试：series=>async.concatSeries(arr,async function(arr) return obj,callback(err,obj_arr)) ",
      "timedOut": false,
      "duration": 380,
      "state": "passed",
      "speed": "slow",
      "pass": true,
      "fail": false,
      "pending": false,
      "code": "return coll.test_concatSeries([1,2,3]).then(function(data,err){\n\texpect(data).to.be.an(\"array\");\n});",
      "err": {},
      "isRoot": false,
      "uuid": "3aeac5d5-1959-46ff-9747-845ca509bbc8",
      "parentUUID": "5fb29180-53a2-4963-9d37-bbe85bea16a2",
      "isHook": false,
      "skipped": false
    },
    {
      "title": "detect测试：async.detect(arr,async function(arr) return bool,callback(err,arr[n once bool returns true])) ",
      "fullTitle": "async模块collection测试 detect测试：async.detect(arr,async function(arr) return bool,callback(err,arr[n once bool returns true])) ",
      "timedOut": false,
      "duration": 116,
      "state": "passed",
      "speed": "slow",
      "pass": true,
      "fail": false,
      "pending": false,
      "code": "return coll.test_detect([1,2,3]).then(function(data,err){\n\texpect([1,2,3]).to.include(data);\n});",
      "err": {},
      "isRoot": false,
      "uuid": "3121f582-3c1a-45f5-a729-ee60e096e983",
      "parentUUID": "5fb29180-53a2-4963-9d37-bbe85bea16a2",
      "isHook": false,
      "skipped": false
    },
    {
      "title": "each测试：async.each(arr,async function(item,callback),funciton(err))",
      "fullTitle": "async模块collection测试 each测试：async.each(arr,async function(item,callback),funciton(err))",
      "timedOut": false,
      "duration": 263,
      "state": "passed",
      "speed": "slow",
      "pass": true,
      "fail": false,
      "pending": false,
      "code": "return coll.test_each([1,2,3]).then(function(data,err){\n\texpect(data).to.be.empty;\n});",
      "err": {},
      "isRoot": false,
      "uuid": "fa200ad4-337c-4ae3-9b2d-537fdb8a12c7",
      "parentUUID": "5fb29180-53a2-4963-9d37-bbe85bea16a2",
      "isHook": false,
      "skipped": false
    },
    {
      "title": "eachOf测试：async.eachOf(arr,async function(item,index,callback),funciton(err))",
      "fullTitle": "async模块collection测试 eachOf测试：async.eachOf(arr,async function(item,index,callback),funciton(err))",
      "timedOut": false,
      "duration": 128,
      "state": "passed",
      "speed": "slow",
      "pass": true,
      "fail": false,
      "pending": false,
      "code": "return coll.test_eachOf([1,2,3]).then(function(data,err){\n\texpect(data).to.be.empty;\n});",
      "err": {},
      "isRoot": false,
      "uuid": "93b83f8a-4f4d-434f-a2bb-6db74aa516e7",
      "parentUUID": "5fb29180-53a2-4963-9d37-bbe85bea16a2",
      "isHook": false,
      "skipped": false
    },
    {
      "title": "every测试：async.every(arr,async function(item,callback),funciton(err,result[called immediatly if callback return false])",
      "fullTitle": "async模块collection测试 every测试：async.every(arr,async function(item,callback),funciton(err,result[called immediatly if callback return false])",
      "timedOut": false,
      "duration": 115,
      "state": "passed",
      "speed": "slow",
      "pass": true,
      "fail": false,
      "pending": false,
      "code": "return coll.test_every([0,2,3]).then(function(data,err){\n\t// data value:\n\t// all pass =>true\n\t// one fail =>false immediatly\n\texpect(data).to.not.be.ok;\n});",
      "err": {},
      "isRoot": false,
      "uuid": "6432591f-de37-4a7a-88b1-795fbb434f5b",
      "parentUUID": "5fb29180-53a2-4963-9d37-bbe85bea16a2",
      "isHook": false,
      "skipped": false
    }
  ],
  "allFailures": [],
  "copyrightYear": 2017
}