{
  "stats": {
    "suites": 1,
    "tests": 6,
    "passes": 6,
    "pending": 0,
    "failures": 0,
    "start": "2017-07-06T18:45:17.958Z",
    "end": "2017-07-06T18:45:19.793Z",
    "duration": 1835,
    "testsRegistered": 6,
    "passPercent": 100,
    "pendingPercent": 0,
    "other": 0,
    "hasOther": false,
    "skipped": 0,
    "hasSkipped": false,
    "passPercentClass": "success",
    "pendingPercentClass": "danger"
  },
  "suites": {
    "title": "",
    "suites": [
      {
        "title": "async模块collection测试",
        "suites": [],
        "tests": [
          {
            "title": "concat测试：parallel=>async.concat(arr,async function(arr) return obj,callback(err,obj_arr)) ",
            "fullTitle": "async模块collection测试 concat测试：parallel=>async.concat(arr,async function(arr) return obj,callback(err,obj_arr)) ",
            "timedOut": false,
            "duration": 575,
            "state": "passed",
            "speed": "slow",
            "pass": true,
            "fail": false,
            "pending": false,
            "code": "return coll.test_concat([1,2,3]).then(function(data,err){\n\texpect(data).to.be.an(\"array\");\n});",
            "err": {},
            "isRoot": false,
            "uuid": "2e66027b-a32a-4f95-9033-08ccad3447bf",
            "parentUUID": "7cd77d9b-d7cf-495f-86d8-cc25df4dd421",
            "isHook": false,
            "skipped": false
          },
          {
            "title": "concatLimit测试：parallel=>async.concatLimit(arr,limit[parallel num once],async function(arr) return obj,callback(err,obj_arr)) ",
            "fullTitle": "async模块collection测试 concatLimit测试：parallel=>async.concatLimit(arr,limit[parallel num once],async function(arr) return obj,callback(err,obj_arr)) ",
            "timedOut": false,
            "duration": 250,
            "state": "passed",
            "speed": "slow",
            "pass": true,
            "fail": false,
            "pending": false,
            "code": "return coll.test_concatLimit([1,2,3],2).then(function(data,err){\n\texpect(data).to.be.an(\"array\");\n});",
            "err": {},
            "isRoot": false,
            "uuid": "9648643c-10f8-48eb-b074-1177a6943913",
            "parentUUID": "7cd77d9b-d7cf-495f-86d8-cc25df4dd421",
            "isHook": false,
            "skipped": false
          },
          {
            "title": "concatSeries测试：series=>async.concatSeries(arr,async function(arr) return obj,callback(err,obj_arr)) ",
            "fullTitle": "async模块collection测试 concatSeries测试：series=>async.concatSeries(arr,async function(arr) return obj,callback(err,obj_arr)) ",
            "timedOut": false,
            "duration": 447,
            "state": "passed",
            "speed": "slow",
            "pass": true,
            "fail": false,
            "pending": false,
            "code": "return coll.test_concatSeries([1,2,3]).then(function(data,err){\n\texpect(data).to.be.an(\"array\");\n});",
            "err": {},
            "isRoot": false,
            "uuid": "856eb62e-df88-45ed-95d6-04a472d11b7a",
            "parentUUID": "7cd77d9b-d7cf-495f-86d8-cc25df4dd421",
            "isHook": false,
            "skipped": false
          },
          {
            "title": "detect测试：parallel=>async.detect(arr,async function(arr) return bool,callback(err,arr[n once bool returns true])) ",
            "fullTitle": "async模块collection测试 detect测试：parallel=>async.detect(arr,async function(arr) return bool,callback(err,arr[n once bool returns true])) ",
            "timedOut": false,
            "duration": 131,
            "state": "passed",
            "speed": "slow",
            "pass": true,
            "fail": false,
            "pending": false,
            "code": "return coll.test_detect([1,2,3]).then(function(data,err){\n\texpect([1,2,3]).to.include(data);\n});",
            "err": {},
            "isRoot": false,
            "uuid": "b5d9edb8-c806-422a-aa32-b91f0f729822",
            "parentUUID": "7cd77d9b-d7cf-495f-86d8-cc25df4dd421",
            "isHook": false,
            "skipped": false
          },
          {
            "title": "detectLimit测试：parallel=>async.detectLimit(arr,limit[parallel num once],async function(err) return bool,callback(err,arr[n once bool returns true]))",
            "fullTitle": "async模块collection测试 detectLimit测试：parallel=>async.detectLimit(arr,limit[parallel num once],async function(err) return bool,callback(err,arr[n once bool returns true]))",
            "timedOut": false,
            "duration": 124,
            "state": "passed",
            "speed": "slow",
            "pass": true,
            "fail": false,
            "pending": false,
            "code": "return coll.test_detectLimit([1,2,3],2).then(function(data,err){\n\texpect([1,2]).to.include(data);\n});",
            "err": {},
            "isRoot": false,
            "uuid": "d56a3305-09aa-423f-b82e-53860d7530b7",
            "parentUUID": "7cd77d9b-d7cf-495f-86d8-cc25df4dd421",
            "isHook": false,
            "skipped": false
          },
          {
            "title": "detectSeries测试：series=>async.detectSeries(arr,async function(arr) return bool,callback(err,arr[n once bool returns true]))",
            "fullTitle": "async模块collection测试 detectSeries测试：series=>async.detectSeries(arr,async function(arr) return bool,callback(err,arr[n once bool returns true]))",
            "timedOut": false,
            "duration": 257,
            "state": "passed",
            "speed": "slow",
            "pass": true,
            "fail": false,
            "pending": false,
            "code": "return coll.test_detectSeries([0,2,3]).then(function(data,err){\n\texpect(2).to.equal(data);\n});",
            "err": {},
            "isRoot": false,
            "uuid": "8a904daa-d08a-43f0-8762-3897bf1d3b30",
            "parentUUID": "7cd77d9b-d7cf-495f-86d8-cc25df4dd421",
            "isHook": false,
            "skipped": false
          }
        ],
        "pending": [],
        "root": false,
        "_timeout": 2000,
        "file": "\\test\\coll.test.js",
        "uuid": "7cd77d9b-d7cf-495f-86d8-cc25df4dd421",
        "beforeHooks": [],
        "afterHooks": [],
        "fullFile": "D:\\coding\\git_repository\\utils\\async_demo\\test\\coll.test.js",
        "passes": [
          {
            "title": "concat测试：parallel=>async.concat(arr,async function(arr) return obj,callback(err,obj_arr)) ",
            "fullTitle": "async模块collection测试 concat测试：parallel=>async.concat(arr,async function(arr) return obj,callback(err,obj_arr)) ",
            "timedOut": false,
            "duration": 575,
            "state": "passed",
            "speed": "slow",
            "pass": true,
            "fail": false,
            "pending": false,
            "code": "return coll.test_concat([1,2,3]).then(function(data,err){\n\texpect(data).to.be.an(\"array\");\n});",
            "err": {},
            "isRoot": false,
            "uuid": "2e66027b-a32a-4f95-9033-08ccad3447bf",
            "parentUUID": "7cd77d9b-d7cf-495f-86d8-cc25df4dd421",
            "isHook": false,
            "skipped": false
          },
          {
            "title": "concatLimit测试：parallel=>async.concatLimit(arr,limit[parallel num once],async function(arr) return obj,callback(err,obj_arr)) ",
            "fullTitle": "async模块collection测试 concatLimit测试：parallel=>async.concatLimit(arr,limit[parallel num once],async function(arr) return obj,callback(err,obj_arr)) ",
            "timedOut": false,
            "duration": 250,
            "state": "passed",
            "speed": "slow",
            "pass": true,
            "fail": false,
            "pending": false,
            "code": "return coll.test_concatLimit([1,2,3],2).then(function(data,err){\n\texpect(data).to.be.an(\"array\");\n});",
            "err": {},
            "isRoot": false,
            "uuid": "9648643c-10f8-48eb-b074-1177a6943913",
            "parentUUID": "7cd77d9b-d7cf-495f-86d8-cc25df4dd421",
            "isHook": false,
            "skipped": false
          },
          {
            "title": "concatSeries测试：series=>async.concatSeries(arr,async function(arr) return obj,callback(err,obj_arr)) ",
            "fullTitle": "async模块collection测试 concatSeries测试：series=>async.concatSeries(arr,async function(arr) return obj,callback(err,obj_arr)) ",
            "timedOut": false,
            "duration": 447,
            "state": "passed",
            "speed": "slow",
            "pass": true,
            "fail": false,
            "pending": false,
            "code": "return coll.test_concatSeries([1,2,3]).then(function(data,err){\n\texpect(data).to.be.an(\"array\");\n});",
            "err": {},
            "isRoot": false,
            "uuid": "856eb62e-df88-45ed-95d6-04a472d11b7a",
            "parentUUID": "7cd77d9b-d7cf-495f-86d8-cc25df4dd421",
            "isHook": false,
            "skipped": false
          },
          {
            "title": "detect测试：parallel=>async.detect(arr,async function(arr) return bool,callback(err,arr[n once bool returns true])) ",
            "fullTitle": "async模块collection测试 detect测试：parallel=>async.detect(arr,async function(arr) return bool,callback(err,arr[n once bool returns true])) ",
            "timedOut": false,
            "duration": 131,
            "state": "passed",
            "speed": "slow",
            "pass": true,
            "fail": false,
            "pending": false,
            "code": "return coll.test_detect([1,2,3]).then(function(data,err){\n\texpect([1,2,3]).to.include(data);\n});",
            "err": {},
            "isRoot": false,
            "uuid": "b5d9edb8-c806-422a-aa32-b91f0f729822",
            "parentUUID": "7cd77d9b-d7cf-495f-86d8-cc25df4dd421",
            "isHook": false,
            "skipped": false
          },
          {
            "title": "detectLimit测试：parallel=>async.detectLimit(arr,limit[parallel num once],async function(err) return bool,callback(err,arr[n once bool returns true]))",
            "fullTitle": "async模块collection测试 detectLimit测试：parallel=>async.detectLimit(arr,limit[parallel num once],async function(err) return bool,callback(err,arr[n once bool returns true]))",
            "timedOut": false,
            "duration": 124,
            "state": "passed",
            "speed": "slow",
            "pass": true,
            "fail": false,
            "pending": false,
            "code": "return coll.test_detectLimit([1,2,3],2).then(function(data,err){\n\texpect([1,2]).to.include(data);\n});",
            "err": {},
            "isRoot": false,
            "uuid": "d56a3305-09aa-423f-b82e-53860d7530b7",
            "parentUUID": "7cd77d9b-d7cf-495f-86d8-cc25df4dd421",
            "isHook": false,
            "skipped": false
          },
          {
            "title": "detectSeries测试：series=>async.detectSeries(arr,async function(arr) return bool,callback(err,arr[n once bool returns true]))",
            "fullTitle": "async模块collection测试 detectSeries测试：series=>async.detectSeries(arr,async function(arr) return bool,callback(err,arr[n once bool returns true]))",
            "timedOut": false,
            "duration": 257,
            "state": "passed",
            "speed": "slow",
            "pass": true,
            "fail": false,
            "pending": false,
            "code": "return coll.test_detectSeries([0,2,3]).then(function(data,err){\n\texpect(2).to.equal(data);\n});",
            "err": {},
            "isRoot": false,
            "uuid": "8a904daa-d08a-43f0-8762-3897bf1d3b30",
            "parentUUID": "7cd77d9b-d7cf-495f-86d8-cc25df4dd421",
            "isHook": false,
            "skipped": false
          }
        ],
        "failures": [],
        "skipped": [],
        "hasBeforeHooks": false,
        "hasAfterHooks": false,
        "hasTests": true,
        "hasSuites": false,
        "totalTests": 6,
        "totalPasses": 6,
        "totalFailures": 0,
        "totalPending": 0,
        "totalSkipped": 0,
        "hasPasses": true,
        "hasFailures": false,
        "hasPending": false,
        "hasSkipped": false,
        "duration": 1784,
        "rootEmpty": false
      }
    ],
    "tests": [],
    "pending": [],
    "root": true,
    "_timeout": 2000,
    "uuid": "7332c1c3-e84c-4cef-a7c2-8f7db2bbfdfc",
    "beforeHooks": [],
    "afterHooks": [],
    "fullFile": "",
    "file": "",
    "passes": [],
    "failures": [],
    "skipped": [],
    "hasBeforeHooks": false,
    "hasAfterHooks": false,
    "hasTests": false,
    "hasSuites": true,
    "totalTests": 0,
    "totalPasses": 0,
    "totalFailures": 0,
    "totalPending": 0,
    "totalSkipped": 0,
    "hasPasses": false,
    "hasFailures": false,
    "hasPending": false,
    "hasSkipped": false,
    "duration": 0,
    "rootEmpty": true
  },
  "allTests": [
    {
      "title": "concat测试：parallel=>async.concat(arr,async function(arr) return obj,callback(err,obj_arr)) ",
      "fullTitle": "async模块collection测试 concat测试：parallel=>async.concat(arr,async function(arr) return obj,callback(err,obj_arr)) ",
      "timedOut": false,
      "duration": 575,
      "state": "passed",
      "speed": "slow",
      "pass": true,
      "fail": false,
      "pending": false,
      "code": "return coll.test_concat([1,2,3]).then(function(data,err){\n\texpect(data).to.be.an(\"array\");\n});",
      "err": {},
      "isRoot": false,
      "uuid": "2e66027b-a32a-4f95-9033-08ccad3447bf",
      "parentUUID": "7cd77d9b-d7cf-495f-86d8-cc25df4dd421",
      "isHook": false,
      "skipped": false
    },
    {
      "title": "concatLimit测试：parallel=>async.concatLimit(arr,limit[parallel num once],async function(arr) return obj,callback(err,obj_arr)) ",
      "fullTitle": "async模块collection测试 concatLimit测试：parallel=>async.concatLimit(arr,limit[parallel num once],async function(arr) return obj,callback(err,obj_arr)) ",
      "timedOut": false,
      "duration": 250,
      "state": "passed",
      "speed": "slow",
      "pass": true,
      "fail": false,
      "pending": false,
      "code": "return coll.test_concatLimit([1,2,3],2).then(function(data,err){\n\texpect(data).to.be.an(\"array\");\n});",
      "err": {},
      "isRoot": false,
      "uuid": "9648643c-10f8-48eb-b074-1177a6943913",
      "parentUUID": "7cd77d9b-d7cf-495f-86d8-cc25df4dd421",
      "isHook": false,
      "skipped": false
    },
    {
      "title": "concatSeries测试：series=>async.concatSeries(arr,async function(arr) return obj,callback(err,obj_arr)) ",
      "fullTitle": "async模块collection测试 concatSeries测试：series=>async.concatSeries(arr,async function(arr) return obj,callback(err,obj_arr)) ",
      "timedOut": false,
      "duration": 447,
      "state": "passed",
      "speed": "slow",
      "pass": true,
      "fail": false,
      "pending": false,
      "code": "return coll.test_concatSeries([1,2,3]).then(function(data,err){\n\texpect(data).to.be.an(\"array\");\n});",
      "err": {},
      "isRoot": false,
      "uuid": "856eb62e-df88-45ed-95d6-04a472d11b7a",
      "parentUUID": "7cd77d9b-d7cf-495f-86d8-cc25df4dd421",
      "isHook": false,
      "skipped": false
    },
    {
      "title": "detect测试：parallel=>async.detect(arr,async function(arr) return bool,callback(err,arr[n once bool returns true])) ",
      "fullTitle": "async模块collection测试 detect测试：parallel=>async.detect(arr,async function(arr) return bool,callback(err,arr[n once bool returns true])) ",
      "timedOut": false,
      "duration": 131,
      "state": "passed",
      "speed": "slow",
      "pass": true,
      "fail": false,
      "pending": false,
      "code": "return coll.test_detect([1,2,3]).then(function(data,err){\n\texpect([1,2,3]).to.include(data);\n});",
      "err": {},
      "isRoot": false,
      "uuid": "b5d9edb8-c806-422a-aa32-b91f0f729822",
      "parentUUID": "7cd77d9b-d7cf-495f-86d8-cc25df4dd421",
      "isHook": false,
      "skipped": false
    },
    {
      "title": "detectLimit测试：parallel=>async.detectLimit(arr,limit[parallel num once],async function(err) return bool,callback(err,arr[n once bool returns true]))",
      "fullTitle": "async模块collection测试 detectLimit测试：parallel=>async.detectLimit(arr,limit[parallel num once],async function(err) return bool,callback(err,arr[n once bool returns true]))",
      "timedOut": false,
      "duration": 124,
      "state": "passed",
      "speed": "slow",
      "pass": true,
      "fail": false,
      "pending": false,
      "code": "return coll.test_detectLimit([1,2,3],2).then(function(data,err){\n\texpect([1,2]).to.include(data);\n});",
      "err": {},
      "isRoot": false,
      "uuid": "d56a3305-09aa-423f-b82e-53860d7530b7",
      "parentUUID": "7cd77d9b-d7cf-495f-86d8-cc25df4dd421",
      "isHook": false,
      "skipped": false
    },
    {
      "title": "detectSeries测试：series=>async.detectSeries(arr,async function(arr) return bool,callback(err,arr[n once bool returns true]))",
      "fullTitle": "async模块collection测试 detectSeries测试：series=>async.detectSeries(arr,async function(arr) return bool,callback(err,arr[n once bool returns true]))",
      "timedOut": false,
      "duration": 257,
      "state": "passed",
      "speed": "slow",
      "pass": true,
      "fail": false,
      "pending": false,
      "code": "return coll.test_detectSeries([0,2,3]).then(function(data,err){\n\texpect(2).to.equal(data);\n});",
      "err": {},
      "isRoot": false,
      "uuid": "8a904daa-d08a-43f0-8762-3897bf1d3b30",
      "parentUUID": "7cd77d9b-d7cf-495f-86d8-cc25df4dd421",
      "isHook": false,
      "skipped": false
    }
  ],
  "allPending": [],
  "allPasses": [
    {
      "title": "concat测试：parallel=>async.concat(arr,async function(arr) return obj,callback(err,obj_arr)) ",
      "fullTitle": "async模块collection测试 concat测试：parallel=>async.concat(arr,async function(arr) return obj,callback(err,obj_arr)) ",
      "timedOut": false,
      "duration": 575,
      "state": "passed",
      "speed": "slow",
      "pass": true,
      "fail": false,
      "pending": false,
      "code": "return coll.test_concat([1,2,3]).then(function(data,err){\n\texpect(data).to.be.an(\"array\");\n});",
      "err": {},
      "isRoot": false,
      "uuid": "2e66027b-a32a-4f95-9033-08ccad3447bf",
      "parentUUID": "7cd77d9b-d7cf-495f-86d8-cc25df4dd421",
      "isHook": false,
      "skipped": false
    },
    {
      "title": "concatLimit测试：parallel=>async.concatLimit(arr,limit[parallel num once],async function(arr) return obj,callback(err,obj_arr)) ",
      "fullTitle": "async模块collection测试 concatLimit测试：parallel=>async.concatLimit(arr,limit[parallel num once],async function(arr) return obj,callback(err,obj_arr)) ",
      "timedOut": false,
      "duration": 250,
      "state": "passed",
      "speed": "slow",
      "pass": true,
      "fail": false,
      "pending": false,
      "code": "return coll.test_concatLimit([1,2,3],2).then(function(data,err){\n\texpect(data).to.be.an(\"array\");\n});",
      "err": {},
      "isRoot": false,
      "uuid": "9648643c-10f8-48eb-b074-1177a6943913",
      "parentUUID": "7cd77d9b-d7cf-495f-86d8-cc25df4dd421",
      "isHook": false,
      "skipped": false
    },
    {
      "title": "concatSeries测试：series=>async.concatSeries(arr,async function(arr) return obj,callback(err,obj_arr)) ",
      "fullTitle": "async模块collection测试 concatSeries测试：series=>async.concatSeries(arr,async function(arr) return obj,callback(err,obj_arr)) ",
      "timedOut": false,
      "duration": 447,
      "state": "passed",
      "speed": "slow",
      "pass": true,
      "fail": false,
      "pending": false,
      "code": "return coll.test_concatSeries([1,2,3]).then(function(data,err){\n\texpect(data).to.be.an(\"array\");\n});",
      "err": {},
      "isRoot": false,
      "uuid": "856eb62e-df88-45ed-95d6-04a472d11b7a",
      "parentUUID": "7cd77d9b-d7cf-495f-86d8-cc25df4dd421",
      "isHook": false,
      "skipped": false
    },
    {
      "title": "detect测试：parallel=>async.detect(arr,async function(arr) return bool,callback(err,arr[n once bool returns true])) ",
      "fullTitle": "async模块collection测试 detect测试：parallel=>async.detect(arr,async function(arr) return bool,callback(err,arr[n once bool returns true])) ",
      "timedOut": false,
      "duration": 131,
      "state": "passed",
      "speed": "slow",
      "pass": true,
      "fail": false,
      "pending": false,
      "code": "return coll.test_detect([1,2,3]).then(function(data,err){\n\texpect([1,2,3]).to.include(data);\n});",
      "err": {},
      "isRoot": false,
      "uuid": "b5d9edb8-c806-422a-aa32-b91f0f729822",
      "parentUUID": "7cd77d9b-d7cf-495f-86d8-cc25df4dd421",
      "isHook": false,
      "skipped": false
    },
    {
      "title": "detectLimit测试：parallel=>async.detectLimit(arr,limit[parallel num once],async function(err) return bool,callback(err,arr[n once bool returns true]))",
      "fullTitle": "async模块collection测试 detectLimit测试：parallel=>async.detectLimit(arr,limit[parallel num once],async function(err) return bool,callback(err,arr[n once bool returns true]))",
      "timedOut": false,
      "duration": 124,
      "state": "passed",
      "speed": "slow",
      "pass": true,
      "fail": false,
      "pending": false,
      "code": "return coll.test_detectLimit([1,2,3],2).then(function(data,err){\n\texpect([1,2]).to.include(data);\n});",
      "err": {},
      "isRoot": false,
      "uuid": "d56a3305-09aa-423f-b82e-53860d7530b7",
      "parentUUID": "7cd77d9b-d7cf-495f-86d8-cc25df4dd421",
      "isHook": false,
      "skipped": false
    },
    {
      "title": "detectSeries测试：series=>async.detectSeries(arr,async function(arr) return bool,callback(err,arr[n once bool returns true]))",
      "fullTitle": "async模块collection测试 detectSeries测试：series=>async.detectSeries(arr,async function(arr) return bool,callback(err,arr[n once bool returns true]))",
      "timedOut": false,
      "duration": 257,
      "state": "passed",
      "speed": "slow",
      "pass": true,
      "fail": false,
      "pending": false,
      "code": "return coll.test_detectSeries([0,2,3]).then(function(data,err){\n\texpect(2).to.equal(data);\n});",
      "err": {},
      "isRoot": false,
      "uuid": "8a904daa-d08a-43f0-8762-3897bf1d3b30",
      "parentUUID": "7cd77d9b-d7cf-495f-86d8-cc25df4dd421",
      "isHook": false,
      "skipped": false
    }
  ],
  "allFailures": [],
  "copyrightYear": 2017
}